<?xml version="1.0" encoding="UTF-8" standalone="no"?>
<!DOCTYPE log SYSTEM "logger.dtd">
<log>
<record>
  <date>2012-10-19T17:13:20</date>
  <millis>1350684800546</millis>
  <sequence>0</sequence>
  <logger>org.neo4j.kernel.impl.transaction.xaframework.XaLogicalLog//home/cshou/SPADE/database/nioneo_logical.log</logger>
  <level>INFO</level>
  <class>org.neo4j.kernel.impl.transaction.xaframework.XaLogicalLog</class>
  <method>doInternalRecovery</method>
  <thread>15</thread>
  <message>Non clean shutdown detected on log [/home/cshou/SPADE/database/nioneo_logical.log.2]. Recovery started ...</message>
</record>
<record>
  <date>2012-10-19T17:13:21</date>
  <millis>1350684801327</millis>
  <sequence>1</sequence>
  <logger>org.neo4j.kernel.impl.transaction.xaframework.XaLogicalLog//home/cshou/SPADE/database/index/lucene.log</logger>
  <level>INFO</level>
  <class>org.neo4j.kernel.impl.transaction.xaframework.XaLogicalLog</class>
  <method>doInternalRecovery</method>
  <thread>15</thread>
  <message>Non clean shutdown detected on log [/home/cshou/SPADE/database/index/lucene.log.2]. Recovery started ...</message>
</record>
<record>
  <date>2012-10-19T17:13:21</date>
  <millis>1350684801927</millis>
  <sequence>2</sequence>
  <logger>org.neo4j.kernel.impl.transaction.TxManager</logger>
  <level>INFO</level>
  <class>org.neo4j.kernel.impl.transaction.TxManager</class>
  <method>init</method>
  <thread>15</thread>
  <message>Unresolved transactions found, recovery started ...</message>
</record>
<record>
  <date>2012-10-19T17:13:22</date>
  <millis>1350684802095</millis>
  <sequence>3</sequence>
  <logger>org.neo4j.kernel.impl.transaction.TxManager</logger>
  <level>INFO</level>
  <class>org.neo4j.kernel.impl.transaction.TxManager</class>
  <method>init</method>
  <thread>15</thread>
  <message>Recovery completed, all transactions have been resolved to a consistent state.</message>
</record>
<record>
  <date>2012-10-19T17:13:22</date>
  <millis>1350684802333</millis>
  <sequence>4</sequence>
  <logger>org.neo4j.server.NeoServerWithEmbeddedWebServer</logger>
  <level>INFO</level>
  <class>org.neo4j.server.logging.Logger</class>
  <method>log</method>
  <thread>15</thread>
  <message>Starting Neo Server on port [7474] with [80] threads available</message>
</record>
<record>
  <date>2012-10-19T17:13:22</date>
  <millis>1350684802367</millis>
  <sequence>5</sequence>
  <logger>org.mortbay.log</logger>
  <level>INFO</level>
  <class>org.mortbay.log.Slf4jLog</class>
  <method>info</method>
  <thread>15</thread>
  <message>Logging to org.slf4j.impl.JDK14LoggerAdapter(org.mortbay.log) via org.mortbay.log.Slf4jLog</message>
</record>
<record>
  <date>2012-10-19T17:13:22</date>
  <millis>1350684802373</millis>
  <sequence>6</sequence>
  <logger>org.neo4j.server.database.Database</logger>
  <level>INFO</level>
  <class>org.neo4j.server.logging.Logger</class>
  <method>log</method>
  <thread>15</thread>
  <message>Using database at /home/cshou/SPADE/database</message>
</record>
<record>
  <date>2012-10-19T17:13:22</date>
  <millis>1350684802376</millis>
  <sequence>7</sequence>
  <logger>org.neo4j.server.database.Database</logger>
  <level>WARNING</level>
  <class>org.neo4j.server.logging.Logger</class>
  <method>log</method>
  <thread>15</thread>
  <message>No database tuning properties set in the property file, using defaults. Please specify the performance properties file with org.neo4j.server.db.tuning.properties in the server properties file [null].</message>
</record>
<record>
  <date>2012-10-19T17:13:22</date>
  <millis>1350684802462</millis>
  <sequence>8</sequence>
  <logger>org.neo4j.server.modules.DiscoveryModule</logger>
  <level>INFO</level>
  <class>org.neo4j.server.logging.Logger</class>
  <method>log</method>
  <thread>15</thread>
  <message>Mounted discovery module at [/]</message>
</record>
<record>
  <date>2012-10-19T17:13:22</date>
  <millis>1350684802523</millis>
  <sequence>9</sequence>
  <logger>org.neo4j.server.plugins.PluginManager</logger>
  <level>INFO</level>
  <class>org.neo4j.server.logging.Logger</class>
  <method>log</method>
  <thread>15</thread>
  <message>Loaded server plugin "CypherPlugin"</message>
</record>
<record>
  <date>2012-10-19T17:13:22</date>
  <millis>1350684802527</millis>
  <sequence>10</sequence>
  <logger>org.neo4j.server.plugins.PluginManager</logger>
  <level>INFO</level>
  <class>org.neo4j.server.logging.Logger</class>
  <method>log</method>
  <thread>15</thread>
  <message>Loaded server plugin "GremlinPlugin"</message>
</record>
<record>
  <date>2012-10-19T17:13:22</date>
  <millis>1350684802529</millis>
  <sequence>11</sequence>
  <logger>org.neo4j.server.modules.RESTApiModule</logger>
  <level>INFO</level>
  <class>org.neo4j.server.logging.Logger</class>
  <method>log</method>
  <thread>15</thread>
  <message>Mounted REST API at [/db/data]</message>
</record>
<record>
  <date>2012-10-19T17:13:22</date>
  <millis>1350684802530</millis>
  <sequence>12</sequence>
  <logger>org.neo4j.server.modules.ManagementApiModule</logger>
  <level>INFO</level>
  <class>org.neo4j.server.logging.Logger</class>
  <method>log</method>
  <thread>15</thread>
  <message>Mounted management API at [/db/manage]</message>
</record>
<record>
  <date>2012-10-19T17:13:22</date>
  <millis>1350684802588</millis>
  <sequence>13</sequence>
  <logger>org.neo4j.server.modules.WebAdminModule</logger>
  <level>INFO</level>
  <class>org.neo4j.server.logging.Logger</class>
  <method>log</method>
  <thread>15</thread>
  <message>Mounted webadmin at [/webadmin]</message>
</record>
<record>
  <date>2012-10-19T17:13:22</date>
  <millis>1350684802610</millis>
  <sequence>14</sequence>
  <logger>org.neo4j.server.web.Jetty6WebServer</logger>
  <level>INFO</level>
  <class>org.neo4j.server.logging.Logger</class>
  <method>log</method>
  <thread>15</thread>
  <message>Mounting static content at [/webadmin] from [webadmin-html]</message>
</record>
<record>
  <date>2012-10-19T17:13:22</date>
  <millis>1350684802653</millis>
  <sequence>15</sequence>
  <logger>org.mortbay.log</logger>
  <level>INFO</level>
  <class>org.mortbay.log.Slf4jLog</class>
  <method>info</method>
  <thread>15</thread>
  <message>jetty-6.1.25</message>
</record>
<record>
  <date>2012-10-19T17:13:22</date>
  <millis>1350684802822</millis>
  <sequence>16</sequence>
  <logger>org.mortbay.log</logger>
  <level>INFO</level>
  <class>org.mortbay.log.Slf4jLog</class>
  <method>info</method>
  <thread>15</thread>
  <message>NO JSP Support for /webadmin, did not find org.apache.jasper.servlet.JspServlet</message>
</record>
<record>
  <date>2012-10-19T17:13:22</date>
  <millis>1350684802996</millis>
  <sequence>17</sequence>
  <logger>com.sun.jersey.api.core.PackagesResourceConfig</logger>
  <level>INFO</level>
  <class>com.sun.jersey.api.core.PackagesResourceConfig</class>
  <method>init</method>
  <thread>15</thread>
  <message>Scanning for root resource and provider classes in the packages:
  org.neo4j.server.webadmin.rest</message>
</record>
<record>
  <date>2012-10-19T17:13:23</date>
  <millis>1350684803071</millis>
  <sequence>18</sequence>
  <logger>com.sun.jersey.api.core.ScanningResourceConfig</logger>
  <level>INFO</level>
  <class>com.sun.jersey.api.core.ScanningResourceConfig</class>
  <method>logClasses</method>
  <thread>15</thread>
  <message>Root resource classes found:
  class org.neo4j.server.webadmin.rest.JmxService
  class org.neo4j.server.webadmin.rest.ConsoleService
  class org.neo4j.server.webadmin.rest.RootService
  class org.neo4j.server.webadmin.rest.MonitorService</message>
</record>
<record>
  <date>2012-10-19T17:13:23</date>
  <millis>1350684803072</millis>
  <sequence>19</sequence>
  <logger>com.sun.jersey.api.core.ScanningResourceConfig</logger>
  <level>INFO</level>
  <class>com.sun.jersey.api.core.ScanningResourceConfig</class>
  <method>init</method>
  <thread>15</thread>
  <message>No provider classes found.</message>
</record>
<record>
  <date>2012-10-19T17:13:23</date>
  <millis>1350684803172</millis>
  <sequence>20</sequence>
  <logger>com.sun.jersey.server.impl.application.WebApplicationImpl</logger>
  <level>INFO</level>
  <class>com.sun.jersey.server.impl.application.WebApplicationImpl</class>
  <method>_initiate</method>
  <thread>15</thread>
  <message>Initiating Jersey application, version 'Jersey: 1.9 09/02/2011 11:17 AM'</message>
</record>
<record>
  <date>2012-10-19T17:13:23</date>
  <millis>1350684803802</millis>
  <sequence>21</sequence>
  <logger>com.sun.jersey.api.core.PackagesResourceConfig</logger>
  <level>INFO</level>
  <class>com.sun.jersey.api.core.PackagesResourceConfig</class>
  <method>init</method>
  <thread>15</thread>
  <message>Scanning for root resource and provider classes in the packages:
  org.neo4j.server.rest.web</message>
</record>
<record>
  <date>2012-10-19T17:13:23</date>
  <millis>1350684803857</millis>
  <sequence>22</sequence>
  <logger>com.sun.jersey.api.core.ScanningResourceConfig</logger>
  <level>INFO</level>
  <class>com.sun.jersey.api.core.ScanningResourceConfig</class>
  <method>logClasses</method>
  <thread>15</thread>
  <message>Root resource classes found:
  class org.neo4j.server.rest.web.BatchOperationService
  class org.neo4j.server.rest.web.ExtensionService
  class org.neo4j.server.rest.web.DatabaseMetadataService
  class org.neo4j.server.rest.web.RestfulGraphDatabase
  class org.neo4j.server.rest.web.ResourcesService</message>
</record>
<record>
  <date>2012-10-19T17:13:23</date>
  <millis>1350684803857</millis>
  <sequence>23</sequence>
  <logger>com.sun.jersey.api.core.ScanningResourceConfig</logger>
  <level>INFO</level>
  <class>com.sun.jersey.api.core.ScanningResourceConfig</class>
  <method>logClasses</method>
  <thread>15</thread>
  <message>Provider classes found:
  class org.neo4j.server.rest.web.DatabaseBlockedExceptionMapper</message>
</record>
<record>
  <date>2012-10-19T17:13:23</date>
  <millis>1350684803861</millis>
  <sequence>24</sequence>
  <logger>com.sun.jersey.server.impl.application.WebApplicationImpl</logger>
  <level>INFO</level>
  <class>com.sun.jersey.server.impl.application.WebApplicationImpl</class>
  <method>_initiate</method>
  <thread>15</thread>
  <message>Initiating Jersey application, version 'Jersey: 1.9 09/02/2011 11:17 AM'</message>
</record>
<record>
  <date>2012-10-19T17:13:24</date>
  <millis>1350684804145</millis>
  <sequence>25</sequence>
  <logger>com.sun.jersey.api.core.PackagesResourceConfig</logger>
  <level>INFO</level>
  <class>com.sun.jersey.api.core.PackagesResourceConfig</class>
  <method>init</method>
  <thread>15</thread>
  <message>Scanning for root resource and provider classes in the packages:
  org.neo4j.server.rest.discovery</message>
</record>
<record>
  <date>2012-10-19T17:13:24</date>
  <millis>1350684804180</millis>
  <sequence>26</sequence>
  <logger>com.sun.jersey.api.core.ScanningResourceConfig</logger>
  <level>INFO</level>
  <class>com.sun.jersey.api.core.ScanningResourceConfig</class>
  <method>logClasses</method>
  <thread>15</thread>
  <message>Root resource classes found:
  class org.neo4j.server.rest.discovery.DiscoveryService</message>
</record>
<record>
  <date>2012-10-19T17:13:24</date>
  <millis>1350684804181</millis>
  <sequence>27</sequence>
  <logger>com.sun.jersey.api.core.ScanningResourceConfig</logger>
  <level>INFO</level>
  <class>com.sun.jersey.api.core.ScanningResourceConfig</class>
  <method>init</method>
  <thread>15</thread>
  <message>No provider classes found.</message>
</record>
<record>
  <date>2012-10-19T17:13:24</date>
  <millis>1350684804184</millis>
  <sequence>28</sequence>
  <logger>com.sun.jersey.server.impl.application.WebApplicationImpl</logger>
  <level>INFO</level>
  <class>com.sun.jersey.server.impl.application.WebApplicationImpl</class>
  <method>_initiate</method>
  <thread>15</thread>
  <message>Initiating Jersey application, version 'Jersey: 1.9 09/02/2011 11:17 AM'</message>
</record>
<record>
  <date>2012-10-19T17:13:24</date>
  <millis>1350684804350</millis>
  <sequence>29</sequence>
  <logger>org.mortbay.log</logger>
  <level>INFO</level>
  <class>org.mortbay.log.Slf4jLog</class>
  <method>info</method>
  <thread>15</thread>
  <message>Started SelectChannelConnector@localhost:7474</message>
</record>
<record>
  <date>2012-10-19T17:13:24</date>
  <millis>1350684804352</millis>
  <sequence>30</sequence>
  <logger>org.neo4j.server.NeoServerWithEmbeddedWebServer</logger>
  <level>INFO</level>
  <class>org.neo4j.server.logging.Logger</class>
  <method>log</method>
  <thread>15</thread>
  <message>Server started on [http://localhost:7474/]</message>
</record>
<record>
  <date>2012-10-19T17:14:46</date>
  <millis>1350684886688</millis>
  <sequence>31</sequence>
  <logger>spade.reporter.FusionFUSE</logger>
  <level>INFO</level>
  <class>spade.reporter.FusionFUSE</class>
  <method>receivefile</method>
  <thread>34</thread>
  <message>Enter RECEIVE FILE ================================</message>
</record>
<record>
  <date>2012-10-19T17:14:46</date>
  <millis>1350684886691</millis>
  <sequence>32</sequence>
  <logger>spade.reporter.FusionFUSE</logger>
  <level>INFO</level>
  <class>spade.reporter.FusionFUSE</class>
  <method>receivefile</method>
  <thread>34</thread>
  <message>Putting File vertex: type:Artifact|subtype:File|current hostaddress:192.168.1.23|filename:fusion_root|path:/home/cshou/FusionFS/fusionFS/fusion_root/|size:0|lastmodified:0|temp:true</message>
</record>
<record>
  <date>2012-10-19T17:14:46</date>
  <millis>1350684886693</millis>
  <sequence>33</sequence>
  <logger>spade.reporter.FusionFUSE</logger>
  <level>INFO</level>
  <class>spade.reporter.FusionFUSE</class>
  <method>receivefile</method>
  <thread>34</thread>
  <message>Putting Program vertex: type:Process|subtype:Program|pidname:FusionFS|hostname:hec-02|hostaddress:192.168.1.23</message>
</record>
<record>
  <date>2012-10-19T17:14:46</date>
  <millis>1350684886694</millis>
  <sequence>34</sequence>
  <logger>spade.reporter.FusionFUSE</logger>
  <level>INFO</level>
  <class>spade.reporter.FusionFUSE</class>
  <method>receivefile</method>
  <thread>34</thread>
  <message>Putting Network vertex: type:Artifact|subtype:Network|source host:192.168.1.23|source port:9000|destination host: |destination port:9000</message>
</record>
<record>
  <date>2012-10-19T17:14:46</date>
  <millis>1350684886696</millis>
  <sequence>35</sequence>
  <logger>spade.reporter.FusionFUSE</logger>
  <level>INFO</level>
  <class>spade.reporter.FusionFUSE</class>
  <method>receivefile</method>
  <thread>34</thread>
  <message>Putting Used edge: type:Used</message>
</record>
<record>
  <date>2012-10-19T17:14:46</date>
  <millis>1350684886698</millis>
  <sequence>36</sequence>
  <logger>spade.reporter.FusionFUSE</logger>
  <level>INFO</level>
  <class>spade.reporter.FusionFUSE</class>
  <method>receivefile</method>
  <thread>34</thread>
  <message>Putting Used edge: type:WasGeneratedBy</message>
</record>
<record>
  <date>2012-10-19T17:14:47</date>
  <millis>1350684887793</millis>
  <sequence>37</sequence>
  <logger>spade.reporter.FusionFUSE</logger>
  <level>INFO</level>
  <class>spade.reporter.FusionFUSE</class>
  <method>receivefile</method>
  <thread>35</thread>
  <message>Enter RECEIVE FILE ================================</message>
</record>
<record>
  <date>2012-10-19T17:14:47</date>
  <millis>1350684887795</millis>
  <sequence>38</sequence>
  <logger>spade.reporter.FusionFUSE</logger>
  <level>INFO</level>
  <class>spade.reporter.FusionFUSE</class>
  <method>receivefile</method>
  <thread>35</thread>
  <message>Putting File vertex: type:Artifact|subtype:File|current hostaddress:192.168.1.23|filename:fusion_root|path:/home/cshou/FusionFS/fusionFS/fusion_root/|size:0|lastmodified:0|temp:true</message>
</record>
<record>
  <date>2012-10-19T17:14:47</date>
  <millis>1350684887797</millis>
  <sequence>39</sequence>
  <logger>spade.reporter.FusionFUSE</logger>
  <level>INFO</level>
  <class>spade.reporter.FusionFUSE</class>
  <method>receivefile</method>
  <thread>35</thread>
  <message>Putting Program vertex: type:Process|subtype:Program|pidname:FusionFS|hostname:hec-02|hostaddress:192.168.1.23</message>
</record>
<record>
  <date>2012-10-19T17:14:47</date>
  <millis>1350684887798</millis>
  <sequence>40</sequence>
  <logger>spade.reporter.FusionFUSE</logger>
  <level>INFO</level>
  <class>spade.reporter.FusionFUSE</class>
  <method>receivefile</method>
  <thread>35</thread>
  <message>Putting Network vertex: type:Artifact|subtype:Network|source host:192.168.1.23|source port:9000|destination host: |destination port:9000</message>
</record>
<record>
  <date>2012-10-19T17:14:47</date>
  <millis>1350684887800</millis>
  <sequence>41</sequence>
  <logger>spade.reporter.FusionFUSE</logger>
  <level>INFO</level>
  <class>spade.reporter.FusionFUSE</class>
  <method>receivefile</method>
  <thread>35</thread>
  <message>Putting Used edge: type:Used</message>
</record>
<record>
  <date>2012-10-19T17:14:47</date>
  <millis>1350684887801</millis>
  <sequence>42</sequence>
  <logger>spade.reporter.FusionFUSE</logger>
  <level>INFO</level>
  <class>spade.reporter.FusionFUSE</class>
  <method>receivefile</method>
  <thread>35</thread>
  <message>Putting Used edge: type:WasGeneratedBy</message>
</record>
<record>
  <date>2012-10-19T17:16:26</date>
  <millis>1350684986651</millis>
  <sequence>43</sequence>
  <logger>spade.reporter.FusionFUSE</logger>
  <level>INFO</level>
  <class>spade.reporter.FusionFUSE</class>
  <method>receivefile</method>
  <thread>36</thread>
  <message>Enter RECEIVE FILE ================================</message>
</record>
<record>
  <date>2012-10-19T17:16:26</date>
  <millis>1350684986653</millis>
  <sequence>44</sequence>
  <logger>spade.reporter.FusionFUSE</logger>
  <level>INFO</level>
  <class>spade.reporter.FusionFUSE</class>
  <method>receivefile</method>
  <thread>36</thread>
  <message>Putting File vertex: type:Artifact|subtype:File|current hostaddress:192.168.1.23|filename:fusion_root|path:/home/cshou/FusionFS/fusionFS/fusion_root/|size:0|lastmodified:0|temp:true</message>
</record>
<record>
  <date>2012-10-19T17:16:26</date>
  <millis>1350684986655</millis>
  <sequence>45</sequence>
  <logger>spade.reporter.FusionFUSE</logger>
  <level>INFO</level>
  <class>spade.reporter.FusionFUSE</class>
  <method>receivefile</method>
  <thread>36</thread>
  <message>Putting Program vertex: type:Process|subtype:Program|pidname:FusionFS|hostname:hec-02|hostaddress:192.168.1.23</message>
</record>
<record>
  <date>2012-10-19T17:16:26</date>
  <millis>1350684986657</millis>
  <sequence>46</sequence>
  <logger>spade.reporter.FusionFUSE</logger>
  <level>INFO</level>
  <class>spade.reporter.FusionFUSE</class>
  <method>receivefile</method>
  <thread>36</thread>
  <message>Putting Network vertex: type:Artifact|subtype:Network|source host:192.168.1.23|source port:9000|destination host: www |destination port:9000</message>
</record>
<record>
  <date>2012-10-19T17:16:26</date>
  <millis>1350684986658</millis>
  <sequence>47</sequence>
  <logger>spade.reporter.FusionFUSE</logger>
  <level>INFO</level>
  <class>spade.reporter.FusionFUSE</class>
  <method>receivefile</method>
  <thread>36</thread>
  <message>Putting Used edge: type:Used</message>
</record>
<record>
  <date>2012-10-19T17:16:26</date>
  <millis>1350684986660</millis>
  <sequence>48</sequence>
  <logger>spade.reporter.FusionFUSE</logger>
  <level>INFO</level>
  <class>spade.reporter.FusionFUSE</class>
  <method>receivefile</method>
  <thread>36</thread>
  <message>Putting Used edge: type:WasGeneratedBy</message>
</record>
<record>
  <date>2012-10-19T17:16:26</date>
  <millis>1350684986777</millis>
  <sequence>49</sequence>
  <logger>spade.reporter.FusionFUSE</logger>
  <level>INFO</level>
  <class>spade.reporter.FusionFUSE</class>
  <method>receivefile</method>
  <thread>37</thread>
  <message>Enter RECEIVE FILE ================================</message>
</record>
<record>
  <date>2012-10-19T17:16:26</date>
  <millis>1350684986779</millis>
  <sequence>50</sequence>
  <logger>spade.reporter.FusionFUSE</logger>
  <level>INFO</level>
  <class>spade.reporter.FusionFUSE</class>
  <method>receivefile</method>
  <thread>37</thread>
  <message>Putting File vertex: type:Artifact|subtype:File|current hostaddress:192.168.1.23|filename:www|path:/home/cshou/FusionFS/fusionFS/fusion_root/www|size:0|lastmodified:0|temp:true</message>
</record>
<record>
  <date>2012-10-19T17:16:26</date>
  <millis>1350684986781</millis>
  <sequence>51</sequence>
  <logger>spade.reporter.FusionFUSE</logger>
  <level>INFO</level>
  <class>spade.reporter.FusionFUSE</class>
  <method>receivefile</method>
  <thread>37</thread>
  <message>Putting Program vertex: type:Process|subtype:Program|pidname:FusionFS|hostname:hec-02|hostaddress:192.168.1.23</message>
</record>
<record>
  <date>2012-10-19T17:16:26</date>
  <millis>1350684986783</millis>
  <sequence>52</sequence>
  <logger>spade.reporter.FusionFUSE</logger>
  <level>INFO</level>
  <class>spade.reporter.FusionFUSE</class>
  <method>receivefile</method>
  <thread>37</thread>
  <message>Putting Network vertex: type:Artifact|subtype:Network|source host:192.168.1.23|source port:9000|destination host:192.168.1.22|destination port:9000</message>
</record>
<record>
  <date>2012-10-19T17:16:26</date>
  <millis>1350684986784</millis>
  <sequence>53</sequence>
  <logger>spade.reporter.FusionFUSE</logger>
  <level>INFO</level>
  <class>spade.reporter.FusionFUSE</class>
  <method>receivefile</method>
  <thread>37</thread>
  <message>Putting Used edge: type:Used</message>
</record>
<record>
  <date>2012-10-19T17:16:26</date>
  <millis>1350684986786</millis>
  <sequence>54</sequence>
  <logger>spade.reporter.FusionFUSE</logger>
  <level>INFO</level>
  <class>spade.reporter.FusionFUSE</class>
  <method>receivefile</method>
  <thread>37</thread>
  <message>Putting Used edge: type:WasGeneratedBy</message>
</record>
<record>
  <date>2012-10-19T17:18:02</date>
  <millis>1350685082902</millis>
  <sequence>55</sequence>
  <logger>spade.reporter.FusionFUSE</logger>
  <level>INFO</level>
  <class>spade.reporter.FusionFUSE</class>
  <method>receivefile</method>
  <thread>38</thread>
  <message>Enter RECEIVE FILE ================================</message>
</record>
<record>
  <date>2012-10-19T17:18:02</date>
  <millis>1350685082904</millis>
  <sequence>56</sequence>
  <logger>spade.reporter.FusionFUSE</logger>
  <level>INFO</level>
  <class>spade.reporter.FusionFUSE</class>
  <method>receivefile</method>
  <thread>38</thread>
  <message>Putting File vertex: type:Artifact|subtype:File|current hostaddress:192.168.1.23|filename:fusion_root|path:/home/cshou/FusionFS/fusionFS/fusion_root/|size:0|lastmodified:0|temp:true</message>
</record>
<record>
  <date>2012-10-19T17:18:02</date>
  <millis>1350685082906</millis>
  <sequence>57</sequence>
  <logger>spade.reporter.FusionFUSE</logger>
  <level>INFO</level>
  <class>spade.reporter.FusionFUSE</class>
  <method>receivefile</method>
  <thread>38</thread>
  <message>Putting Program vertex: type:Process|subtype:Program|pidname:FusionFS|hostname:hec-02|hostaddress:192.168.1.23</message>
</record>
<record>
  <date>2012-10-19T17:18:02</date>
  <millis>1350685082907</millis>
  <sequence>58</sequence>
  <logger>spade.reporter.FusionFUSE</logger>
  <level>INFO</level>
  <class>spade.reporter.FusionFUSE</class>
  <method>receivefile</method>
  <thread>38</thread>
  <message>Putting Network vertex: type:Artifact|subtype:Network|source host:192.168.1.23|source port:9000|destination host: www |destination port:9000</message>
</record>
<record>
  <date>2012-10-19T17:18:02</date>
  <millis>1350685082909</millis>
  <sequence>59</sequence>
  <logger>spade.reporter.FusionFUSE</logger>
  <level>INFO</level>
  <class>spade.reporter.FusionFUSE</class>
  <method>receivefile</method>
  <thread>38</thread>
  <message>Putting Used edge: type:Used</message>
</record>
<record>
  <date>2012-10-19T17:18:02</date>
  <millis>1350685082911</millis>
  <sequence>60</sequence>
  <logger>spade.reporter.FusionFUSE</logger>
  <level>INFO</level>
  <class>spade.reporter.FusionFUSE</class>
  <method>receivefile</method>
  <thread>38</thread>
  <message>Putting Used edge: type:WasGeneratedBy</message>
</record>
<record>
  <date>2012-10-19T17:18:03</date>
  <millis>1350685083053</millis>
  <sequence>61</sequence>
  <logger>spade.reporter.FusionFUSE</logger>
  <level>INFO</level>
  <class>spade.reporter.FusionFUSE</class>
  <method>receivefile</method>
  <thread>39</thread>
  <message>Enter RECEIVE FILE ================================</message>
</record>
<record>
  <date>2012-10-19T17:18:03</date>
  <millis>1350685083053</millis>
  <sequence>62</sequence>
  <logger>spade.reporter.FusionFUSE</logger>
  <level>INFO</level>
  <class>spade.reporter.FusionFUSE</class>
  <method>read</method>
  <thread>40</thread>
  <message>Enter READ ================================</message>
</record>
<record>
  <date>2012-10-19T17:18:03</date>
  <millis>1350685083055</millis>
  <sequence>63</sequence>
  <logger>spade.reporter.FusionFUSE</logger>
  <level>INFO</level>
  <class>spade.reporter.FusionFUSE</class>
  <method>receivefile</method>
  <thread>39</thread>
  <message>Putting File vertex: type:Artifact|subtype:File|current hostaddress:192.168.1.23|filename:www|path:/home/cshou/FusionFS/fusionFS/fusion_root/www|size:0|lastmodified:0|temp:true</message>
</record>
<record>
  <date>2012-10-19T17:18:03</date>
  <millis>1350685083056</millis>
  <sequence>64</sequence>
  <logger>spade.reporter.FusionFUSE</logger>
  <level>INFO</level>
  <class>spade.reporter.FusionFUSE</class>
  <method>read</method>
  <thread>40</thread>
  <message>Trying to reach process with PID=27141</message>
</record>
<record>
  <date>2012-10-19T17:18:03</date>
  <millis>1350685083058</millis>
  <sequence>65</sequence>
  <logger>spade.reporter.FusionFUSE</logger>
  <level>INFO</level>
  <class>spade.reporter.FusionFUSE</class>
  <method>receivefile</method>
  <thread>39</thread>
  <message>Putting Program vertex: type:Process|subtype:Program|pidname:FusionFS|hostname:hec-02|hostaddress:192.168.1.23</message>
</record>
<record>
  <date>2012-10-19T17:18:03</date>
  <millis>1350685083067</millis>
  <sequence>66</sequence>
  <logger>spade.reporter.FusionFUSE</logger>
  <level>SEVERE</level>
  <class>spade.reporter.FusionFUSE</class>
  <method>createProgramVertex</method>
  <thread>40</thread>
  <exception>
    <message>java.io.FileNotFoundException: /proc/27141/status (No such file or directory)</message>
    <frame>
      <class>java.io.FileInputStream</class>
      <method>open</method>
    </frame>
    <frame>
      <class>java.io.FileInputStream</class>
      <method>&lt;init&gt;</method>
      <line>138</line>
    </frame>
    <frame>
      <class>java.io.FileInputStream</class>
      <method>&lt;init&gt;</method>
      <line>97</line>
    </frame>
    <frame>
      <class>java.io.FileReader</class>
      <method>&lt;init&gt;</method>
      <line>58</line>
    </frame>
    <frame>
      <class>spade.reporter.FusionFUSE</class>
      <method>createProgramVertex</method>
      <line>176</line>
    </frame>
    <frame>
      <class>spade.reporter.FusionFUSE</class>
      <method>checkProgramTree</method>
      <line>279</line>
    </frame>
    <frame>
      <class>spade.reporter.FusionFUSE</class>
      <method>read</method>
      <line>322</line>
    </frame>
  </exception>
</record>
<record>
  <date>2012-10-19T17:18:03</date>
  <millis>1350685083068</millis>
  <sequence>67</sequence>
  <logger>spade.reporter.FusionFUSE</logger>
  <level>INFO</level>
  <class>spade.reporter.FusionFUSE</class>
  <method>receivefile</method>
  <thread>39</thread>
  <message>Putting Network vertex: type:Artifact|subtype:Network|source host:192.168.1.23|source port:9000|destination host:192.168.1.22|destination port:9000</message>
</record>
<record>
  <date>2012-10-19T17:18:03</date>
  <millis>1350685083071</millis>
  <sequence>68</sequence>
  <logger>spade.reporter.FusionFUSE</logger>
  <level>INFO</level>
  <class>spade.reporter.FusionFUSE</class>
  <method>read</method>
  <thread>40</thread>
  <message>Putting File vertext: 
type:Artifact|subtype:File|filename:www|path:/home/cshou/FusionFS/fusionFS/fusion_root/www|size:0|lastmodified:0|current hostaddress:192.168.1.23|temp:true</message>
</record>
<record>
  <date>2012-10-19T17:18:03</date>
  <millis>1350685083072</millis>
  <sequence>69</sequence>
  <logger>spade.reporter.FusionFUSE</logger>
  <level>INFO</level>
  <class>spade.reporter.FusionFUSE</class>
  <method>receivefile</method>
  <thread>39</thread>
  <message>Putting Used edge: type:Used</message>
</record>
<record>
  <date>2012-10-19T17:18:03</date>
  <millis>1350685083074</millis>
  <sequence>70</sequence>
  <logger>spade.core.Buffer</logger>
  <level>WARNING</level>
  <class>spade.core.Buffer</class>
  <method>putEdge</method>
  <thread>40</thread>
  <message>Not putting edge. Source is null</message>
</record>
<record>
  <date>2012-10-19T17:18:03</date>
  <millis>1350685083076</millis>
  <sequence>71</sequence>
  <logger>spade.reporter.FusionFUSE</logger>
  <level>INFO</level>
  <class>spade.reporter.FusionFUSE</class>
  <method>receivefile</method>
  <thread>39</thread>
  <message>Putting Used edge: type:WasGeneratedBy</message>
</record>
<record>
  <date>2012-10-19T17:18:03</date>
  <millis>1350685083077</millis>
  <sequence>72</sequence>
  <logger>spade.core.Buffer</logger>
  <level>WARNING</level>
  <class>spade.core.Buffer</class>
  <method>putEdge</method>
  <thread>40</thread>
  <message>Not putting edge. End vertices are equal</message>
</record>
<record>
  <date>2012-10-19T17:18:03</date>
  <millis>1350685083080</millis>
  <sequence>73</sequence>
  <logger>spade.reporter.FusionFUSE</logger>
  <level>INFO</level>
  <class>spade.reporter.FusionFUSE</class>
  <method>read</method>
  <thread>40</thread>
  <message>Putting Used edge: 
type:Used|iotime:11|endtime:1350685083071</message>
</record>
<record>
  <date>2012-10-19T17:18:26</date>
  <millis>1350685106093</millis>
  <sequence>74</sequence>
  <logger>spade.reporter.FusionFUSE</logger>
  <level>INFO</level>
  <class>spade.reporter.FusionFUSE</class>
  <method>receivefile</method>
  <thread>42</thread>
  <message>Enter RECEIVE FILE ================================</message>
</record>
<record>
  <date>2012-10-19T17:18:26</date>
  <millis>1350685106095</millis>
  <sequence>75</sequence>
  <logger>spade.reporter.FusionFUSE</logger>
  <level>INFO</level>
  <class>spade.reporter.FusionFUSE</class>
  <method>receivefile</method>
  <thread>42</thread>
  <message>Putting File vertex: type:Artifact|subtype:File|current hostaddress:192.168.1.23|filename:fusion_root|path:/home/cshou/FusionFS/fusionFS/fusion_root/|size:0|lastmodified:0|temp:true</message>
</record>
<record>
  <date>2012-10-19T17:18:26</date>
  <millis>1350685106096</millis>
  <sequence>76</sequence>
  <logger>spade.reporter.FusionFUSE</logger>
  <level>INFO</level>
  <class>spade.reporter.FusionFUSE</class>
  <method>receivefile</method>
  <thread>42</thread>
  <message>Putting Program vertex: type:Process|subtype:Program|pidname:FusionFS|hostname:hec-02|hostaddress:192.168.1.23</message>
</record>
<record>
  <date>2012-10-19T17:18:26</date>
  <millis>1350685106097</millis>
  <sequence>77</sequence>
  <logger>spade.reporter.FusionFUSE</logger>
  <level>INFO</level>
  <class>spade.reporter.FusionFUSE</class>
  <method>receivefile</method>
  <thread>42</thread>
  <message>Putting Network vertex: type:Artifact|subtype:Network|source host:192.168.1.23|source port:9000|destination host: www |destination port:9000</message>
</record>
<record>
  <date>2012-10-19T17:18:26</date>
  <millis>1350685106099</millis>
  <sequence>78</sequence>
  <logger>spade.reporter.FusionFUSE</logger>
  <level>INFO</level>
  <class>spade.reporter.FusionFUSE</class>
  <method>receivefile</method>
  <thread>42</thread>
  <message>Putting Used edge: type:Used</message>
</record>
<record>
  <date>2012-10-19T17:18:26</date>
  <millis>1350685106101</millis>
  <sequence>79</sequence>
  <logger>spade.reporter.FusionFUSE</logger>
  <level>INFO</level>
  <class>spade.reporter.FusionFUSE</class>
  <method>receivefile</method>
  <thread>42</thread>
  <message>Putting Used edge: type:WasGeneratedBy</message>
</record>
</log>
