<?xml version="1.0" encoding="UTF-8" standalone="no"?>
<!DOCTYPE log SYSTEM "logger.dtd">
<log>
<record>
  <date>2012-10-17T19:08:26</date>
  <millis>1350518906521</millis>
  <sequence>0</sequence>
  <logger>spade.core.Kernel</logger>
  <level>SEVERE</level>
  <class>spade.core.Kernel</class>
  <method>configCommand</method>
  <thread>15</thread>
  <exception>
    <message>java.io.FileNotFoundException: ../../cfg/spade.config (No such file or directory)</message>
    <frame>
      <class>java.io.FileInputStream</class>
      <method>open</method>
    </frame>
    <frame>
      <class>java.io.FileInputStream</class>
      <method>&lt;init&gt;</method>
      <line>138</line>
    </frame>
    <frame>
      <class>java.io.FileInputStream</class>
      <method>&lt;init&gt;</method>
      <line>97</line>
    </frame>
    <frame>
      <class>java.io.FileReader</class>
      <method>&lt;init&gt;</method>
      <line>58</line>
    </frame>
    <frame>
      <class>spade.core.Kernel</class>
      <method>configCommand</method>
      <line>539</line>
    </frame>
    <frame>
      <class>spade.core.Kernel</class>
      <method>main</method>
      <line>423</line>
    </frame>
    <frame>
      <class>sun.reflect.NativeMethodAccessorImpl</class>
      <method>invoke0</method>
    </frame>
    <frame>
      <class>sun.reflect.NativeMethodAccessorImpl</class>
      <method>invoke</method>
      <line>57</line>
    </frame>
    <frame>
      <class>sun.reflect.DelegatingMethodAccessorImpl</class>
      <method>invoke</method>
      <line>43</line>
    </frame>
    <frame>
      <class>java.lang.reflect.Method</class>
      <method>invoke</method>
      <line>601</line>
    </frame>
    <frame>
      <class>org.tanukisoftware.wrapper.WrapperSimpleApp</class>
      <method>run</method>
      <line>290</line>
    </frame>
    <frame>
      <class>java.lang.Thread</class>
      <method>run</method>
      <line>722</line>
    </frame>
  </exception>
</record>
</log>
