<?xml version="1.0" encoding="UTF-8" standalone="no"?>
<!DOCTYPE log SYSTEM "logger.dtd">
<log>
<record>
  <date>2012-10-19T11:44:08</date>
  <millis>1350665048146</millis>
  <sequence>0</sequence>
  <logger>org.neo4j.kernel.impl.transaction.xaframework.XaLogicalLog//home/cshou/SPADE/database/nioneo_logical.log</logger>
  <level>INFO</level>
  <class>org.neo4j.kernel.impl.transaction.xaframework.XaLogicalLog</class>
  <method>doInternalRecovery</method>
  <thread>15</thread>
  <message>Non clean shutdown detected on log [/home/cshou/SPADE/database/nioneo_logical.log.2]. Recovery started ...</message>
</record>
<record>
  <date>2012-10-19T11:44:08</date>
  <millis>1350665048943</millis>
  <sequence>1</sequence>
  <logger>org.neo4j.kernel.impl.transaction.xaframework.XaLogicalLog//home/cshou/SPADE/database/index/lucene.log</logger>
  <level>INFO</level>
  <class>org.neo4j.kernel.impl.transaction.xaframework.XaLogicalLog</class>
  <method>doInternalRecovery</method>
  <thread>15</thread>
  <message>Non clean shutdown detected on log [/home/cshou/SPADE/database/index/lucene.log.2]. Recovery started ...</message>
</record>
<record>
  <date>2012-10-19T11:44:09</date>
  <millis>1350665049502</millis>
  <sequence>2</sequence>
  <logger>org.neo4j.kernel.impl.transaction.TxManager</logger>
  <level>INFO</level>
  <class>org.neo4j.kernel.impl.transaction.TxManager</class>
  <method>init</method>
  <thread>15</thread>
  <message>Unresolved transactions found, recovery started ...</message>
</record>
<record>
  <date>2012-10-19T11:44:09</date>
  <millis>1350665049569</millis>
  <sequence>3</sequence>
  <logger>org.neo4j.kernel.impl.transaction.TxManager</logger>
  <level>INFO</level>
  <class>org.neo4j.kernel.impl.transaction.TxManager</class>
  <method>init</method>
  <thread>15</thread>
  <message>Recovery completed, all transactions have been resolved to a consistent state.</message>
</record>
<record>
  <date>2012-10-19T11:44:09</date>
  <millis>1350665049765</millis>
  <sequence>4</sequence>
  <logger>org.neo4j.server.NeoServerWithEmbeddedWebServer</logger>
  <level>INFO</level>
  <class>org.neo4j.server.logging.Logger</class>
  <method>log</method>
  <thread>15</thread>
  <message>Starting Neo Server on port [7474] with [80] threads available</message>
</record>
<record>
  <date>2012-10-19T11:44:09</date>
  <millis>1350665049788</millis>
  <sequence>5</sequence>
  <logger>org.mortbay.log</logger>
  <level>INFO</level>
  <class>org.mortbay.log.Slf4jLog</class>
  <method>info</method>
  <thread>15</thread>
  <message>Logging to org.slf4j.impl.JDK14LoggerAdapter(org.mortbay.log) via org.mortbay.log.Slf4jLog</message>
</record>
<record>
  <date>2012-10-19T11:44:09</date>
  <millis>1350665049792</millis>
  <sequence>6</sequence>
  <logger>org.neo4j.server.database.Database</logger>
  <level>INFO</level>
  <class>org.neo4j.server.logging.Logger</class>
  <method>log</method>
  <thread>15</thread>
  <message>Using database at /home/cshou/SPADE/database</message>
</record>
<record>
  <date>2012-10-19T11:44:09</date>
  <millis>1350665049795</millis>
  <sequence>7</sequence>
  <logger>org.neo4j.server.database.Database</logger>
  <level>WARNING</level>
  <class>org.neo4j.server.logging.Logger</class>
  <method>log</method>
  <thread>15</thread>
  <message>No database tuning properties set in the property file, using defaults. Please specify the performance properties file with org.neo4j.server.db.tuning.properties in the server properties file [null].</message>
</record>
<record>
  <date>2012-10-19T11:44:09</date>
  <millis>1350665049818</millis>
  <sequence>8</sequence>
  <logger>org.neo4j.server.modules.DiscoveryModule</logger>
  <level>INFO</level>
  <class>org.neo4j.server.logging.Logger</class>
  <method>log</method>
  <thread>15</thread>
  <message>Mounted discovery module at [/]</message>
</record>
<record>
  <date>2012-10-19T11:44:09</date>
  <millis>1350665049886</millis>
  <sequence>9</sequence>
  <logger>org.neo4j.server.plugins.PluginManager</logger>
  <level>INFO</level>
  <class>org.neo4j.server.logging.Logger</class>
  <method>log</method>
  <thread>15</thread>
  <message>Loaded server plugin "CypherPlugin"</message>
</record>
<record>
  <date>2012-10-19T11:44:09</date>
  <millis>1350665049889</millis>
  <sequence>10</sequence>
  <logger>org.neo4j.server.plugins.PluginManager</logger>
  <level>INFO</level>
  <class>org.neo4j.server.logging.Logger</class>
  <method>log</method>
  <thread>15</thread>
  <message>Loaded server plugin "GremlinPlugin"</message>
</record>
<record>
  <date>2012-10-19T11:44:09</date>
  <millis>1350665049890</millis>
  <sequence>11</sequence>
  <logger>org.neo4j.server.modules.RESTApiModule</logger>
  <level>INFO</level>
  <class>org.neo4j.server.logging.Logger</class>
  <method>log</method>
  <thread>15</thread>
  <message>Mounted REST API at [/db/data]</message>
</record>
<record>
  <date>2012-10-19T11:44:09</date>
  <millis>1350665049891</millis>
  <sequence>12</sequence>
  <logger>org.neo4j.server.modules.ManagementApiModule</logger>
  <level>INFO</level>
  <class>org.neo4j.server.logging.Logger</class>
  <method>log</method>
  <thread>15</thread>
  <message>Mounted management API at [/db/manage]</message>
</record>
<record>
  <date>2012-10-19T11:44:09</date>
  <millis>1350665049936</millis>
  <sequence>13</sequence>
  <logger>org.neo4j.server.modules.WebAdminModule</logger>
  <level>INFO</level>
  <class>org.neo4j.server.logging.Logger</class>
  <method>log</method>
  <thread>15</thread>
  <message>Mounted webadmin at [/webadmin]</message>
</record>
<record>
  <date>2012-10-19T11:44:09</date>
  <millis>1350665049953</millis>
  <sequence>14</sequence>
  <logger>org.neo4j.server.web.Jetty6WebServer</logger>
  <level>INFO</level>
  <class>org.neo4j.server.logging.Logger</class>
  <method>log</method>
  <thread>15</thread>
  <message>Mounting static content at [/webadmin] from [webadmin-html]</message>
</record>
<record>
  <date>2012-10-19T11:44:10</date>
  <millis>1350665050023</millis>
  <sequence>15</sequence>
  <logger>org.mortbay.log</logger>
  <level>INFO</level>
  <class>org.mortbay.log.Slf4jLog</class>
  <method>info</method>
  <thread>15</thread>
  <message>jetty-6.1.25</message>
</record>
<record>
  <date>2012-10-19T11:44:10</date>
  <millis>1350665050154</millis>
  <sequence>16</sequence>
  <logger>org.mortbay.log</logger>
  <level>INFO</level>
  <class>org.mortbay.log.Slf4jLog</class>
  <method>info</method>
  <thread>15</thread>
  <message>NO JSP Support for /webadmin, did not find org.apache.jasper.servlet.JspServlet</message>
</record>
<record>
  <date>2012-10-19T11:44:10</date>
  <millis>1350665050332</millis>
  <sequence>17</sequence>
  <logger>com.sun.jersey.api.core.PackagesResourceConfig</logger>
  <level>INFO</level>
  <class>com.sun.jersey.api.core.PackagesResourceConfig</class>
  <method>init</method>
  <thread>15</thread>
  <message>Scanning for root resource and provider classes in the packages:
  org.neo4j.server.webadmin.rest</message>
</record>
<record>
  <date>2012-10-19T11:44:10</date>
  <millis>1350665050409</millis>
  <sequence>18</sequence>
  <logger>com.sun.jersey.api.core.ScanningResourceConfig</logger>
  <level>INFO</level>
  <class>com.sun.jersey.api.core.ScanningResourceConfig</class>
  <method>logClasses</method>
  <thread>15</thread>
  <message>Root resource classes found:
  class org.neo4j.server.webadmin.rest.ConsoleService
  class org.neo4j.server.webadmin.rest.MonitorService
  class org.neo4j.server.webadmin.rest.RootService
  class org.neo4j.server.webadmin.rest.JmxService</message>
</record>
<record>
  <date>2012-10-19T11:44:10</date>
  <millis>1350665050410</millis>
  <sequence>19</sequence>
  <logger>com.sun.jersey.api.core.ScanningResourceConfig</logger>
  <level>INFO</level>
  <class>com.sun.jersey.api.core.ScanningResourceConfig</class>
  <method>init</method>
  <thread>15</thread>
  <message>No provider classes found.</message>
</record>
<record>
  <date>2012-10-19T11:44:10</date>
  <millis>1350665050513</millis>
  <sequence>20</sequence>
  <logger>com.sun.jersey.server.impl.application.WebApplicationImpl</logger>
  <level>INFO</level>
  <class>com.sun.jersey.server.impl.application.WebApplicationImpl</class>
  <method>_initiate</method>
  <thread>15</thread>
  <message>Initiating Jersey application, version 'Jersey: 1.9 09/02/2011 11:17 AM'</message>
</record>
<record>
  <date>2012-10-19T11:44:11</date>
  <millis>1350665051101</millis>
  <sequence>21</sequence>
  <logger>com.sun.jersey.api.core.PackagesResourceConfig</logger>
  <level>INFO</level>
  <class>com.sun.jersey.api.core.PackagesResourceConfig</class>
  <method>init</method>
  <thread>15</thread>
  <message>Scanning for root resource and provider classes in the packages:
  org.neo4j.server.rest.web</message>
</record>
<record>
  <date>2012-10-19T11:44:11</date>
  <millis>1350665051206</millis>
  <sequence>22</sequence>
  <logger>com.sun.jersey.api.core.ScanningResourceConfig</logger>
  <level>INFO</level>
  <class>com.sun.jersey.api.core.ScanningResourceConfig</class>
  <method>logClasses</method>
  <thread>15</thread>
  <message>Root resource classes found:
  class org.neo4j.server.rest.web.ResourcesService
  class org.neo4j.server.rest.web.ExtensionService
  class org.neo4j.server.rest.web.DatabaseMetadataService
  class org.neo4j.server.rest.web.BatchOperationService
  class org.neo4j.server.rest.web.RestfulGraphDatabase</message>
</record>
<record>
  <date>2012-10-19T11:44:11</date>
  <millis>1350665051207</millis>
  <sequence>23</sequence>
  <logger>com.sun.jersey.api.core.ScanningResourceConfig</logger>
  <level>INFO</level>
  <class>com.sun.jersey.api.core.ScanningResourceConfig</class>
  <method>logClasses</method>
  <thread>15</thread>
  <message>Provider classes found:
  class org.neo4j.server.rest.web.DatabaseBlockedExceptionMapper</message>
</record>
<record>
  <date>2012-10-19T11:44:11</date>
  <millis>1350665051210</millis>
  <sequence>24</sequence>
  <logger>com.sun.jersey.server.impl.application.WebApplicationImpl</logger>
  <level>INFO</level>
  <class>com.sun.jersey.server.impl.application.WebApplicationImpl</class>
  <method>_initiate</method>
  <thread>15</thread>
  <message>Initiating Jersey application, version 'Jersey: 1.9 09/02/2011 11:17 AM'</message>
</record>
<record>
  <date>2012-10-19T11:44:11</date>
  <millis>1350665051551</millis>
  <sequence>25</sequence>
  <logger>com.sun.jersey.api.core.PackagesResourceConfig</logger>
  <level>INFO</level>
  <class>com.sun.jersey.api.core.PackagesResourceConfig</class>
  <method>init</method>
  <thread>15</thread>
  <message>Scanning for root resource and provider classes in the packages:
  org.neo4j.server.rest.discovery</message>
</record>
<record>
  <date>2012-10-19T11:44:11</date>
  <millis>1350665051586</millis>
  <sequence>26</sequence>
  <logger>com.sun.jersey.api.core.ScanningResourceConfig</logger>
  <level>INFO</level>
  <class>com.sun.jersey.api.core.ScanningResourceConfig</class>
  <method>logClasses</method>
  <thread>15</thread>
  <message>Root resource classes found:
  class org.neo4j.server.rest.discovery.DiscoveryService</message>
</record>
<record>
  <date>2012-10-19T11:44:11</date>
  <millis>1350665051587</millis>
  <sequence>27</sequence>
  <logger>com.sun.jersey.api.core.ScanningResourceConfig</logger>
  <level>INFO</level>
  <class>com.sun.jersey.api.core.ScanningResourceConfig</class>
  <method>init</method>
  <thread>15</thread>
  <message>No provider classes found.</message>
</record>
<record>
  <date>2012-10-19T11:44:11</date>
  <millis>1350665051590</millis>
  <sequence>28</sequence>
  <logger>com.sun.jersey.server.impl.application.WebApplicationImpl</logger>
  <level>INFO</level>
  <class>com.sun.jersey.server.impl.application.WebApplicationImpl</class>
  <method>_initiate</method>
  <thread>15</thread>
  <message>Initiating Jersey application, version 'Jersey: 1.9 09/02/2011 11:17 AM'</message>
</record>
<record>
  <date>2012-10-19T11:44:11</date>
  <millis>1350665051745</millis>
  <sequence>29</sequence>
  <logger>org.mortbay.log</logger>
  <level>INFO</level>
  <class>org.mortbay.log.Slf4jLog</class>
  <method>info</method>
  <thread>15</thread>
  <message>Started SelectChannelConnector@localhost:7474</message>
</record>
<record>
  <date>2012-10-19T11:44:11</date>
  <millis>1350665051746</millis>
  <sequence>30</sequence>
  <logger>org.neo4j.server.NeoServerWithEmbeddedWebServer</logger>
  <level>INFO</level>
  <class>org.neo4j.server.logging.Logger</class>
  <method>log</method>
  <thread>15</thread>
  <message>Server started on [http://localhost:7474/]</message>
</record>
<record>
  <date>2012-10-19T11:46:58</date>
  <millis>1350665218017</millis>
  <sequence>31</sequence>
  <logger>spade.reporter.FusionFUSE</logger>
  <level>INFO</level>
  <class>spade.reporter.FusionFUSE</class>
  <method>receivefile</method>
  <thread>33</thread>
  <message>Enter RECEIVE FILE ================================</message>
</record>
<record>
  <date>2012-10-19T11:46:58</date>
  <millis>1350665218020</millis>
  <sequence>32</sequence>
  <logger>spade.reporter.FusionFUSE</logger>
  <level>INFO</level>
  <class>spade.reporter.FusionFUSE</class>
  <method>receivefile</method>
  <thread>33</thread>
  <message>Putting File vertex: type:Artifact|subtype:File|original hostaddress:192.168.1.22|current hostaddress:192.168.1.23|filename:hello|path:/home/cshou/FusionFS/fusionFS/fusion_root/hello|istemp:true</message>
</record>
<record>
  <date>2012-10-19T11:46:58</date>
  <millis>1350665218022</millis>
  <sequence>33</sequence>
  <logger>spade.reporter.FusionFUSE</logger>
  <level>INFO</level>
  <class>spade.reporter.FusionFUSE</class>
  <method>receivefile</method>
  <thread>33</thread>
  <message>Putting Program vertex: type:Process|subtype:Program|pidname:FusionFS|hostname:hec-02|hostaddress:192.168.1.23</message>
</record>
<record>
  <date>2012-10-19T11:46:58</date>
  <millis>1350665218024</millis>
  <sequence>34</sequence>
  <logger>spade.reporter.FusionFUSE</logger>
  <level>INFO</level>
  <class>spade.reporter.FusionFUSE</class>
  <method>receivefile</method>
  <thread>33</thread>
  <message>Putting Network vertex: type:Artifact|subtype:Network|source host:192.168.1.23|source port:9000|destination host:192.168.1.22|destination port:9000</message>
</record>
<record>
  <date>2012-10-19T11:46:58</date>
  <millis>1350665218026</millis>
  <sequence>35</sequence>
  <logger>spade.reporter.FusionFUSE</logger>
  <level>INFO</level>
  <class>spade.reporter.FusionFUSE</class>
  <method>receivefile</method>
  <thread>33</thread>
  <message>Putting Used edge: type:Used</message>
</record>
<record>
  <date>2012-10-19T11:46:58</date>
  <millis>1350665218027</millis>
  <sequence>36</sequence>
  <logger>spade.reporter.FusionFUSE</logger>
  <level>INFO</level>
  <class>spade.reporter.FusionFUSE</class>
  <method>receivefile</method>
  <thread>33</thread>
  <message>Putting Used edge: type:WasGeneratedBy</message>
</record>
<record>
  <date>2012-10-19T11:47:34</date>
  <millis>1350665254667</millis>
  <sequence>37</sequence>
  <logger>spade.reporter.FusionFUSE</logger>
  <level>INFO</level>
  <class>spade.reporter.FusionFUSE</class>
  <method>receivefile</method>
  <thread>34</thread>
  <message>Enter RECEIVE FILE ================================</message>
</record>
<record>
  <date>2012-10-19T11:47:34</date>
  <millis>1350665254668</millis>
  <sequence>38</sequence>
  <logger>spade.reporter.FusionFUSE</logger>
  <level>INFO</level>
  <class>spade.reporter.FusionFUSE</class>
  <method>read</method>
  <thread>35</thread>
  <message>Enter READ ================================</message>
</record>
<record>
  <date>2012-10-19T11:47:34</date>
  <millis>1350665254670</millis>
  <sequence>39</sequence>
  <logger>spade.reporter.FusionFUSE</logger>
  <level>INFO</level>
  <class>spade.reporter.FusionFUSE</class>
  <method>receivefile</method>
  <thread>34</thread>
  <message>Putting File vertex: type:Artifact|subtype:File|original hostaddress:192.168.1.22|current hostaddress:192.168.1.23|filename:hello|path:/home/cshou/FusionFS/fusionFS/fusion_root/hello|istemp:true</message>
</record>
<record>
  <date>2012-10-19T11:47:34</date>
  <millis>1350665254672</millis>
  <sequence>40</sequence>
  <logger>spade.reporter.FusionFUSE</logger>
  <level>INFO</level>
  <class>spade.reporter.FusionFUSE</class>
  <method>read</method>
  <thread>35</thread>
  <message>Trying to reach process with PID=24116</message>
</record>
<record>
  <date>2012-10-19T11:47:34</date>
  <millis>1350665254673</millis>
  <sequence>41</sequence>
  <logger>spade.reporter.FusionFUSE</logger>
  <level>INFO</level>
  <class>spade.reporter.FusionFUSE</class>
  <method>receivefile</method>
  <thread>34</thread>
  <message>Putting Program vertex: type:Process|subtype:Program|pidname:FusionFS|hostname:hec-02|hostaddress:192.168.1.23</message>
</record>
<record>
  <date>2012-10-19T11:47:34</date>
  <millis>1350665254676</millis>
  <sequence>42</sequence>
  <logger>spade.reporter.FusionFUSE</logger>
  <level>SEVERE</level>
  <class>spade.reporter.FusionFUSE</class>
  <method>createProgramVertex</method>
  <thread>35</thread>
  <exception>
    <message>java.io.FileNotFoundException: /proc/24116/status (No such file or directory)</message>
    <frame>
      <class>java.io.FileInputStream</class>
      <method>open</method>
    </frame>
    <frame>
      <class>java.io.FileInputStream</class>
      <method>&lt;init&gt;</method>
      <line>138</line>
    </frame>
    <frame>
      <class>java.io.FileInputStream</class>
      <method>&lt;init&gt;</method>
      <line>97</line>
    </frame>
    <frame>
      <class>java.io.FileReader</class>
      <method>&lt;init&gt;</method>
      <line>58</line>
    </frame>
    <frame>
      <class>spade.reporter.FusionFUSE</class>
      <method>createProgramVertex</method>
      <line>176</line>
    </frame>
    <frame>
      <class>spade.reporter.FusionFUSE</class>
      <method>checkProgramTree</method>
      <line>279</line>
    </frame>
    <frame>
      <class>spade.reporter.FusionFUSE</class>
      <method>read</method>
      <line>322</line>
    </frame>
  </exception>
</record>
<record>
  <date>2012-10-19T11:47:34</date>
  <millis>1350665254682</millis>
  <sequence>44</sequence>
  <logger>spade.reporter.FusionFUSE</logger>
  <level>INFO</level>
  <class>spade.reporter.FusionFUSE</class>
  <method>read</method>
  <thread>35</thread>
  <message>Putting File vertext: 
type:Artifact|subtype:File|hostaddress:192.168.1.23|filename:hello|path:/home/cshou/FusionFS/fusionFS/fusion_root/hello|size:0|lastmodified_unix:0|lastmodified_simple:Wed Dec 31 18:00:00 1969</message>
</record>
<record>
  <date>2012-10-19T11:47:34</date>
  <millis>1350665254677</millis>
  <sequence>43</sequence>
  <logger>spade.reporter.FusionFUSE</logger>
  <level>INFO</level>
  <class>spade.reporter.FusionFUSE</class>
  <method>receivefile</method>
  <thread>34</thread>
  <message>Putting Network vertex: type:Artifact|subtype:Network|source host:192.168.1.23|source port:9000|destination host:192.168.1.22|destination port:9000</message>
</record>
<record>
  <date>2012-10-19T11:47:34</date>
  <millis>1350665254684</millis>
  <sequence>45</sequence>
  <logger>spade.core.Buffer</logger>
  <level>WARNING</level>
  <class>spade.core.Buffer</class>
  <method>putEdge</method>
  <thread>35</thread>
  <message>Not putting edge. Source is null</message>
</record>
<record>
  <date>2012-10-19T11:47:34</date>
  <millis>1350665254684</millis>
  <sequence>46</sequence>
  <logger>spade.reporter.FusionFUSE</logger>
  <level>INFO</level>
  <class>spade.reporter.FusionFUSE</class>
  <method>receivefile</method>
  <thread>34</thread>
  <message>Putting Used edge: type:Used</message>
</record>
<record>
  <date>2012-10-19T11:47:34</date>
  <millis>1350665254686</millis>
  <sequence>47</sequence>
  <logger>spade.core.Buffer</logger>
  <level>WARNING</level>
  <class>spade.core.Buffer</class>
  <method>putEdge</method>
  <thread>35</thread>
  <message>Not putting edge. End vertices are equal</message>
</record>
<record>
  <date>2012-10-19T11:47:34</date>
  <millis>1350665254687</millis>
  <sequence>48</sequence>
  <logger>spade.reporter.FusionFUSE</logger>
  <level>INFO</level>
  <class>spade.reporter.FusionFUSE</class>
  <method>receivefile</method>
  <thread>34</thread>
  <message>Putting Used edge: type:WasGeneratedBy</message>
</record>
<record>
  <date>2012-10-19T11:47:34</date>
  <millis>1350665254689</millis>
  <sequence>49</sequence>
  <logger>spade.reporter.FusionFUSE</logger>
  <level>INFO</level>
  <class>spade.reporter.FusionFUSE</class>
  <method>read</method>
  <thread>35</thread>
  <message>Putting Used edge: 
type:Used|iotime:11|endtime:1350665254681</message>
</record>
</log>
