<?xml version="1.0" encoding="UTF-8" standalone="no"?>
<!DOCTYPE log SYSTEM "logger.dtd">
<log>
<record>
  <date>2012-10-16T13:47:08</date>
  <millis>1350413228650</millis>
  <sequence>0</sequence>
  <logger>org.neo4j.server.NeoServerWithEmbeddedWebServer</logger>
  <level>INFO</level>
  <class>org.neo4j.server.logging.Logger</class>
  <method>log</method>
  <thread>22</thread>
  <message>Starting Neo Server on port [7474] with [80] threads available</message>
</record>
<record>
  <date>2012-10-16T13:47:08</date>
  <millis>1350413228688</millis>
  <sequence>1</sequence>
  <logger>org.mortbay.log</logger>
  <level>INFO</level>
  <class>org.mortbay.log.Slf4jLog</class>
  <method>info</method>
  <thread>22</thread>
  <message>Logging to org.slf4j.impl.JDK14LoggerAdapter(org.mortbay.log) via org.mortbay.log.Slf4jLog</message>
</record>
<record>
  <date>2012-10-16T13:47:08</date>
  <millis>1350413228694</millis>
  <sequence>2</sequence>
  <logger>org.neo4j.server.database.Database</logger>
  <level>INFO</level>
  <class>org.neo4j.server.logging.Logger</class>
  <method>log</method>
  <thread>22</thread>
  <message>Using database at /home/cshou/SPADE/database</message>
</record>
<record>
  <date>2012-10-16T13:47:08</date>
  <millis>1350413228698</millis>
  <sequence>3</sequence>
  <logger>org.neo4j.server.database.Database</logger>
  <level>WARNING</level>
  <class>org.neo4j.server.logging.Logger</class>
  <method>log</method>
  <thread>22</thread>
  <message>No database tuning properties set in the property file, using defaults. Please specify the performance properties file with org.neo4j.server.db.tuning.properties in the server properties file [null].</message>
</record>
<record>
  <date>2012-10-16T13:47:08</date>
  <millis>1350413228781</millis>
  <sequence>4</sequence>
  <logger>org.neo4j.server.modules.DiscoveryModule</logger>
  <level>INFO</level>
  <class>org.neo4j.server.logging.Logger</class>
  <method>log</method>
  <thread>22</thread>
  <message>Mounted discovery module at [/]</message>
</record>
<record>
  <date>2012-10-16T13:47:08</date>
  <millis>1350413228852</millis>
  <sequence>5</sequence>
  <logger>org.neo4j.server.plugins.PluginManager</logger>
  <level>INFO</level>
  <class>org.neo4j.server.logging.Logger</class>
  <method>log</method>
  <thread>22</thread>
  <message>Loaded server plugin "CypherPlugin"</message>
</record>
<record>
  <date>2012-10-16T13:47:08</date>
  <millis>1350413228856</millis>
  <sequence>6</sequence>
  <logger>org.neo4j.server.plugins.PluginManager</logger>
  <level>INFO</level>
  <class>org.neo4j.server.logging.Logger</class>
  <method>log</method>
  <thread>22</thread>
  <message>Loaded server plugin "GremlinPlugin"</message>
</record>
<record>
  <date>2012-10-16T13:47:08</date>
  <millis>1350413228858</millis>
  <sequence>7</sequence>
  <logger>org.neo4j.server.modules.RESTApiModule</logger>
  <level>INFO</level>
  <class>org.neo4j.server.logging.Logger</class>
  <method>log</method>
  <thread>22</thread>
  <message>Mounted REST API at [/db/data]</message>
</record>
<record>
  <date>2012-10-16T13:47:08</date>
  <millis>1350413228860</millis>
  <sequence>8</sequence>
  <logger>org.neo4j.server.modules.ManagementApiModule</logger>
  <level>INFO</level>
  <class>org.neo4j.server.logging.Logger</class>
  <method>log</method>
  <thread>22</thread>
  <message>Mounted management API at [/db/manage]</message>
</record>
<record>
  <date>2012-10-16T13:47:08</date>
  <millis>1350413228943</millis>
  <sequence>9</sequence>
  <logger>org.neo4j.server.modules.WebAdminModule</logger>
  <level>INFO</level>
  <class>org.neo4j.server.logging.Logger</class>
  <method>log</method>
  <thread>22</thread>
  <message>Mounted webadmin at [/webadmin]</message>
</record>
<record>
  <date>2012-10-16T13:47:08</date>
  <millis>1350413228968</millis>
  <sequence>10</sequence>
  <logger>org.neo4j.server.web.Jetty6WebServer</logger>
  <level>INFO</level>
  <class>org.neo4j.server.logging.Logger</class>
  <method>log</method>
  <thread>22</thread>
  <message>Mounting static content at [/webadmin] from [webadmin-html]</message>
</record>
<record>
  <date>2012-10-16T13:47:09</date>
  <millis>1350413229010</millis>
  <sequence>11</sequence>
  <logger>org.mortbay.log</logger>
  <level>INFO</level>
  <class>org.mortbay.log.Slf4jLog</class>
  <method>info</method>
  <thread>22</thread>
  <message>jetty-6.1.25</message>
</record>
<record>
  <date>2012-10-16T13:47:09</date>
  <millis>1350413229137</millis>
  <sequence>12</sequence>
  <logger>org.mortbay.log</logger>
  <level>INFO</level>
  <class>org.mortbay.log.Slf4jLog</class>
  <method>info</method>
  <thread>22</thread>
  <message>NO JSP Support for /webadmin, did not find org.apache.jasper.servlet.JspServlet</message>
</record>
<record>
  <date>2012-10-16T13:47:09</date>
  <millis>1350413229310</millis>
  <sequence>13</sequence>
  <logger>com.sun.jersey.api.core.PackagesResourceConfig</logger>
  <level>INFO</level>
  <class>com.sun.jersey.api.core.PackagesResourceConfig</class>
  <method>init</method>
  <thread>22</thread>
  <message>Scanning for root resource and provider classes in the packages:
  org.neo4j.server.webadmin.rest</message>
</record>
<record>
  <date>2012-10-16T13:47:09</date>
  <millis>1350413229389</millis>
  <sequence>14</sequence>
  <logger>com.sun.jersey.api.core.ScanningResourceConfig</logger>
  <level>INFO</level>
  <class>com.sun.jersey.api.core.ScanningResourceConfig</class>
  <method>logClasses</method>
  <thread>22</thread>
  <message>Root resource classes found:
  class org.neo4j.server.webadmin.rest.ConsoleService
  class org.neo4j.server.webadmin.rest.JmxService
  class org.neo4j.server.webadmin.rest.RootService
  class org.neo4j.server.webadmin.rest.MonitorService</message>
</record>
<record>
  <date>2012-10-16T13:47:09</date>
  <millis>1350413229390</millis>
  <sequence>15</sequence>
  <logger>com.sun.jersey.api.core.ScanningResourceConfig</logger>
  <level>INFO</level>
  <class>com.sun.jersey.api.core.ScanningResourceConfig</class>
  <method>init</method>
  <thread>22</thread>
  <message>No provider classes found.</message>
</record>
<record>
  <date>2012-10-16T13:47:09</date>
  <millis>1350413229517</millis>
  <sequence>16</sequence>
  <logger>com.sun.jersey.server.impl.application.WebApplicationImpl</logger>
  <level>INFO</level>
  <class>com.sun.jersey.server.impl.application.WebApplicationImpl</class>
  <method>_initiate</method>
  <thread>22</thread>
  <message>Initiating Jersey application, version 'Jersey: 1.9 09/02/2011 11:17 AM'</message>
</record>
<record>
  <date>2012-10-16T13:47:10</date>
  <millis>1350413230360</millis>
  <sequence>17</sequence>
  <logger>com.sun.jersey.api.core.PackagesResourceConfig</logger>
  <level>INFO</level>
  <class>com.sun.jersey.api.core.PackagesResourceConfig</class>
  <method>init</method>
  <thread>22</thread>
  <message>Scanning for root resource and provider classes in the packages:
  org.neo4j.server.rest.web</message>
</record>
<record>
  <date>2012-10-16T13:47:10</date>
  <millis>1350413230449</millis>
  <sequence>18</sequence>
  <logger>com.sun.jersey.api.core.ScanningResourceConfig</logger>
  <level>INFO</level>
  <class>com.sun.jersey.api.core.ScanningResourceConfig</class>
  <method>logClasses</method>
  <thread>22</thread>
  <message>Root resource classes found:
  class org.neo4j.server.rest.web.ResourcesService
  class org.neo4j.server.rest.web.DatabaseMetadataService
  class org.neo4j.server.rest.web.BatchOperationService
  class org.neo4j.server.rest.web.ExtensionService
  class org.neo4j.server.rest.web.RestfulGraphDatabase</message>
</record>
<record>
  <date>2012-10-16T13:47:10</date>
  <millis>1350413230450</millis>
  <sequence>19</sequence>
  <logger>com.sun.jersey.api.core.ScanningResourceConfig</logger>
  <level>INFO</level>
  <class>com.sun.jersey.api.core.ScanningResourceConfig</class>
  <method>logClasses</method>
  <thread>22</thread>
  <message>Provider classes found:
  class org.neo4j.server.rest.web.DatabaseBlockedExceptionMapper</message>
</record>
<record>
  <date>2012-10-16T13:47:10</date>
  <millis>1350413230453</millis>
  <sequence>20</sequence>
  <logger>com.sun.jersey.server.impl.application.WebApplicationImpl</logger>
  <level>INFO</level>
  <class>com.sun.jersey.server.impl.application.WebApplicationImpl</class>
  <method>_initiate</method>
  <thread>22</thread>
  <message>Initiating Jersey application, version 'Jersey: 1.9 09/02/2011 11:17 AM'</message>
</record>
<record>
  <date>2012-10-16T13:47:10</date>
  <millis>1350413230723</millis>
  <sequence>21</sequence>
  <logger>com.sun.jersey.api.core.PackagesResourceConfig</logger>
  <level>INFO</level>
  <class>com.sun.jersey.api.core.PackagesResourceConfig</class>
  <method>init</method>
  <thread>22</thread>
  <message>Scanning for root resource and provider classes in the packages:
  org.neo4j.server.rest.discovery</message>
</record>
<record>
  <date>2012-10-16T13:47:10</date>
  <millis>1350413230759</millis>
  <sequence>22</sequence>
  <logger>com.sun.jersey.api.core.ScanningResourceConfig</logger>
  <level>INFO</level>
  <class>com.sun.jersey.api.core.ScanningResourceConfig</class>
  <method>logClasses</method>
  <thread>22</thread>
  <message>Root resource classes found:
  class org.neo4j.server.rest.discovery.DiscoveryService</message>
</record>
<record>
  <date>2012-10-16T13:47:10</date>
  <millis>1350413230760</millis>
  <sequence>23</sequence>
  <logger>com.sun.jersey.api.core.ScanningResourceConfig</logger>
  <level>INFO</level>
  <class>com.sun.jersey.api.core.ScanningResourceConfig</class>
  <method>init</method>
  <thread>22</thread>
  <message>No provider classes found.</message>
</record>
<record>
  <date>2012-10-16T13:47:10</date>
  <millis>1350413230763</millis>
  <sequence>24</sequence>
  <logger>com.sun.jersey.server.impl.application.WebApplicationImpl</logger>
  <level>INFO</level>
  <class>com.sun.jersey.server.impl.application.WebApplicationImpl</class>
  <method>_initiate</method>
  <thread>22</thread>
  <message>Initiating Jersey application, version 'Jersey: 1.9 09/02/2011 11:17 AM'</message>
</record>
<record>
  <date>2012-10-16T13:47:10</date>
  <millis>1350413230945</millis>
  <sequence>25</sequence>
  <logger>org.mortbay.log</logger>
  <level>INFO</level>
  <class>org.mortbay.log.Slf4jLog</class>
  <method>info</method>
  <thread>22</thread>
  <message>Started SelectChannelConnector@localhost:7474</message>
</record>
<record>
  <date>2012-10-16T13:47:10</date>
  <millis>1350413230947</millis>
  <sequence>26</sequence>
  <logger>org.neo4j.server.NeoServerWithEmbeddedWebServer</logger>
  <level>INFO</level>
  <class>org.neo4j.server.logging.Logger</class>
  <method>log</method>
  <thread>22</thread>
  <message>Server started on [http://localhost:7474/]</message>
</record>
<record>
  <date>2012-10-16T13:48:18</date>
  <millis>1350413298390</millis>
  <sequence>27</sequence>
  <logger>spade.core.Query</logger>
  <level>WARNING</level>
  <class>spade.core.Query</class>
  <method>transformNetworkBoundaries</method>
  <thread>35</thread>
  <exception>
    <message>java.lang.NullPointerException</message>
    <frame>
      <class>spade.core.Query</class>
      <method>transformNetworkBoundaries</method>
      <line>836</line>
    </frame>
    <frame>
      <class>spade.core.Query</class>
      <method>executeQuery</method>
      <line>260</line>
    </frame>
    <frame>
      <class>spade.core.Kernel</class>
      <method>queryCommand</method>
      <line>604</line>
    </frame>
    <frame>
      <class>spade.core.LocalQueryConnection</class>
      <method>run</method>
      <line>1282</line>
    </frame>
    <frame>
      <class>java.lang.Thread</class>
      <method>run</method>
      <line>722</line>
    </frame>
  </exception>
</record>
<record>
  <date>2012-10-16T13:56:13</date>
  <millis>1350413773127</millis>
  <sequence>28</sequence>
  <logger>spade.reporter.FusionFUSE</logger>
  <level>INFO</level>
  <class>spade.reporter.FusionFUSE</class>
  <method>receivefile</method>
  <thread>37</thread>
  <message>Enter RECEIVE FILE ================================</message>
</record>
<record>
  <date>2012-10-16T13:56:13</date>
  <millis>1350413773130</millis>
  <sequence>29</sequence>
  <logger>spade.reporter.FusionFUSE</logger>
  <level>INFO</level>
  <class>spade.reporter.FusionFUSE</class>
  <method>receivefile</method>
  <thread>37</thread>
  <message>Putting net process: type:Process|subtype:NetworkProc|source host:192.168.1.22|destination host:192.168.1.23|source path:/home/cshou/FusionFS/fusionFS/fusion_root/newtest|destination path:/home/cshou/FusionFS/fusionFS/fusion_root/newtest</message>
</record>
<record>
  <date>2012-10-16T13:56:13</date>
  <millis>1350413773131</millis>
  <sequence>30</sequence>
  <logger>spade.reporter.FusionFUSE</logger>
  <level>INFO</level>
  <class>spade.reporter.FusionFUSE</class>
  <method>read</method>
  <thread>38</thread>
  <message>Enter READ ================================</message>
</record>
<record>
  <date>2012-10-16T13:56:13</date>
  <millis>1350413773132</millis>
  <sequence>31</sequence>
  <logger>spade.reporter.FusionFUSE</logger>
  <level>INFO</level>
  <class>spade.reporter.FusionFUSE</class>
  <method>receivefile</method>
  <thread>37</thread>
  <message>Putting file vertex:type:Artifact|subtype:File|hostaddress:192.168.1.23|filename:newtest|path:/home/cshou/FusionFS/fusionFS/fusion_root/newtest|size:0|lastmodified_unix:0|lastmodified_simple:Wed Dec 31 18:00:00 1969</message>
</record>
<record>
  <date>2012-10-16T13:56:13</date>
  <millis>1350413773133</millis>
  <sequence>32</sequence>
  <logger>spade.reporter.FusionFUSE</logger>
  <level>INFO</level>
  <class>spade.reporter.FusionFUSE</class>
  <method>read</method>
  <thread>38</thread>
  <message>Trying to reach process with PID=14041</message>
</record>
<record>
  <date>2012-10-16T13:56:13</date>
  <millis>1350413773135</millis>
  <sequence>33</sequence>
  <logger>spade.reporter.FusionFUSE</logger>
  <level>INFO</level>
  <class>spade.reporter.FusionFUSE</class>
  <method>receivefile</method>
  <thread>37</thread>
  <message>Putting generated edge: type:WasGeneratedBy</message>
</record>
<record>
  <date>2012-10-16T13:56:13</date>
  <millis>1350413773137</millis>
  <sequence>34</sequence>
  <logger>spade.reporter.FusionFUSE</logger>
  <level>SEVERE</level>
  <class>spade.reporter.FusionFUSE</class>
  <method>createProgramVertex</method>
  <thread>38</thread>
  <exception>
    <message>java.io.FileNotFoundException: /proc/14041/status (No such file or directory)</message>
    <frame>
      <class>java.io.FileInputStream</class>
      <method>open</method>
    </frame>
    <frame>
      <class>java.io.FileInputStream</class>
      <method>&lt;init&gt;</method>
      <line>138</line>
    </frame>
    <frame>
      <class>java.io.FileInputStream</class>
      <method>&lt;init&gt;</method>
      <line>97</line>
    </frame>
    <frame>
      <class>java.io.FileReader</class>
      <method>&lt;init&gt;</method>
      <line>58</line>
    </frame>
    <frame>
      <class>spade.reporter.FusionFUSE</class>
      <method>createProgramVertex</method>
      <line>177</line>
    </frame>
    <frame>
      <class>spade.reporter.FusionFUSE</class>
      <method>checkProgramTree</method>
      <line>280</line>
    </frame>
    <frame>
      <class>spade.reporter.FusionFUSE</class>
      <method>read</method>
      <line>323</line>
    </frame>
  </exception>
</record>
<record>
  <date>2012-10-16T13:56:13</date>
  <millis>1350413773141</millis>
  <sequence>35</sequence>
  <logger>spade.reporter.FusionFUSE</logger>
  <level>INFO</level>
  <class>spade.reporter.FusionFUSE</class>
  <method>read</method>
  <thread>38</thread>
  <message>Putting File vertext: 
type:Artifact|subtype:File|hostaddress:192.168.1.23|filename:newtest|path:/newtest|size:0|lastmodified_unix:0|lastmodified_simple:Wed Dec 31 18:00:00 1969</message>
</record>
<record>
  <date>2012-10-16T13:56:13</date>
  <millis>1350413773144</millis>
  <sequence>36</sequence>
  <logger>spade.core.Buffer</logger>
  <level>WARNING</level>
  <class>spade.core.Buffer</class>
  <method>putEdge</method>
  <thread>38</thread>
  <message>Not putting edge. Source is null</message>
</record>
<record>
  <date>2012-10-16T13:56:13</date>
  <millis>1350413773145</millis>
  <sequence>37</sequence>
  <logger>spade.core.Buffer</logger>
  <level>WARNING</level>
  <class>spade.core.Buffer</class>
  <method>putEdge</method>
  <thread>38</thread>
  <message>Not putting edge. End vertices are equal</message>
</record>
<record>
  <date>2012-10-16T13:56:13</date>
  <millis>1350413773147</millis>
  <sequence>38</sequence>
  <logger>spade.reporter.FusionFUSE</logger>
  <level>INFO</level>
  <class>spade.reporter.FusionFUSE</class>
  <method>read</method>
  <thread>38</thread>
  <message>Putting Used edge: 
type:Used|iotime:8|endtime:1350413773141</message>
</record>
</log>
