<?xml version="1.0" encoding="UTF-8" standalone="no"?>
<!DOCTYPE log SYSTEM "logger.dtd">
<log>
<record>
  <date>2012-10-19T18:27:03</date>
  <millis>1350689223713</millis>
  <sequence>0</sequence>
  <logger>org.neo4j.kernel.impl.transaction.xaframework.XaLogicalLog//home/cshou/SPADE/database/nioneo_logical.log</logger>
  <level>INFO</level>
  <class>org.neo4j.kernel.impl.transaction.xaframework.XaLogicalLog</class>
  <method>doInternalRecovery</method>
  <thread>15</thread>
  <message>Non clean shutdown detected on log [/home/cshou/SPADE/database/nioneo_logical.log.1]. Recovery started ...</message>
</record>
<record>
  <date>2012-10-19T18:27:04</date>
  <millis>1350689224479</millis>
  <sequence>1</sequence>
  <logger>org.neo4j.kernel.impl.transaction.xaframework.XaLogicalLog//home/cshou/SPADE/database/index/lucene.log</logger>
  <level>INFO</level>
  <class>org.neo4j.kernel.impl.transaction.xaframework.XaLogicalLog</class>
  <method>doInternalRecovery</method>
  <thread>15</thread>
  <message>Non clean shutdown detected on log [/home/cshou/SPADE/database/index/lucene.log.1]. Recovery started ...</message>
</record>
<record>
  <date>2012-10-19T18:27:05</date>
  <millis>1350689225041</millis>
  <sequence>2</sequence>
  <logger>org.neo4j.kernel.impl.transaction.TxManager</logger>
  <level>INFO</level>
  <class>org.neo4j.kernel.impl.transaction.TxManager</class>
  <method>init</method>
  <thread>15</thread>
  <message>Unresolved transactions found, recovery started ...</message>
</record>
<record>
  <date>2012-10-19T18:27:05</date>
  <millis>1350689225107</millis>
  <sequence>3</sequence>
  <logger>org.neo4j.kernel.impl.transaction.TxManager</logger>
  <level>INFO</level>
  <class>org.neo4j.kernel.impl.transaction.TxManager</class>
  <method>init</method>
  <thread>15</thread>
  <message>Recovery completed, all transactions have been resolved to a consistent state.</message>
</record>
<record>
  <date>2012-10-19T18:27:05</date>
  <millis>1350689225284</millis>
  <sequence>4</sequence>
  <logger>org.neo4j.server.NeoServerWithEmbeddedWebServer</logger>
  <level>INFO</level>
  <class>org.neo4j.server.logging.Logger</class>
  <method>log</method>
  <thread>15</thread>
  <message>Starting Neo Server on port [7474] with [80] threads available</message>
</record>
<record>
  <date>2012-10-19T18:27:05</date>
  <millis>1350689225308</millis>
  <sequence>5</sequence>
  <logger>org.mortbay.log</logger>
  <level>INFO</level>
  <class>org.mortbay.log.Slf4jLog</class>
  <method>info</method>
  <thread>15</thread>
  <message>Logging to org.slf4j.impl.JDK14LoggerAdapter(org.mortbay.log) via org.mortbay.log.Slf4jLog</message>
</record>
<record>
  <date>2012-10-19T18:27:05</date>
  <millis>1350689225312</millis>
  <sequence>6</sequence>
  <logger>org.neo4j.server.database.Database</logger>
  <level>INFO</level>
  <class>org.neo4j.server.logging.Logger</class>
  <method>log</method>
  <thread>15</thread>
  <message>Using database at /home/cshou/SPADE/database</message>
</record>
<record>
  <date>2012-10-19T18:27:05</date>
  <millis>1350689225315</millis>
  <sequence>7</sequence>
  <logger>org.neo4j.server.database.Database</logger>
  <level>WARNING</level>
  <class>org.neo4j.server.logging.Logger</class>
  <method>log</method>
  <thread>15</thread>
  <message>No database tuning properties set in the property file, using defaults. Please specify the performance properties file with org.neo4j.server.db.tuning.properties in the server properties file [null].</message>
</record>
<record>
  <date>2012-10-19T18:27:05</date>
  <millis>1350689225341</millis>
  <sequence>8</sequence>
  <logger>org.neo4j.server.modules.DiscoveryModule</logger>
  <level>INFO</level>
  <class>org.neo4j.server.logging.Logger</class>
  <method>log</method>
  <thread>15</thread>
  <message>Mounted discovery module at [/]</message>
</record>
<record>
  <date>2012-10-19T18:27:05</date>
  <millis>1350689225414</millis>
  <sequence>9</sequence>
  <logger>org.neo4j.server.plugins.PluginManager</logger>
  <level>INFO</level>
  <class>org.neo4j.server.logging.Logger</class>
  <method>log</method>
  <thread>15</thread>
  <message>Loaded server plugin "CypherPlugin"</message>
</record>
<record>
  <date>2012-10-19T18:27:05</date>
  <millis>1350689225417</millis>
  <sequence>10</sequence>
  <logger>org.neo4j.server.plugins.PluginManager</logger>
  <level>INFO</level>
  <class>org.neo4j.server.logging.Logger</class>
  <method>log</method>
  <thread>15</thread>
  <message>Loaded server plugin "GremlinPlugin"</message>
</record>
<record>
  <date>2012-10-19T18:27:05</date>
  <millis>1350689225419</millis>
  <sequence>11</sequence>
  <logger>org.neo4j.server.modules.RESTApiModule</logger>
  <level>INFO</level>
  <class>org.neo4j.server.logging.Logger</class>
  <method>log</method>
  <thread>15</thread>
  <message>Mounted REST API at [/db/data]</message>
</record>
<record>
  <date>2012-10-19T18:27:05</date>
  <millis>1350689225420</millis>
  <sequence>12</sequence>
  <logger>org.neo4j.server.modules.ManagementApiModule</logger>
  <level>INFO</level>
  <class>org.neo4j.server.logging.Logger</class>
  <method>log</method>
  <thread>15</thread>
  <message>Mounted management API at [/db/manage]</message>
</record>
<record>
  <date>2012-10-19T18:27:05</date>
  <millis>1350689225473</millis>
  <sequence>13</sequence>
  <logger>org.neo4j.server.modules.WebAdminModule</logger>
  <level>INFO</level>
  <class>org.neo4j.server.logging.Logger</class>
  <method>log</method>
  <thread>15</thread>
  <message>Mounted webadmin at [/webadmin]</message>
</record>
<record>
  <date>2012-10-19T18:27:05</date>
  <millis>1350689225490</millis>
  <sequence>14</sequence>
  <logger>org.neo4j.server.web.Jetty6WebServer</logger>
  <level>INFO</level>
  <class>org.neo4j.server.logging.Logger</class>
  <method>log</method>
  <thread>15</thread>
  <message>Mounting static content at [/webadmin] from [webadmin-html]</message>
</record>
<record>
  <date>2012-10-19T18:27:05</date>
  <millis>1350689225521</millis>
  <sequence>15</sequence>
  <logger>org.mortbay.log</logger>
  <level>INFO</level>
  <class>org.mortbay.log.Slf4jLog</class>
  <method>info</method>
  <thread>15</thread>
  <message>jetty-6.1.25</message>
</record>
<record>
  <date>2012-10-19T18:27:05</date>
  <millis>1350689225665</millis>
  <sequence>16</sequence>
  <logger>org.mortbay.log</logger>
  <level>INFO</level>
  <class>org.mortbay.log.Slf4jLog</class>
  <method>info</method>
  <thread>15</thread>
  <message>NO JSP Support for /webadmin, did not find org.apache.jasper.servlet.JspServlet</message>
</record>
<record>
  <date>2012-10-19T18:27:05</date>
  <millis>1350689225943</millis>
  <sequence>17</sequence>
  <logger>com.sun.jersey.api.core.PackagesResourceConfig</logger>
  <level>INFO</level>
  <class>com.sun.jersey.api.core.PackagesResourceConfig</class>
  <method>init</method>
  <thread>15</thread>
  <message>Scanning for root resource and provider classes in the packages:
  org.neo4j.server.webadmin.rest</message>
</record>
<record>
  <date>2012-10-19T18:27:06</date>
  <millis>1350689226019</millis>
  <sequence>18</sequence>
  <logger>com.sun.jersey.api.core.ScanningResourceConfig</logger>
  <level>INFO</level>
  <class>com.sun.jersey.api.core.ScanningResourceConfig</class>
  <method>logClasses</method>
  <thread>15</thread>
  <message>Root resource classes found:
  class org.neo4j.server.webadmin.rest.ConsoleService
  class org.neo4j.server.webadmin.rest.JmxService
  class org.neo4j.server.webadmin.rest.RootService
  class org.neo4j.server.webadmin.rest.MonitorService</message>
</record>
<record>
  <date>2012-10-19T18:27:06</date>
  <millis>1350689226020</millis>
  <sequence>19</sequence>
  <logger>com.sun.jersey.api.core.ScanningResourceConfig</logger>
  <level>INFO</level>
  <class>com.sun.jersey.api.core.ScanningResourceConfig</class>
  <method>init</method>
  <thread>15</thread>
  <message>No provider classes found.</message>
</record>
<record>
  <date>2012-10-19T18:27:06</date>
  <millis>1350689226119</millis>
  <sequence>20</sequence>
  <logger>com.sun.jersey.server.impl.application.WebApplicationImpl</logger>
  <level>INFO</level>
  <class>com.sun.jersey.server.impl.application.WebApplicationImpl</class>
  <method>_initiate</method>
  <thread>15</thread>
  <message>Initiating Jersey application, version 'Jersey: 1.9 09/02/2011 11:17 AM'</message>
</record>
<record>
  <date>2012-10-19T18:27:06</date>
  <millis>1350689226707</millis>
  <sequence>21</sequence>
  <logger>com.sun.jersey.api.core.PackagesResourceConfig</logger>
  <level>INFO</level>
  <class>com.sun.jersey.api.core.PackagesResourceConfig</class>
  <method>init</method>
  <thread>15</thread>
  <message>Scanning for root resource and provider classes in the packages:
  org.neo4j.server.rest.web</message>
</record>
<record>
  <date>2012-10-19T18:27:06</date>
  <millis>1350689226841</millis>
  <sequence>22</sequence>
  <logger>com.sun.jersey.api.core.ScanningResourceConfig</logger>
  <level>INFO</level>
  <class>com.sun.jersey.api.core.ScanningResourceConfig</class>
  <method>logClasses</method>
  <thread>15</thread>
  <message>Root resource classes found:
  class org.neo4j.server.rest.web.DatabaseMetadataService
  class org.neo4j.server.rest.web.ExtensionService
  class org.neo4j.server.rest.web.ResourcesService
  class org.neo4j.server.rest.web.RestfulGraphDatabase
  class org.neo4j.server.rest.web.BatchOperationService</message>
</record>
<record>
  <date>2012-10-19T18:27:06</date>
  <millis>1350689226842</millis>
  <sequence>23</sequence>
  <logger>com.sun.jersey.api.core.ScanningResourceConfig</logger>
  <level>INFO</level>
  <class>com.sun.jersey.api.core.ScanningResourceConfig</class>
  <method>logClasses</method>
  <thread>15</thread>
  <message>Provider classes found:
  class org.neo4j.server.rest.web.DatabaseBlockedExceptionMapper</message>
</record>
<record>
  <date>2012-10-19T18:27:06</date>
  <millis>1350689226845</millis>
  <sequence>24</sequence>
  <logger>com.sun.jersey.server.impl.application.WebApplicationImpl</logger>
  <level>INFO</level>
  <class>com.sun.jersey.server.impl.application.WebApplicationImpl</class>
  <method>_initiate</method>
  <thread>15</thread>
  <message>Initiating Jersey application, version 'Jersey: 1.9 09/02/2011 11:17 AM'</message>
</record>
<record>
  <date>2012-10-19T18:27:07</date>
  <millis>1350689227136</millis>
  <sequence>25</sequence>
  <logger>com.sun.jersey.api.core.PackagesResourceConfig</logger>
  <level>INFO</level>
  <class>com.sun.jersey.api.core.PackagesResourceConfig</class>
  <method>init</method>
  <thread>15</thread>
  <message>Scanning for root resource and provider classes in the packages:
  org.neo4j.server.rest.discovery</message>
</record>
<record>
  <date>2012-10-19T18:27:07</date>
  <millis>1350689227172</millis>
  <sequence>26</sequence>
  <logger>com.sun.jersey.api.core.ScanningResourceConfig</logger>
  <level>INFO</level>
  <class>com.sun.jersey.api.core.ScanningResourceConfig</class>
  <method>logClasses</method>
  <thread>15</thread>
  <message>Root resource classes found:
  class org.neo4j.server.rest.discovery.DiscoveryService</message>
</record>
<record>
  <date>2012-10-19T18:27:07</date>
  <millis>1350689227173</millis>
  <sequence>27</sequence>
  <logger>com.sun.jersey.api.core.ScanningResourceConfig</logger>
  <level>INFO</level>
  <class>com.sun.jersey.api.core.ScanningResourceConfig</class>
  <method>init</method>
  <thread>15</thread>
  <message>No provider classes found.</message>
</record>
<record>
  <date>2012-10-19T18:27:07</date>
  <millis>1350689227176</millis>
  <sequence>28</sequence>
  <logger>com.sun.jersey.server.impl.application.WebApplicationImpl</logger>
  <level>INFO</level>
  <class>com.sun.jersey.server.impl.application.WebApplicationImpl</class>
  <method>_initiate</method>
  <thread>15</thread>
  <message>Initiating Jersey application, version 'Jersey: 1.9 09/02/2011 11:17 AM'</message>
</record>
<record>
  <date>2012-10-19T18:27:07</date>
  <millis>1350689227358</millis>
  <sequence>29</sequence>
  <logger>org.mortbay.log</logger>
  <level>INFO</level>
  <class>org.mortbay.log.Slf4jLog</class>
  <method>info</method>
  <thread>15</thread>
  <message>Started SelectChannelConnector@localhost:7474</message>
</record>
<record>
  <date>2012-10-19T18:27:07</date>
  <millis>1350689227360</millis>
  <sequence>30</sequence>
  <logger>org.neo4j.server.NeoServerWithEmbeddedWebServer</logger>
  <level>INFO</level>
  <class>org.neo4j.server.logging.Logger</class>
  <method>log</method>
  <thread>15</thread>
  <message>Server started on [http://localhost:7474/]</message>
</record>
<record>
  <date>2012-10-19T18:28:43</date>
  <millis>1350689323518</millis>
  <sequence>31</sequence>
  <logger>spade.reporter.FusionFUSE</logger>
  <level>INFO</level>
  <class>spade.reporter.FusionFUSE</class>
  <method>receivefile</method>
  <thread>34</thread>
  <message>Enter RECEIVE FILE ================================</message>
</record>
<record>
  <date>2012-10-19T18:28:43</date>
  <millis>1350689323520</millis>
  <sequence>32</sequence>
  <logger>spade.reporter.FusionFUSE</logger>
  <level>INFO</level>
  <class>spade.reporter.FusionFUSE</class>
  <method>receivefile</method>
  <thread>34</thread>
  <message>Putting File vertex: type:Artifact|subtype:File|current hostaddress:192.168.1.23|filename:final|path:/home/cshou/FusionFS/fusionFS/fusion_root/final|size:14|lastmodified:Fri Oct 19 18:28:43 2012
|temp:true</message>
</record>
<record>
  <date>2012-10-19T18:28:43</date>
  <millis>1350689323522</millis>
  <sequence>33</sequence>
  <logger>spade.reporter.FusionFUSE</logger>
  <level>INFO</level>
  <class>spade.reporter.FusionFUSE</class>
  <method>receivefile</method>
  <thread>34</thread>
  <message>Putting Program vertex: type:Process|subtype:Program|pidname:FusionFS|hostname:hec-02|hostaddress:192.168.1.23</message>
</record>
<record>
  <date>2012-10-19T18:28:43</date>
  <millis>1350689323524</millis>
  <sequence>34</sequence>
  <logger>spade.reporter.FusionFUSE</logger>
  <level>INFO</level>
  <class>spade.reporter.FusionFUSE</class>
  <method>receivefile</method>
  <thread>34</thread>
  <message>Putting Network vertex: type:Artifact|subtype:Network|source host:192.168.1.23|source port:9000|destination host:192.168.1.22|destination port:9000</message>
</record>
<record>
  <date>2012-10-19T18:28:43</date>
  <millis>1350689323526</millis>
  <sequence>35</sequence>
  <logger>spade.reporter.FusionFUSE</logger>
  <level>INFO</level>
  <class>spade.reporter.FusionFUSE</class>
  <method>receivefile</method>
  <thread>34</thread>
  <message>Putting Used edge: type:Used</message>
</record>
<record>
  <date>2012-10-19T18:28:43</date>
  <millis>1350689323527</millis>
  <sequence>36</sequence>
  <logger>spade.reporter.FusionFUSE</logger>
  <level>INFO</level>
  <class>spade.reporter.FusionFUSE</class>
  <method>receivefile</method>
  <thread>34</thread>
  <message>Putting Used edge: type:WasGeneratedBy</message>
</record>
<record>
  <date>2012-10-19T18:29:19</date>
  <millis>1350689359815</millis>
  <sequence>37</sequence>
  <logger>spade.reporter.FusionFUSE</logger>
  <level>INFO</level>
  <class>spade.reporter.FusionFUSE</class>
  <method>receivefile</method>
  <thread>35</thread>
  <message>Enter RECEIVE FILE ================================</message>
</record>
<record>
  <date>2012-10-19T18:29:19</date>
  <millis>1350689359815</millis>
  <sequence>38</sequence>
  <logger>spade.reporter.FusionFUSE</logger>
  <level>INFO</level>
  <class>spade.reporter.FusionFUSE</class>
  <method>read</method>
  <thread>36</thread>
  <message>Enter READ ================================</message>
</record>
<record>
  <date>2012-10-19T18:29:19</date>
  <millis>1350689359817</millis>
  <sequence>39</sequence>
  <logger>spade.reporter.FusionFUSE</logger>
  <level>INFO</level>
  <class>spade.reporter.FusionFUSE</class>
  <method>receivefile</method>
  <thread>35</thread>
  <message>Putting File vertex: type:Artifact|subtype:File|current hostaddress:192.168.1.23|filename:final|path:/home/cshou/FusionFS/fusionFS/fusion_root/final|size:14|lastmodified:Fri Oct 19 18:29:19 2012
|temp:true</message>
</record>
<record>
  <date>2012-10-19T18:29:19</date>
  <millis>1350689359818</millis>
  <sequence>40</sequence>
  <logger>spade.reporter.FusionFUSE</logger>
  <level>INFO</level>
  <class>spade.reporter.FusionFUSE</class>
  <method>read</method>
  <thread>36</thread>
  <message>Trying to reach process with PID=28012</message>
</record>
<record>
  <date>2012-10-19T18:29:19</date>
  <millis>1350689359820</millis>
  <sequence>41</sequence>
  <logger>spade.reporter.FusionFUSE</logger>
  <level>INFO</level>
  <class>spade.reporter.FusionFUSE</class>
  <method>receivefile</method>
  <thread>35</thread>
  <message>Putting Program vertex: type:Process|subtype:Program|pidname:FusionFS|hostname:hec-02|hostaddress:192.168.1.23</message>
</record>
<record>
  <date>2012-10-19T18:29:19</date>
  <millis>1350689359822</millis>
  <sequence>42</sequence>
  <logger>spade.reporter.FusionFUSE</logger>
  <level>SEVERE</level>
  <class>spade.reporter.FusionFUSE</class>
  <method>createProgramVertex</method>
  <thread>36</thread>
  <exception>
    <message>java.io.FileNotFoundException: /proc/28012/status (No such file or directory)</message>
    <frame>
      <class>java.io.FileInputStream</class>
      <method>open</method>
    </frame>
    <frame>
      <class>java.io.FileInputStream</class>
      <method>&lt;init&gt;</method>
      <line>138</line>
    </frame>
    <frame>
      <class>java.io.FileInputStream</class>
      <method>&lt;init&gt;</method>
      <line>97</line>
    </frame>
    <frame>
      <class>java.io.FileReader</class>
      <method>&lt;init&gt;</method>
      <line>58</line>
    </frame>
    <frame>
      <class>spade.reporter.FusionFUSE</class>
      <method>createProgramVertex</method>
      <line>176</line>
    </frame>
    <frame>
      <class>spade.reporter.FusionFUSE</class>
      <method>checkProgramTree</method>
      <line>279</line>
    </frame>
    <frame>
      <class>spade.reporter.FusionFUSE</class>
      <method>read</method>
      <line>322</line>
    </frame>
  </exception>
</record>
<record>
  <date>2012-10-19T18:29:19</date>
  <millis>1350689359823</millis>
  <sequence>43</sequence>
  <logger>spade.reporter.FusionFUSE</logger>
  <level>INFO</level>
  <class>spade.reporter.FusionFUSE</class>
  <method>receivefile</method>
  <thread>35</thread>
  <message>Putting Network vertex: type:Artifact|subtype:Network|source host:192.168.1.23|source port:9000|destination host:192.168.1.22|destination port:9000</message>
</record>
<record>
  <date>2012-10-19T18:29:19</date>
  <millis>1350689359827</millis>
  <sequence>44</sequence>
  <logger>spade.reporter.FusionFUSE</logger>
  <level>INFO</level>
  <class>spade.reporter.FusionFUSE</class>
  <method>read</method>
  <thread>36</thread>
  <message>Putting File vertext: 
type:Artifact|subtype:File|filename:final|path:/home/cshou/FusionFS/fusionFS/fusion_root/final|size:14|lastmodified:Fri Oct 19 18:29:19 2012
|current hostaddress:192.168.1.23|temp:true</message>
</record>
<record>
  <date>2012-10-19T18:29:19</date>
  <millis>1350689359828</millis>
  <sequence>45</sequence>
  <logger>spade.reporter.FusionFUSE</logger>
  <level>INFO</level>
  <class>spade.reporter.FusionFUSE</class>
  <method>receivefile</method>
  <thread>35</thread>
  <message>Putting Used edge: type:Used</message>
</record>
<record>
  <date>2012-10-19T18:29:19</date>
  <millis>1350689359830</millis>
  <sequence>46</sequence>
  <logger>spade.core.Buffer</logger>
  <level>WARNING</level>
  <class>spade.core.Buffer</class>
  <method>putEdge</method>
  <thread>36</thread>
  <message>Not putting edge. Source is null</message>
</record>
<record>
  <date>2012-10-19T18:29:19</date>
  <millis>1350689359831</millis>
  <sequence>47</sequence>
  <logger>spade.reporter.FusionFUSE</logger>
  <level>INFO</level>
  <class>spade.reporter.FusionFUSE</class>
  <method>receivefile</method>
  <thread>35</thread>
  <message>Putting Used edge: type:WasGeneratedBy</message>
</record>
<record>
  <date>2012-10-19T18:29:19</date>
  <millis>1350689359834</millis>
  <sequence>48</sequence>
  <logger>spade.core.Buffer</logger>
  <level>WARNING</level>
  <class>spade.core.Buffer</class>
  <method>putEdge</method>
  <thread>36</thread>
  <message>Not putting edge. End vertices are equal</message>
</record>
<record>
  <date>2012-10-19T18:29:19</date>
  <millis>1350689359837</millis>
  <sequence>49</sequence>
  <logger>spade.reporter.FusionFUSE</logger>
  <level>INFO</level>
  <class>spade.reporter.FusionFUSE</class>
  <method>read</method>
  <thread>36</thread>
  <message>Putting Used edge: 
type:Used|iotime:11|endtime:1350689359827</message>
</record>
<record>
  <date>2012-10-19T18:29:57</date>
  <millis>1350689397767</millis>
  <sequence>50</sequence>
  <logger>spade.reporter.FusionFUSE</logger>
  <level>INFO</level>
  <class>spade.reporter.FusionFUSE</class>
  <method>receivefile</method>
  <thread>37</thread>
  <message>Enter RECEIVE FILE ================================</message>
</record>
<record>
  <date>2012-10-19T18:29:57</date>
  <millis>1350689397769</millis>
  <sequence>51</sequence>
  <logger>spade.reporter.FusionFUSE</logger>
  <level>INFO</level>
  <class>spade.reporter.FusionFUSE</class>
  <method>receivefile</method>
  <thread>37</thread>
  <message>Putting File vertex: type:Artifact|subtype:File|current hostaddress:192.168.1.23|filename:final|path:/home/cshou/FusionFS/fusionFS/fusion_root/final|size:14|lastmodified:Fri Oct 19 18:29:57 2012
|temp:true</message>
</record>
<record>
  <date>2012-10-19T18:29:57</date>
  <millis>1350689397771</millis>
  <sequence>52</sequence>
  <logger>spade.reporter.FusionFUSE</logger>
  <level>INFO</level>
  <class>spade.reporter.FusionFUSE</class>
  <method>receivefile</method>
  <thread>37</thread>
  <message>Putting Program vertex: type:Process|subtype:Program|pidname:FusionFS|hostname:hec-02|hostaddress:192.168.1.23</message>
</record>
<record>
  <date>2012-10-19T18:29:57</date>
  <millis>1350689397772</millis>
  <sequence>53</sequence>
  <logger>spade.reporter.FusionFUSE</logger>
  <level>INFO</level>
  <class>spade.reporter.FusionFUSE</class>
  <method>receivefile</method>
  <thread>37</thread>
  <message>Putting Network vertex: type:Artifact|subtype:Network|source host:192.168.1.23|source port:9000|destination host:192.168.1.22|destination port:9000</message>
</record>
<record>
  <date>2012-10-19T18:29:57</date>
  <millis>1350689397774</millis>
  <sequence>54</sequence>
  <logger>spade.reporter.FusionFUSE</logger>
  <level>INFO</level>
  <class>spade.reporter.FusionFUSE</class>
  <method>receivefile</method>
  <thread>37</thread>
  <message>Putting Used edge: type:Used</message>
</record>
<record>
  <date>2012-10-19T18:29:57</date>
  <millis>1350689397775</millis>
  <sequence>55</sequence>
  <logger>spade.reporter.FusionFUSE</logger>
  <level>INFO</level>
  <class>spade.reporter.FusionFUSE</class>
  <method>receivefile</method>
  <thread>37</thread>
  <message>Putting Used edge: type:WasGeneratedBy</message>
</record>
<record>
  <date>2012-10-19T18:29:57</date>
  <millis>1350689397887</millis>
  <sequence>56</sequence>
  <logger>spade.reporter.FusionFUSE</logger>
  <level>INFO</level>
  <class>spade.reporter.FusionFUSE</class>
  <method>receivefile</method>
  <thread>38</thread>
  <message>Enter RECEIVE FILE ================================</message>
</record>
<record>
  <date>2012-10-19T18:29:57</date>
  <millis>1350689397889</millis>
  <sequence>57</sequence>
  <logger>spade.reporter.FusionFUSE</logger>
  <level>INFO</level>
  <class>spade.reporter.FusionFUSE</class>
  <method>receivefile</method>
  <thread>38</thread>
  <message>Putting File vertex: type:Artifact|subtype:File|current hostaddress:192.168.1.23|filename:final|path:/home/cshou/FusionFS/fusionFS/fusion_root/final|size:14|lastmodified:Fri Oct 19 18:29:57 2012
|temp:true</message>
</record>
<record>
  <date>2012-10-19T18:29:57</date>
  <millis>1350689397891</millis>
  <sequence>58</sequence>
  <logger>spade.reporter.FusionFUSE</logger>
  <level>INFO</level>
  <class>spade.reporter.FusionFUSE</class>
  <method>receivefile</method>
  <thread>38</thread>
  <message>Putting Program vertex: type:Process|subtype:Program|pidname:FusionFS|hostname:hec-02|hostaddress:192.168.1.23</message>
</record>
<record>
  <date>2012-10-19T18:29:57</date>
  <millis>1350689397893</millis>
  <sequence>59</sequence>
  <logger>spade.reporter.FusionFUSE</logger>
  <level>INFO</level>
  <class>spade.reporter.FusionFUSE</class>
  <method>receivefile</method>
  <thread>38</thread>
  <message>Putting Network vertex: type:Artifact|subtype:Network|source host:192.168.1.23|source port:9000|destination host:192.168.1.22|destination port:9000</message>
</record>
<record>
  <date>2012-10-19T18:29:57</date>
  <millis>1350689397895</millis>
  <sequence>60</sequence>
  <logger>spade.reporter.FusionFUSE</logger>
  <level>INFO</level>
  <class>spade.reporter.FusionFUSE</class>
  <method>receivefile</method>
  <thread>38</thread>
  <message>Putting Used edge: type:Used</message>
</record>
<record>
  <date>2012-10-19T18:29:57</date>
  <millis>1350689397896</millis>
  <sequence>61</sequence>
  <logger>spade.reporter.FusionFUSE</logger>
  <level>INFO</level>
  <class>spade.reporter.FusionFUSE</class>
  <method>receivefile</method>
  <thread>38</thread>
  <message>Putting Used edge: type:WasGeneratedBy</message>
</record>
<record>
  <date>2012-10-19T18:30:21</date>
  <millis>1350689421343</millis>
  <sequence>62</sequence>
  <logger>spade.reporter.FusionFUSE</logger>
  <level>INFO</level>
  <class>spade.reporter.FusionFUSE</class>
  <method>write</method>
  <thread>39</thread>
  <message>Enter WRITE ================================</message>
</record>
<record>
  <date>2012-10-19T18:30:21</date>
  <millis>1350689421344</millis>
  <sequence>63</sequence>
  <logger>spade.reporter.FusionFUSE</logger>
  <level>INFO</level>
  <class>spade.reporter.FusionFUSE</class>
  <method>write</method>
  <thread>39</thread>
  <message>Trying to reach process with PID=28018</message>
</record>
<record>
  <date>2012-10-19T18:30:21</date>
  <millis>1350689421349</millis>
  <sequence>64</sequence>
  <logger>spade.reporter.FusionFUSE</logger>
  <level>INFO</level>
  <class>spade.reporter.FusionFUSE</class>
  <method>checkProgramTree</method>
  <thread>39</thread>
  <message>Putting program vertext:
type:Process|subtype:Program|pidname:cat|pid:28018|ppid:27861|starttime_unix:1350689396670|starttime_simple:Fri Oct 19 18:29:56 2012|group:28018|sessionid:27861|commandline:cat |hostname:hec-02|hostaddress:192.168.1.23|environment:TERM=xterm-256color, SHELL=/bin/bash, SSH_CLIENT=192.168.1.21 37933 22, SSH_TTY=/dev/pts/2, USER=cshou, LD_LIBRARY_PATH=/mnt/common/cshou/usr/include:/mnt/common/cshou/usr/lib:/mnt/common/cshou/FusionFS/fusionFS/src/ffsnet:/mnt/common/cshou/FusionFS/fusionFS/src/udt/src:/mnt/common/cshou/FusionFS/fusionFS/src/provenance, LS_COLORS=no=00:fi=00:di=01;34:ln=01;36:pi=40;33:so=01;35:do=01;35:bd=40;33;01:cd=40;33;01:or=40;31;01:su=37;41:sg=30;43:tw=30;42:ow=34;42:st=37;44:ex=01;32:*.tar=01;31:*.tgz=01;31:*.svgz=01;31:*.arj=01;31:*.taz=01;31:*.lzh=01;31:*.lzma=01;31:*.zip=01;31:*.z=01;31:*.Z=01;31:*.dz=01;31:*.gz=01;31:*.bz2=01;31:*.bz=01;31:*.tbz2=01;31:*.tz=01;31:*.deb=01;31:*.rpm=01;31:*.jar=01;31:*.rar=01;31:*.ace=01;31:*.zoo=01;31:*.cpio=01;31:*.7z=01;31:*.rz=01;31:*.jpg=01;35:*.jpeg=01;35:*.gif=01;35:*.bmp=01;35:*.pbm=01;35:*.pgm=01;35:*.ppm=01;35:*.tga=01;35:*.xbm=01;35:*.xpm=01;35:*.tif=01;35:*.tiff=01;35:*.png=01;35:*.svg=01;35:*.mng=01;35:*.pcx=01;35:*.mov=01;35:*.mpg=01;35:*.mpeg=01;35:*.m2v=01;35:*.mkv=01;35:*.ogm=01;35:*.mp4=01;35:*.m4v=01;35:*.mp4v=01;35:*.vob=01;35:*.qt=01;35:*.nuv=01;35:*.wmv=01;35:*.asf=01;35:*.rm=01;35:*.rmvb=01;35:*.flc=01;35:*.avi=01;35:*.fli=01;35:*.gl=01;35:*.dl=01;35:*.xcf=01;35:*.xwd=01;35:*.yuv=01;35:*.aac=00;36:*.au=00;36:*.flac=00;36:*.mid=00;36:*.midi=00;36:*.mka=00;36:*.mp3=00;36:*.mpc=00;36:*.ogg=00;36:*.ra=00;36:*.wav=00;36:, MAIL=/var/mail/cshou, PATH=/mnt/common/cshou/usr/jdk1.7.0/bin:/usr/local/sbin:/usr/local/bin:/usr/sbin:/usr/bin:/sbin:/bin:/usr/games, PWD=/home/cshou/FusionFS/fusionFS/fusion_mount, JAVA_HOME=/mnt/common/cshou/usr/jdk1.7.0, LANG=en_US.UTF-8, HISTCONTROL=ignoreboth, SHLVL=1, HOME=/export/home/cshou, LOGNAME=cshou, SSH_CONNECTION=192.168.1.21 37933 192.168.1.23 22, LESSOPEN=| /usr/bin/lesspipe %s, LESSCLOSE=/usr/bin/lesspipe %s %s, OLDPWD=/home/cshou/FusionFS/fusionFS, _=/bin/cat, </message>
</record>
<record>
  <date>2012-10-19T18:30:21</date>
  <millis>1350689421351</millis>
  <sequence>65</sequence>
  <logger>spade.reporter.FusionFUSE</logger>
  <level>INFO</level>
  <class>spade.reporter.FusionFUSE</class>
  <method>checkProgramTree</method>
  <thread>39</thread>
  <message>Putting temp agent vertex:
type:Agent|uid:1045|gid:1046</message>
</record>
<record>
  <date>2012-10-19T18:30:21</date>
  <millis>1350689421357</millis>
  <sequence>66</sequence>
  <logger>spade.reporter.FusionFUSE</logger>
  <level>INFO</level>
  <class>spade.reporter.FusionFUSE</class>
  <method>checkProgramTree</method>
  <thread>39</thread>
  <message>Putting WasControlledBy edge: between program vertex and temp agent</message>
</record>
<record>
  <date>2012-10-19T18:30:21</date>
  <millis>1350689421359</millis>
  <sequence>67</sequence>
  <logger>spade.reporter.FusionFUSE</logger>
  <level>INFO</level>
  <class>spade.reporter.FusionFUSE</class>
  <method>write</method>
  <thread>39</thread>
  <message>Putting File vertex:
type:Artifact|subtype:File|hostaddress:192.168.1.23|filename:final|path:/home/cshou/FusionFS/fusionFS/fusion_root/final|size:14|lastmodified_unix:1350689421000|lastmodified_simple:Fri Oct 19 18:30:21 2012</message>
</record>
<record>
  <date>2012-10-19T18:30:21</date>
  <millis>1350689421361</millis>
  <sequence>68</sequence>
  <logger>spade.reporter.FusionFUSE</logger>
  <level>INFO</level>
  <class>spade.reporter.FusionFUSE</class>
  <method>write</method>
  <thread>39</thread>
  <message>Putting WasGeneratedBy edge:
type:WasGeneratedBy|iotime:19|endtime:1350689421359</message>
</record>
<record>
  <date>2012-10-19T18:30:43</date>
  <millis>1350689443656</millis>
  <sequence>69</sequence>
  <logger>spade.reporter.FusionFUSE</logger>
  <level>INFO</level>
  <class>spade.reporter.FusionFUSE</class>
  <method>sendfile</method>
  <thread>40</thread>
  <message>Enter SEND FILE =========================</message>
</record>
<record>
  <date>2012-10-19T18:30:43</date>
  <millis>1350689443658</millis>
  <sequence>70</sequence>
  <logger>spade.reporter.FusionFUSE</logger>
  <level>INFO</level>
  <class>spade.reporter.FusionFUSE</class>
  <method>sendfile</method>
  <thread>40</thread>
  <message>Putting file vertex: type:Artifact|subtype:File|hostaddress:192.168.1.23|filename:final|path:/home/cshou/FusionFS/fusionFS/fusion_root/final|size:14|lastmodified_unix:1350689421000|lastmodified_simple:Fri Oct 19 18:30:21 2012</message>
</record>
<record>
  <date>2012-10-19T18:30:43</date>
  <millis>1350689443659</millis>
  <sequence>71</sequence>
  <logger>spade.reporter.FusionFUSE</logger>
  <level>INFO</level>
  <class>spade.reporter.FusionFUSE</class>
  <method>sendfile</method>
  <thread>40</thread>
  <message>Putting Program vertex: type:Process|subtype:Program|pidname:FusionFS|hostname:hec-02|hostaddress:192.168.1.23</message>
</record>
<record>
  <date>2012-10-19T18:30:43</date>
  <millis>1350689443661</millis>
  <sequence>72</sequence>
  <logger>spade.reporter.FusionFUSE</logger>
  <level>INFO</level>
  <class>spade.reporter.FusionFUSE</class>
  <method>sendfile</method>
  <thread>40</thread>
  <message>Putting Network vertex: type:Artifact|subtype:Network|source host:192.168.1.23|source port:9000|destination host:192.168.1.22|destination port:9000</message>
</record>
<record>
  <date>2012-10-19T18:30:43</date>
  <millis>1350689443663</millis>
  <sequence>73</sequence>
  <logger>spade.reporter.FusionFUSE</logger>
  <level>INFO</level>
  <class>spade.reporter.FusionFUSE</class>
  <method>sendfile</method>
  <thread>40</thread>
  <message>Putting Used edge: type:Used</message>
</record>
<record>
  <date>2012-10-19T18:30:43</date>
  <millis>1350689443664</millis>
  <sequence>74</sequence>
  <logger>spade.reporter.FusionFUSE</logger>
  <level>INFO</level>
  <class>spade.reporter.FusionFUSE</class>
  <method>sendfile</method>
  <thread>40</thread>
  <message>Putting Used edge: type:WasGeneratedBy</message>
</record>
</log>
