<?xml version="1.0" encoding="UTF-8" standalone="no"?>
<!DOCTYPE log SYSTEM "logger.dtd">
<log>
<record>
  <date>2012-10-17T19:34:18</date>
  <millis>1350520458738</millis>
  <sequence>0</sequence>
  <logger>org.neo4j.server.NeoServerWithEmbeddedWebServer</logger>
  <level>INFO</level>
  <class>org.neo4j.server.logging.Logger</class>
  <method>log</method>
  <thread>22</thread>
  <message>Starting Neo Server on port [7474] with [80] threads available</message>
</record>
<record>
  <date>2012-10-17T19:34:18</date>
  <millis>1350520458777</millis>
  <sequence>1</sequence>
  <logger>org.mortbay.log</logger>
  <level>INFO</level>
  <class>org.mortbay.log.Slf4jLog</class>
  <method>info</method>
  <thread>22</thread>
  <message>Logging to org.slf4j.impl.JDK14LoggerAdapter(org.mortbay.log) via org.mortbay.log.Slf4jLog</message>
</record>
<record>
  <date>2012-10-17T19:34:18</date>
  <millis>1350520458783</millis>
  <sequence>2</sequence>
  <logger>org.neo4j.server.database.Database</logger>
  <level>INFO</level>
  <class>org.neo4j.server.logging.Logger</class>
  <method>log</method>
  <thread>22</thread>
  <message>Using database at /home/cshou/SPADE/database</message>
</record>
<record>
  <date>2012-10-17T19:34:18</date>
  <millis>1350520458787</millis>
  <sequence>3</sequence>
  <logger>org.neo4j.server.database.Database</logger>
  <level>WARNING</level>
  <class>org.neo4j.server.logging.Logger</class>
  <method>log</method>
  <thread>22</thread>
  <message>No database tuning properties set in the property file, using defaults. Please specify the performance properties file with org.neo4j.server.db.tuning.properties in the server properties file [null].</message>
</record>
<record>
  <date>2012-10-17T19:34:18</date>
  <millis>1350520458886</millis>
  <sequence>4</sequence>
  <logger>org.neo4j.server.modules.DiscoveryModule</logger>
  <level>INFO</level>
  <class>org.neo4j.server.logging.Logger</class>
  <method>log</method>
  <thread>22</thread>
  <message>Mounted discovery module at [/]</message>
</record>
<record>
  <date>2012-10-17T19:34:18</date>
  <millis>1350520458990</millis>
  <sequence>5</sequence>
  <logger>org.neo4j.server.plugins.PluginManager</logger>
  <level>INFO</level>
  <class>org.neo4j.server.logging.Logger</class>
  <method>log</method>
  <thread>22</thread>
  <message>Loaded server plugin "CypherPlugin"</message>
</record>
<record>
  <date>2012-10-17T19:34:18</date>
  <millis>1350520458996</millis>
  <sequence>6</sequence>
  <logger>org.neo4j.server.plugins.PluginManager</logger>
  <level>INFO</level>
  <class>org.neo4j.server.logging.Logger</class>
  <method>log</method>
  <thread>22</thread>
  <message>Loaded server plugin "GremlinPlugin"</message>
</record>
<record>
  <date>2012-10-17T19:34:18</date>
  <millis>1350520458999</millis>
  <sequence>7</sequence>
  <logger>org.neo4j.server.modules.RESTApiModule</logger>
  <level>INFO</level>
  <class>org.neo4j.server.logging.Logger</class>
  <method>log</method>
  <thread>22</thread>
  <message>Mounted REST API at [/db/data]</message>
</record>
<record>
  <date>2012-10-17T19:34:19</date>
  <millis>1350520459001</millis>
  <sequence>8</sequence>
  <logger>org.neo4j.server.modules.ManagementApiModule</logger>
  <level>INFO</level>
  <class>org.neo4j.server.logging.Logger</class>
  <method>log</method>
  <thread>22</thread>
  <message>Mounted management API at [/db/manage]</message>
</record>
<record>
  <date>2012-10-17T19:34:19</date>
  <millis>1350520459074</millis>
  <sequence>9</sequence>
  <logger>org.neo4j.server.modules.WebAdminModule</logger>
  <level>INFO</level>
  <class>org.neo4j.server.logging.Logger</class>
  <method>log</method>
  <thread>22</thread>
  <message>Mounted webadmin at [/webadmin]</message>
</record>
<record>
  <date>2012-10-17T19:34:19</date>
  <millis>1350520459092</millis>
  <sequence>10</sequence>
  <logger>org.neo4j.server.web.Jetty6WebServer</logger>
  <level>INFO</level>
  <class>org.neo4j.server.logging.Logger</class>
  <method>log</method>
  <thread>22</thread>
  <message>Mounting static content at [/webadmin] from [webadmin-html]</message>
</record>
<record>
  <date>2012-10-17T19:34:19</date>
  <millis>1350520459122</millis>
  <sequence>11</sequence>
  <logger>org.mortbay.log</logger>
  <level>INFO</level>
  <class>org.mortbay.log.Slf4jLog</class>
  <method>info</method>
  <thread>22</thread>
  <message>jetty-6.1.25</message>
</record>
<record>
  <date>2012-10-17T19:34:19</date>
  <millis>1350520459254</millis>
  <sequence>12</sequence>
  <logger>org.mortbay.log</logger>
  <level>INFO</level>
  <class>org.mortbay.log.Slf4jLog</class>
  <method>info</method>
  <thread>22</thread>
  <message>NO JSP Support for /webadmin, did not find org.apache.jasper.servlet.JspServlet</message>
</record>
<record>
  <date>2012-10-17T19:34:19</date>
  <millis>1350520459470</millis>
  <sequence>13</sequence>
  <logger>com.sun.jersey.api.core.PackagesResourceConfig</logger>
  <level>INFO</level>
  <class>com.sun.jersey.api.core.PackagesResourceConfig</class>
  <method>init</method>
  <thread>22</thread>
  <message>Scanning for root resource and provider classes in the packages:
  org.neo4j.server.webadmin.rest</message>
</record>
<record>
  <date>2012-10-17T19:34:19</date>
  <millis>1350520459549</millis>
  <sequence>14</sequence>
  <logger>com.sun.jersey.api.core.ScanningResourceConfig</logger>
  <level>INFO</level>
  <class>com.sun.jersey.api.core.ScanningResourceConfig</class>
  <method>logClasses</method>
  <thread>22</thread>
  <message>Root resource classes found:
  class org.neo4j.server.webadmin.rest.ConsoleService
  class org.neo4j.server.webadmin.rest.RootService
  class org.neo4j.server.webadmin.rest.MonitorService
  class org.neo4j.server.webadmin.rest.JmxService</message>
</record>
<record>
  <date>2012-10-17T19:34:19</date>
  <millis>1350520459550</millis>
  <sequence>15</sequence>
  <logger>com.sun.jersey.api.core.ScanningResourceConfig</logger>
  <level>INFO</level>
  <class>com.sun.jersey.api.core.ScanningResourceConfig</class>
  <method>init</method>
  <thread>22</thread>
  <message>No provider classes found.</message>
</record>
<record>
  <date>2012-10-17T19:34:19</date>
  <millis>1350520459687</millis>
  <sequence>16</sequence>
  <logger>com.sun.jersey.server.impl.application.WebApplicationImpl</logger>
  <level>INFO</level>
  <class>com.sun.jersey.server.impl.application.WebApplicationImpl</class>
  <method>_initiate</method>
  <thread>22</thread>
  <message>Initiating Jersey application, version 'Jersey: 1.9 09/02/2011 11:17 AM'</message>
</record>
<record>
  <date>2012-10-17T19:34:20</date>
  <millis>1350520460314</millis>
  <sequence>17</sequence>
  <logger>com.sun.jersey.api.core.PackagesResourceConfig</logger>
  <level>INFO</level>
  <class>com.sun.jersey.api.core.PackagesResourceConfig</class>
  <method>init</method>
  <thread>22</thread>
  <message>Scanning for root resource and provider classes in the packages:
  org.neo4j.server.rest.web</message>
</record>
<record>
  <date>2012-10-17T19:34:20</date>
  <millis>1350520460368</millis>
  <sequence>18</sequence>
  <logger>com.sun.jersey.api.core.ScanningResourceConfig</logger>
  <level>INFO</level>
  <class>com.sun.jersey.api.core.ScanningResourceConfig</class>
  <method>logClasses</method>
  <thread>22</thread>
  <message>Root resource classes found:
  class org.neo4j.server.rest.web.RestfulGraphDatabase
  class org.neo4j.server.rest.web.BatchOperationService
  class org.neo4j.server.rest.web.ResourcesService
  class org.neo4j.server.rest.web.ExtensionService
  class org.neo4j.server.rest.web.DatabaseMetadataService</message>
</record>
<record>
  <date>2012-10-17T19:34:20</date>
  <millis>1350520460369</millis>
  <sequence>19</sequence>
  <logger>com.sun.jersey.api.core.ScanningResourceConfig</logger>
  <level>INFO</level>
  <class>com.sun.jersey.api.core.ScanningResourceConfig</class>
  <method>logClasses</method>
  <thread>22</thread>
  <message>Provider classes found:
  class org.neo4j.server.rest.web.DatabaseBlockedExceptionMapper</message>
</record>
<record>
  <date>2012-10-17T19:34:20</date>
  <millis>1350520460373</millis>
  <sequence>20</sequence>
  <logger>com.sun.jersey.server.impl.application.WebApplicationImpl</logger>
  <level>INFO</level>
  <class>com.sun.jersey.server.impl.application.WebApplicationImpl</class>
  <method>_initiate</method>
  <thread>22</thread>
  <message>Initiating Jersey application, version 'Jersey: 1.9 09/02/2011 11:17 AM'</message>
</record>
<record>
  <date>2012-10-17T19:34:20</date>
  <millis>1350520460649</millis>
  <sequence>21</sequence>
  <logger>com.sun.jersey.api.core.PackagesResourceConfig</logger>
  <level>INFO</level>
  <class>com.sun.jersey.api.core.PackagesResourceConfig</class>
  <method>init</method>
  <thread>22</thread>
  <message>Scanning for root resource and provider classes in the packages:
  org.neo4j.server.rest.discovery</message>
</record>
<record>
  <date>2012-10-17T19:34:20</date>
  <millis>1350520460685</millis>
  <sequence>22</sequence>
  <logger>com.sun.jersey.api.core.ScanningResourceConfig</logger>
  <level>INFO</level>
  <class>com.sun.jersey.api.core.ScanningResourceConfig</class>
  <method>logClasses</method>
  <thread>22</thread>
  <message>Root resource classes found:
  class org.neo4j.server.rest.discovery.DiscoveryService</message>
</record>
<record>
  <date>2012-10-17T19:34:20</date>
  <millis>1350520460686</millis>
  <sequence>23</sequence>
  <logger>com.sun.jersey.api.core.ScanningResourceConfig</logger>
  <level>INFO</level>
  <class>com.sun.jersey.api.core.ScanningResourceConfig</class>
  <method>init</method>
  <thread>22</thread>
  <message>No provider classes found.</message>
</record>
<record>
  <date>2012-10-17T19:34:20</date>
  <millis>1350520460689</millis>
  <sequence>24</sequence>
  <logger>com.sun.jersey.server.impl.application.WebApplicationImpl</logger>
  <level>INFO</level>
  <class>com.sun.jersey.server.impl.application.WebApplicationImpl</class>
  <method>_initiate</method>
  <thread>22</thread>
  <message>Initiating Jersey application, version 'Jersey: 1.9 09/02/2011 11:17 AM'</message>
</record>
<record>
  <date>2012-10-17T19:34:20</date>
  <millis>1350520460878</millis>
  <sequence>25</sequence>
  <logger>org.mortbay.log</logger>
  <level>INFO</level>
  <class>org.mortbay.log.Slf4jLog</class>
  <method>info</method>
  <thread>22</thread>
  <message>Started SelectChannelConnector@localhost:7474</message>
</record>
<record>
  <date>2012-10-17T19:34:20</date>
  <millis>1350520460880</millis>
  <sequence>26</sequence>
  <logger>org.neo4j.server.NeoServerWithEmbeddedWebServer</logger>
  <level>INFO</level>
  <class>org.neo4j.server.logging.Logger</class>
  <method>log</method>
  <thread>22</thread>
  <message>Server started on [http://localhost:7474/]</message>
</record>
<record>
  <date>2012-10-17T19:37:53</date>
  <millis>1350520673537</millis>
  <sequence>27</sequence>
  <logger>spade.reporter.FusionFUSE</logger>
  <level>INFO</level>
  <class>spade.reporter.FusionFUSE</class>
  <method>receivefile</method>
  <thread>35</thread>
  <message>Enter RECEIVE FILE ================================</message>
</record>
<record>
  <date>2012-10-17T19:37:53</date>
  <millis>1350520673540</millis>
  <sequence>28</sequence>
  <logger>spade.reporter.FusionFUSE</logger>
  <level>INFO</level>
  <class>spade.reporter.FusionFUSE</class>
  <method>receivefile</method>
  <thread>35</thread>
  <message>Putting net process: type:Process|subtype:NetworkProc|source host:192.168.1.22|destination host:192.168.1.23|source path:/home/cshou/FusionFS/fusionFS/fusion_root/iii|destination path:/home/cshou/FusionFS/fusionFS/fusion_root/iii</message>
</record>
<record>
  <date>2012-10-17T19:37:53</date>
  <millis>1350520673543</millis>
  <sequence>29</sequence>
  <logger>spade.reporter.FusionFUSE</logger>
  <level>INFO</level>
  <class>spade.reporter.FusionFUSE</class>
  <method>receivefile</method>
  <thread>35</thread>
  <message>Putting file vertex:type:Artifact|subtype:File|hostaddress:192.168.1.23|filename:iii|path:/home/cshou/FusionFS/fusionFS/fusion_root/iii|size:0|lastmodified_unix:1350520673000|lastmodified_simple:Wed Oct 17 19:37:53 2012</message>
</record>
<record>
  <date>2012-10-17T19:37:53</date>
  <millis>1350520673545</millis>
  <sequence>30</sequence>
  <logger>spade.reporter.FusionFUSE</logger>
  <level>INFO</level>
  <class>spade.reporter.FusionFUSE</class>
  <method>receivefile</method>
  <thread>35</thread>
  <message>Putting generated edge: type:WasGeneratedBy</message>
</record>
<record>
  <date>2012-10-17T19:39:30</date>
  <millis>1350520770567</millis>
  <sequence>31</sequence>
  <logger>spade.reporter.FusionFUSE</logger>
  <level>INFO</level>
  <class>spade.reporter.FusionFUSE</class>
  <method>receivefile</method>
  <thread>37</thread>
  <message>Enter RECEIVE FILE ================================</message>
</record>
<record>
  <date>2012-10-17T19:39:30</date>
  <millis>1350520770568</millis>
  <sequence>32</sequence>
  <logger>spade.reporter.FusionFUSE</logger>
  <level>INFO</level>
  <class>spade.reporter.FusionFUSE</class>
  <method>read</method>
  <thread>38</thread>
  <message>Enter READ ================================</message>
</record>
<record>
  <date>2012-10-17T19:39:30</date>
  <millis>1350520770569</millis>
  <sequence>33</sequence>
  <logger>spade.reporter.FusionFUSE</logger>
  <level>INFO</level>
  <class>spade.reporter.FusionFUSE</class>
  <method>receivefile</method>
  <thread>37</thread>
  <message>Putting net process: type:Process|subtype:NetworkProc|source host:192.168.1.22|destination host:192.168.1.23|source path:/home/cshou/FusionFS/fusionFS/fusion_root/iii|destination path:/home/cshou/FusionFS/fusionFS/fusion_root/iii</message>
</record>
<record>
  <date>2012-10-17T19:39:30</date>
  <millis>1350520770571</millis>
  <sequence>34</sequence>
  <logger>spade.reporter.FusionFUSE</logger>
  <level>INFO</level>
  <class>spade.reporter.FusionFUSE</class>
  <method>read</method>
  <thread>38</thread>
  <message>Trying to reach process with PID=17429</message>
</record>
<record>
  <date>2012-10-17T19:39:30</date>
  <millis>1350520770573</millis>
  <sequence>35</sequence>
  <logger>spade.reporter.FusionFUSE</logger>
  <level>INFO</level>
  <class>spade.reporter.FusionFUSE</class>
  <method>receivefile</method>
  <thread>37</thread>
  <message>Putting file vertex:type:Artifact|subtype:File|hostaddress:192.168.1.23|filename:iii|path:/home/cshou/FusionFS/fusionFS/fusion_root/iii|size:0|lastmodified_unix:0|lastmodified_simple:Wed Dec 31 18:00:00 1969</message>
</record>
<record>
  <date>2012-10-17T19:39:30</date>
  <millis>1350520770575</millis>
  <sequence>36</sequence>
  <logger>spade.reporter.FusionFUSE</logger>
  <level>SEVERE</level>
  <class>spade.reporter.FusionFUSE</class>
  <method>createProgramVertex</method>
  <thread>38</thread>
  <exception>
    <message>java.io.FileNotFoundException: /proc/17429/status (No such file or directory)</message>
    <frame>
      <class>java.io.FileInputStream</class>
      <method>open</method>
    </frame>
    <frame>
      <class>java.io.FileInputStream</class>
      <method>&lt;init&gt;</method>
      <line>138</line>
    </frame>
    <frame>
      <class>java.io.FileInputStream</class>
      <method>&lt;init&gt;</method>
      <line>97</line>
    </frame>
    <frame>
      <class>java.io.FileReader</class>
      <method>&lt;init&gt;</method>
      <line>58</line>
    </frame>
    <frame>
      <class>spade.reporter.FusionFUSE</class>
      <method>createProgramVertex</method>
      <line>177</line>
    </frame>
    <frame>
      <class>spade.reporter.FusionFUSE</class>
      <method>checkProgramTree</method>
      <line>280</line>
    </frame>
    <frame>
      <class>spade.reporter.FusionFUSE</class>
      <method>read</method>
      <line>323</line>
    </frame>
  </exception>
</record>
<record>
  <date>2012-10-17T19:39:30</date>
  <millis>1350520770576</millis>
  <sequence>37</sequence>
  <logger>spade.reporter.FusionFUSE</logger>
  <level>INFO</level>
  <class>spade.reporter.FusionFUSE</class>
  <method>receivefile</method>
  <thread>37</thread>
  <message>Putting generated edge: type:WasGeneratedBy</message>
</record>
<record>
  <date>2012-10-17T19:39:30</date>
  <millis>1350520770582</millis>
  <sequence>38</sequence>
  <logger>spade.reporter.FusionFUSE</logger>
  <level>INFO</level>
  <class>spade.reporter.FusionFUSE</class>
  <method>read</method>
  <thread>38</thread>
  <message>Putting File vertext: 
type:Artifact|subtype:File|hostaddress:192.168.1.23|filename:iii|path:/home/cshou/FusionFS/fusionFS/fusion_root/iii|size:0|lastmodified_unix:0|lastmodified_simple:Wed Dec 31 18:00:00 1969</message>
</record>
<record>
  <date>2012-10-17T19:39:30</date>
  <millis>1350520770585</millis>
  <sequence>39</sequence>
  <logger>spade.core.Buffer</logger>
  <level>WARNING</level>
  <class>spade.core.Buffer</class>
  <method>putEdge</method>
  <thread>38</thread>
  <message>Not putting edge. Source is null</message>
</record>
<record>
  <date>2012-10-17T19:39:30</date>
  <millis>1350520770587</millis>
  <sequence>40</sequence>
  <logger>spade.core.Buffer</logger>
  <level>WARNING</level>
  <class>spade.core.Buffer</class>
  <method>putEdge</method>
  <thread>38</thread>
  <message>Not putting edge. End vertices are equal</message>
</record>
<record>
  <date>2012-10-17T19:39:30</date>
  <millis>1350520770589</millis>
  <sequence>41</sequence>
  <logger>spade.reporter.FusionFUSE</logger>
  <level>INFO</level>
  <class>spade.reporter.FusionFUSE</class>
  <method>read</method>
  <thread>38</thread>
  <message>Putting Used edge: 
type:Used|iotime:11|endtime:1350520770582</message>
</record>
<record>
  <date>2012-10-17T19:41:07</date>
  <millis>1350520867505</millis>
  <sequence>42</sequence>
  <logger>spade.core.Query</logger>
  <level>WARNING</level>
  <class>spade.core.Query</class>
  <method>transformNetworkBoundaries</method>
  <thread>39</thread>
  <exception>
    <message>java.lang.NullPointerException</message>
    <frame>
      <class>spade.core.Query</class>
      <method>transformNetworkBoundaries</method>
      <line>836</line>
    </frame>
    <frame>
      <class>spade.core.Query</class>
      <method>executeQuery</method>
      <line>260</line>
    </frame>
    <frame>
      <class>spade.core.Kernel</class>
      <method>queryCommand</method>
      <line>604</line>
    </frame>
    <frame>
      <class>spade.core.LocalQueryConnection</class>
      <method>run</method>
      <line>1282</line>
    </frame>
    <frame>
      <class>java.lang.Thread</class>
      <method>run</method>
      <line>722</line>
    </frame>
  </exception>
</record>
<record>
  <date>2012-10-17T19:43:04</date>
  <millis>1350520984557</millis>
  <sequence>43</sequence>
  <logger>spade.reporter.FusionFUSE</logger>
  <level>INFO</level>
  <class>spade.reporter.FusionFUSE</class>
  <method>receivefile</method>
  <thread>40</thread>
  <message>Enter RECEIVE FILE ================================</message>
</record>
<record>
  <date>2012-10-17T19:43:04</date>
  <millis>1350520984559</millis>
  <sequence>44</sequence>
  <logger>spade.reporter.FusionFUSE</logger>
  <level>INFO</level>
  <class>spade.reporter.FusionFUSE</class>
  <method>receivefile</method>
  <thread>40</thread>
  <message>Putting net process: type:Process|subtype:NetworkProc|source host:192.168.1.22|destination host:192.168.1.23|source path:/home/cshou/FusionFS/fusionFS/fusion_root/iii|destination path:/home/cshou/FusionFS/fusionFS/fusion_root/iii</message>
</record>
<record>
  <date>2012-10-17T19:43:04</date>
  <millis>1350520984562</millis>
  <sequence>45</sequence>
  <logger>spade.reporter.FusionFUSE</logger>
  <level>INFO</level>
  <class>spade.reporter.FusionFUSE</class>
  <method>receivefile</method>
  <thread>40</thread>
  <message>Putting file vertex:type:Artifact|subtype:File|hostaddress:192.168.1.23|filename:iii|path:/home/cshou/FusionFS/fusionFS/fusion_root/iii|size:10|lastmodified_unix:1350520984000|lastmodified_simple:Wed Oct 17 19:43:04 2012</message>
</record>
<record>
  <date>2012-10-17T19:43:04</date>
  <millis>1350520984564</millis>
  <sequence>46</sequence>
  <logger>spade.reporter.FusionFUSE</logger>
  <level>INFO</level>
  <class>spade.reporter.FusionFUSE</class>
  <method>receivefile</method>
  <thread>40</thread>
  <message>Putting generated edge: type:WasGeneratedBy</message>
</record>
<record>
  <date>2012-10-17T19:43:04</date>
  <millis>1350520984677</millis>
  <sequence>47</sequence>
  <logger>spade.reporter.FusionFUSE</logger>
  <level>INFO</level>
  <class>spade.reporter.FusionFUSE</class>
  <method>receivefile</method>
  <thread>41</thread>
  <message>Enter RECEIVE FILE ================================</message>
</record>
<record>
  <date>2012-10-17T19:43:04</date>
  <millis>1350520984679</millis>
  <sequence>48</sequence>
  <logger>spade.reporter.FusionFUSE</logger>
  <level>INFO</level>
  <class>spade.reporter.FusionFUSE</class>
  <method>receivefile</method>
  <thread>41</thread>
  <message>Putting net process: type:Process|subtype:NetworkProc|source host:192.168.1.22|destination host:192.168.1.23|source path:/home/cshou/FusionFS/fusionFS/fusion_root/iii|destination path:/home/cshou/FusionFS/fusionFS/fusion_root/iii</message>
</record>
<record>
  <date>2012-10-17T19:43:04</date>
  <millis>1350520984681</millis>
  <sequence>49</sequence>
  <logger>spade.reporter.FusionFUSE</logger>
  <level>INFO</level>
  <class>spade.reporter.FusionFUSE</class>
  <method>receivefile</method>
  <thread>41</thread>
  <message>Putting file vertex:type:Artifact|subtype:File|hostaddress:192.168.1.23|filename:iii|path:/home/cshou/FusionFS/fusionFS/fusion_root/iii|size:10|lastmodified_unix:1350520984000|lastmodified_simple:Wed Oct 17 19:43:04 2012</message>
</record>
<record>
  <date>2012-10-17T19:43:04</date>
  <millis>1350520984683</millis>
  <sequence>50</sequence>
  <logger>spade.reporter.FusionFUSE</logger>
  <level>INFO</level>
  <class>spade.reporter.FusionFUSE</class>
  <method>receivefile</method>
  <thread>41</thread>
  <message>Putting generated edge: type:WasGeneratedBy</message>
</record>
<record>
  <date>2012-10-17T19:43:08</date>
  <millis>1350520988587</millis>
  <sequence>51</sequence>
  <logger>spade.reporter.FusionFUSE</logger>
  <level>INFO</level>
  <class>spade.reporter.FusionFUSE</class>
  <method>write</method>
  <thread>42</thread>
  <message>Enter WRITE ================================</message>
</record>
<record>
  <date>2012-10-17T19:43:08</date>
  <millis>1350520988589</millis>
  <sequence>52</sequence>
  <logger>spade.reporter.FusionFUSE</logger>
  <level>INFO</level>
  <class>spade.reporter.FusionFUSE</class>
  <method>write</method>
  <thread>42</thread>
  <message>Trying to reach process with PID=17491</message>
</record>
<record>
  <date>2012-10-17T19:43:08</date>
  <millis>1350520988594</millis>
  <sequence>53</sequence>
  <logger>spade.reporter.FusionFUSE</logger>
  <level>INFO</level>
  <class>spade.reporter.FusionFUSE</class>
  <method>checkProgramTree</method>
  <thread>42</thread>
  <message>Putting program vertext:
type:Process|subtype:Program|pidname:cat|pid:17491|ppid:15842|starttime_unix:1350520983460|starttime_simple:Wed Oct 17 19:43:03 2012|group:17491|sessionid:15842|commandline:cat |hostname:hec-02|hostaddress:192.168.1.23|environment:TERM=xterm-256color, SHELL=/bin/bash, SSH_CLIENT=192.168.1.21 35938 22, SSH_TTY=/dev/pts/1, USER=cshou, LD_LIBRARY_PATH=/mnt/common/cshou/usr/include:/mnt/common/cshou/usr/lib:/mnt/common/cshou/FusionFS/fusionFS/src/ffsnet:/mnt/common/cshou/FusionFS/fusionFS/src/udt/src:/mnt/common/cshou/FusionFS/fusionFS/src/provenance, LS_COLORS=no=00:fi=00:di=01;34:ln=01;36:pi=40;33:so=01;35:do=01;35:bd=40;33;01:cd=40;33;01:or=40;31;01:su=37;41:sg=30;43:tw=30;42:ow=34;42:st=37;44:ex=01;32:*.tar=01;31:*.tgz=01;31:*.svgz=01;31:*.arj=01;31:*.taz=01;31:*.lzh=01;31:*.lzma=01;31:*.zip=01;31:*.z=01;31:*.Z=01;31:*.dz=01;31:*.gz=01;31:*.bz2=01;31:*.bz=01;31:*.tbz2=01;31:*.tz=01;31:*.deb=01;31:*.rpm=01;31:*.jar=01;31:*.rar=01;31:*.ace=01;31:*.zoo=01;31:*.cpio=01;31:*.7z=01;31:*.rz=01;31:*.jpg=01;35:*.jpeg=01;35:*.gif=01;35:*.bmp=01;35:*.pbm=01;35:*.pgm=01;35:*.ppm=01;35:*.tga=01;35:*.xbm=01;35:*.xpm=01;35:*.tif=01;35:*.tiff=01;35:*.png=01;35:*.svg=01;35:*.mng=01;35:*.pcx=01;35:*.mov=01;35:*.mpg=01;35:*.mpeg=01;35:*.m2v=01;35:*.mkv=01;35:*.ogm=01;35:*.mp4=01;35:*.m4v=01;35:*.mp4v=01;35:*.vob=01;35:*.qt=01;35:*.nuv=01;35:*.wmv=01;35:*.asf=01;35:*.rm=01;35:*.rmvb=01;35:*.flc=01;35:*.avi=01;35:*.fli=01;35:*.gl=01;35:*.dl=01;35:*.xcf=01;35:*.xwd=01;35:*.yuv=01;35:*.aac=00;36:*.au=00;36:*.flac=00;36:*.mid=00;36:*.midi=00;36:*.mka=00;36:*.mp3=00;36:*.mpc=00;36:*.ogg=00;36:*.ra=00;36:*.wav=00;36:, MAIL=/var/mail/cshou, PATH=/mnt/common/cshou/usr/jdk1.7.0/bin:/usr/local/sbin:/usr/local/bin:/usr/sbin:/usr/bin:/sbin:/bin:/usr/games, PWD=/home/cshou/FusionFS/fusionFS/fusion_mount, JAVA_HOME=/mnt/common/cshou/usr/jdk1.7.0, LANG=en_US.UTF-8, HISTCONTROL=ignoreboth, SHLVL=1, HOME=/export/home/cshou, LOGNAME=cshou, SSH_CONNECTION=192.168.1.21 35938 192.168.1.23 22, LESSOPEN=| /usr/bin/lesspipe %s, LESSCLOSE=/usr/bin/lesspipe %s %s, OLDPWD=/home/cshou/FusionFS/fusionFS, _=/bin/cat, </message>
</record>
<record>
  <date>2012-10-17T19:43:08</date>
  <millis>1350520988597</millis>
  <sequence>54</sequence>
  <logger>spade.reporter.FusionFUSE</logger>
  <level>INFO</level>
  <class>spade.reporter.FusionFUSE</class>
  <method>checkProgramTree</method>
  <thread>42</thread>
  <message>Putting temp agent vertex:
type:Agent|uid:1045|gid:1046</message>
</record>
<record>
  <date>2012-10-17T19:43:08</date>
  <millis>1350520988599</millis>
  <sequence>55</sequence>
  <logger>spade.reporter.FusionFUSE</logger>
  <level>INFO</level>
  <class>spade.reporter.FusionFUSE</class>
  <method>checkProgramTree</method>
  <thread>42</thread>
  <message>Putting WasControlledBy edge: between program vertex and temp agent</message>
</record>
<record>
  <date>2012-10-17T19:43:08</date>
  <millis>1350520988601</millis>
  <sequence>56</sequence>
  <logger>spade.reporter.FusionFUSE</logger>
  <level>INFO</level>
  <class>spade.reporter.FusionFUSE</class>
  <method>write</method>
  <thread>42</thread>
  <message>Putting File vertex:
type:Artifact|subtype:File|hostaddress:192.168.1.23|filename:iii|path:/home/cshou/FusionFS/fusionFS/fusion_root/iii|size:10|lastmodified_unix:1350520988000|lastmodified_simple:Wed Oct 17 19:43:08 2012</message>
</record>
<record>
  <date>2012-10-17T19:43:08</date>
  <millis>1350520988603</millis>
  <sequence>57</sequence>
  <logger>spade.reporter.FusionFUSE</logger>
  <level>INFO</level>
  <class>spade.reporter.FusionFUSE</class>
  <method>write</method>
  <thread>42</thread>
  <message>Putting WasGeneratedBy edge:
type:WasGeneratedBy|iotime:14|endtime:1350520988601</message>
</record>
<record>
  <date>2012-10-17T19:43:53</date>
  <millis>1350521033370</millis>
  <sequence>58</sequence>
  <logger>spade.core.Query</logger>
  <level>WARNING</level>
  <class>spade.core.Query</class>
  <method>transformNetworkBoundaries</method>
  <thread>39</thread>
  <exception>
    <message>java.lang.NullPointerException</message>
    <frame>
      <class>spade.core.Query</class>
      <method>transformNetworkBoundaries</method>
      <line>836</line>
    </frame>
    <frame>
      <class>spade.core.Query</class>
      <method>executeQuery</method>
      <line>260</line>
    </frame>
    <frame>
      <class>spade.core.Kernel</class>
      <method>queryCommand</method>
      <line>604</line>
    </frame>
    <frame>
      <class>spade.core.LocalQueryConnection</class>
      <method>run</method>
      <line>1282</line>
    </frame>
    <frame>
      <class>java.lang.Thread</class>
      <method>run</method>
      <line>722</line>
    </frame>
  </exception>
</record>
<record>
  <date>2012-10-17T19:47:34</date>
  <millis>1350521254155</millis>
  <sequence>59</sequence>
  <logger>spade.reporter.FusionFUSE</logger>
  <level>INFO</level>
  <class>spade.reporter.FusionFUSE</class>
  <method>sendfile</method>
  <thread>44</thread>
  <message>Enter SEND FILE =========================</message>
</record>
<record>
  <date>2012-10-17T19:47:34</date>
  <millis>1350521254158</millis>
  <sequence>60</sequence>
  <logger>spade.reporter.FusionFUSE</logger>
  <level>INFO</level>
  <class>spade.reporter.FusionFUSE</class>
  <method>sendfile</method>
  <thread>44</thread>
  <message>Putting file vertex:type:Artifact|subtype:File|hostaddress:192.168.1.23|filename:iii|path:/home/cshou/FusionFS/fusionFS/fusion_root/iii|size:10|lastmodified_unix:1350520988000|lastmodified_simple:Wed Oct 17 19:43:08 2012</message>
</record>
<record>
  <date>2012-10-17T19:47:34</date>
  <millis>1350521254159</millis>
  <sequence>61</sequence>
  <logger>spade.reporter.FusionFUSE</logger>
  <level>INFO</level>
  <class>spade.reporter.FusionFUSE</class>
  <method>sendfile</method>
  <thread>44</thread>
  <message>Putting net process: type:Process|subtype:NetworkProc|source host:192.168.1.23|destination host:192.168.1.22|source path:/home/cshou/FusionFS/fusionFS/fusion_root/iii|destination path:/home/cshou/FusionFS/fusionFS/fusion_root/iii</message>
</record>
<record>
  <date>2012-10-17T19:47:34</date>
  <millis>1350521254170</millis>
  <sequence>62</sequence>
  <logger>spade.reporter.FusionFUSE</logger>
  <level>INFO</level>
  <class>spade.reporter.FusionFUSE</class>
  <method>sendfile</method>
  <thread>44</thread>
  <message>Putting generated edge: type:Used</message>
</record>
<record>
  <date>2012-10-17T19:47:51</date>
  <millis>1350521271158</millis>
  <sequence>63</sequence>
  <logger>spade.core.Query</logger>
  <level>WARNING</level>
  <class>spade.core.Query</class>
  <method>transformNetworkBoundaries</method>
  <thread>39</thread>
  <exception>
    <message>java.lang.NullPointerException</message>
    <frame>
      <class>spade.core.Query</class>
      <method>transformNetworkBoundaries</method>
      <line>836</line>
    </frame>
    <frame>
      <class>spade.core.Query</class>
      <method>executeQuery</method>
      <line>260</line>
    </frame>
    <frame>
      <class>spade.core.Kernel</class>
      <method>queryCommand</method>
      <line>604</line>
    </frame>
    <frame>
      <class>spade.core.LocalQueryConnection</class>
      <method>run</method>
      <line>1282</line>
    </frame>
    <frame>
      <class>java.lang.Thread</class>
      <method>run</method>
      <line>722</line>
    </frame>
  </exception>
</record>
<record>
  <date>2012-10-17T20:05:01</date>
  <millis>1350522301727</millis>
  <sequence>64</sequence>
  <logger>spade.reporter.FusionFUSE</logger>
  <level>INFO</level>
  <class>spade.reporter.FusionFUSE</class>
  <method>receivefile</method>
  <thread>48</thread>
  <message>Enter RECEIVE FILE ================================</message>
</record>
<record>
  <date>2012-10-17T20:05:01</date>
  <millis>1350522301729</millis>
  <sequence>65</sequence>
  <logger>spade.reporter.FusionFUSE</logger>
  <level>INFO</level>
  <class>spade.reporter.FusionFUSE</class>
  <method>receivefile</method>
  <thread>48</thread>
  <message>Putting net process: type:Process|subtype:NetworkProc|source host:192.168.1.22|destination host:192.168.1.23|source path:/home/cshou/FusionFS/fusionFS/fusion_root/uuu|destination path:/home/cshou/FusionFS/fusionFS/fusion_root/uuu</message>
</record>
<record>
  <date>2012-10-17T20:05:01</date>
  <millis>1350522301731</millis>
  <sequence>66</sequence>
  <logger>spade.reporter.FusionFUSE</logger>
  <level>INFO</level>
  <class>spade.reporter.FusionFUSE</class>
  <method>receivefile</method>
  <thread>48</thread>
  <message>Putting file vertex:type:Artifact|subtype:File|hostaddress:192.168.1.23|filename:uuu|path:/home/cshou/FusionFS/fusionFS/fusion_root/uuu|size:10|lastmodified_unix:1350522301000|lastmodified_simple:Wed Oct 17 20:05:01 2012</message>
</record>
<record>
  <date>2012-10-17T20:05:01</date>
  <millis>1350522301733</millis>
  <sequence>67</sequence>
  <logger>spade.reporter.FusionFUSE</logger>
  <level>INFO</level>
  <class>spade.reporter.FusionFUSE</class>
  <method>receivefile</method>
  <thread>48</thread>
  <message>Putting generated edge: type:WasGeneratedBy</message>
</record>
<record>
  <date>2012-10-17T20:07:22</date>
  <millis>1350522442457</millis>
  <sequence>68</sequence>
  <logger>spade.reporter.FusionFUSE</logger>
  <level>INFO</level>
  <class>spade.reporter.FusionFUSE</class>
  <method>receivefile</method>
  <thread>49</thread>
  <message>Enter RECEIVE FILE ================================</message>
</record>
<record>
  <date>2012-10-17T20:07:22</date>
  <millis>1350522442459</millis>
  <sequence>69</sequence>
  <logger>spade.reporter.FusionFUSE</logger>
  <level>INFO</level>
  <class>spade.reporter.FusionFUSE</class>
  <method>receivefile</method>
  <thread>49</thread>
  <message>Putting net process: type:Process|subtype:NetworkProc|source host:192.168.1.22|destination host:192.168.1.23|source path:/home/cshou/FusionFS/fusionFS/fusion_root/uuu|destination path:/home/cshou/FusionFS/fusionFS/fusion_root/uuu</message>
</record>
<record>
  <date>2012-10-17T20:07:22</date>
  <millis>1350522442461</millis>
  <sequence>70</sequence>
  <logger>spade.reporter.FusionFUSE</logger>
  <level>INFO</level>
  <class>spade.reporter.FusionFUSE</class>
  <method>receivefile</method>
  <thread>49</thread>
  <message>Putting file vertex:type:Artifact|subtype:File|hostaddress:192.168.1.23|filename:uuu|path:/home/cshou/FusionFS/fusionFS/fusion_root/uuu|size:10|lastmodified_unix:1350522442000|lastmodified_simple:Wed Oct 17 20:07:22 2012</message>
</record>
<record>
  <date>2012-10-17T20:07:22</date>
  <millis>1350522442463</millis>
  <sequence>71</sequence>
  <logger>spade.reporter.FusionFUSE</logger>
  <level>INFO</level>
  <class>spade.reporter.FusionFUSE</class>
  <method>receivefile</method>
  <thread>49</thread>
  <message>Putting generated edge: type:WasGeneratedBy</message>
</record>
<record>
  <date>2012-10-17T20:07:22</date>
  <millis>1350522442577</millis>
  <sequence>72</sequence>
  <logger>spade.reporter.FusionFUSE</logger>
  <level>INFO</level>
  <class>spade.reporter.FusionFUSE</class>
  <method>receivefile</method>
  <thread>50</thread>
  <message>Enter RECEIVE FILE ================================</message>
</record>
<record>
  <date>2012-10-17T20:07:22</date>
  <millis>1350522442579</millis>
  <sequence>73</sequence>
  <logger>spade.reporter.FusionFUSE</logger>
  <level>INFO</level>
  <class>spade.reporter.FusionFUSE</class>
  <method>receivefile</method>
  <thread>50</thread>
  <message>Putting net process: type:Process|subtype:NetworkProc|source host:192.168.1.22|destination host:192.168.1.23|source path:/home/cshou/FusionFS/fusionFS/fusion_root/uuu|destination path:/home/cshou/FusionFS/fusionFS/fusion_root/uuu</message>
</record>
<record>
  <date>2012-10-17T20:07:22</date>
  <millis>1350522442581</millis>
  <sequence>74</sequence>
  <logger>spade.reporter.FusionFUSE</logger>
  <level>INFO</level>
  <class>spade.reporter.FusionFUSE</class>
  <method>receivefile</method>
  <thread>50</thread>
  <message>Putting file vertex:type:Artifact|subtype:File|hostaddress:192.168.1.23|filename:uuu|path:/home/cshou/FusionFS/fusionFS/fusion_root/uuu|size:10|lastmodified_unix:1350522442000|lastmodified_simple:Wed Oct 17 20:07:22 2012</message>
</record>
<record>
  <date>2012-10-17T20:07:22</date>
  <millis>1350522442583</millis>
  <sequence>75</sequence>
  <logger>spade.reporter.FusionFUSE</logger>
  <level>INFO</level>
  <class>spade.reporter.FusionFUSE</class>
  <method>receivefile</method>
  <thread>50</thread>
  <message>Putting generated edge: type:WasGeneratedBy</message>
</record>
<record>
  <date>2012-10-17T20:07:26</date>
  <millis>1350522446270</millis>
  <sequence>76</sequence>
  <logger>spade.reporter.FusionFUSE</logger>
  <level>INFO</level>
  <class>spade.reporter.FusionFUSE</class>
  <method>write</method>
  <thread>51</thread>
  <message>Enter WRITE ================================</message>
</record>
<record>
  <date>2012-10-17T20:07:26</date>
  <millis>1350522446272</millis>
  <sequence>77</sequence>
  <logger>spade.reporter.FusionFUSE</logger>
  <level>INFO</level>
  <class>spade.reporter.FusionFUSE</class>
  <method>write</method>
  <thread>51</thread>
  <message>Trying to reach process with PID=17538</message>
</record>
<record>
  <date>2012-10-17T20:07:26</date>
  <millis>1350522446275</millis>
  <sequence>78</sequence>
  <logger>spade.reporter.FusionFUSE</logger>
  <level>INFO</level>
  <class>spade.reporter.FusionFUSE</class>
  <method>checkProgramTree</method>
  <thread>51</thread>
  <message>Putting program vertext:
type:Process|subtype:Program|pidname:cat|pid:17538|ppid:15842|starttime_unix:1350522441360|starttime_simple:Wed Oct 17 20:07:21 2012|group:17538|sessionid:15842|commandline:cat |hostname:hec-02|hostaddress:192.168.1.23|environment:TERM=xterm-256color, SHELL=/bin/bash, SSH_CLIENT=192.168.1.21 35938 22, SSH_TTY=/dev/pts/1, USER=cshou, LD_LIBRARY_PATH=/mnt/common/cshou/usr/include:/mnt/common/cshou/usr/lib:/mnt/common/cshou/FusionFS/fusionFS/src/ffsnet:/mnt/common/cshou/FusionFS/fusionFS/src/udt/src:/mnt/common/cshou/FusionFS/fusionFS/src/provenance, LS_COLORS=no=00:fi=00:di=01;34:ln=01;36:pi=40;33:so=01;35:do=01;35:bd=40;33;01:cd=40;33;01:or=40;31;01:su=37;41:sg=30;43:tw=30;42:ow=34;42:st=37;44:ex=01;32:*.tar=01;31:*.tgz=01;31:*.svgz=01;31:*.arj=01;31:*.taz=01;31:*.lzh=01;31:*.lzma=01;31:*.zip=01;31:*.z=01;31:*.Z=01;31:*.dz=01;31:*.gz=01;31:*.bz2=01;31:*.bz=01;31:*.tbz2=01;31:*.tz=01;31:*.deb=01;31:*.rpm=01;31:*.jar=01;31:*.rar=01;31:*.ace=01;31:*.zoo=01;31:*.cpio=01;31:*.7z=01;31:*.rz=01;31:*.jpg=01;35:*.jpeg=01;35:*.gif=01;35:*.bmp=01;35:*.pbm=01;35:*.pgm=01;35:*.ppm=01;35:*.tga=01;35:*.xbm=01;35:*.xpm=01;35:*.tif=01;35:*.tiff=01;35:*.png=01;35:*.svg=01;35:*.mng=01;35:*.pcx=01;35:*.mov=01;35:*.mpg=01;35:*.mpeg=01;35:*.m2v=01;35:*.mkv=01;35:*.ogm=01;35:*.mp4=01;35:*.m4v=01;35:*.mp4v=01;35:*.vob=01;35:*.qt=01;35:*.nuv=01;35:*.wmv=01;35:*.asf=01;35:*.rm=01;35:*.rmvb=01;35:*.flc=01;35:*.avi=01;35:*.fli=01;35:*.gl=01;35:*.dl=01;35:*.xcf=01;35:*.xwd=01;35:*.yuv=01;35:*.aac=00;36:*.au=00;36:*.flac=00;36:*.mid=00;36:*.midi=00;36:*.mka=00;36:*.mp3=00;36:*.mpc=00;36:*.ogg=00;36:*.ra=00;36:*.wav=00;36:, MAIL=/var/mail/cshou, PATH=/mnt/common/cshou/usr/jdk1.7.0/bin:/usr/local/sbin:/usr/local/bin:/usr/sbin:/usr/bin:/sbin:/bin:/usr/games, PWD=/home/cshou/FusionFS/fusionFS/fusion_mount, JAVA_HOME=/mnt/common/cshou/usr/jdk1.7.0, LANG=en_US.UTF-8, HISTCONTROL=ignoreboth, SHLVL=1, HOME=/export/home/cshou, LOGNAME=cshou, SSH_CONNECTION=192.168.1.21 35938 192.168.1.23 22, LESSOPEN=| /usr/bin/lesspipe %s, LESSCLOSE=/usr/bin/lesspipe %s %s, OLDPWD=/home/cshou/FusionFS/fusionFS, _=/bin/cat, </message>
</record>
<record>
  <date>2012-10-17T20:07:26</date>
  <millis>1350522446277</millis>
  <sequence>79</sequence>
  <logger>spade.reporter.FusionFUSE</logger>
  <level>INFO</level>
  <class>spade.reporter.FusionFUSE</class>
  <method>checkProgramTree</method>
  <thread>51</thread>
  <message>Putting temp agent vertex:
type:Agent|uid:1045|gid:1046</message>
</record>
<record>
  <date>2012-10-17T20:07:26</date>
  <millis>1350522446279</millis>
  <sequence>80</sequence>
  <logger>spade.reporter.FusionFUSE</logger>
  <level>INFO</level>
  <class>spade.reporter.FusionFUSE</class>
  <method>checkProgramTree</method>
  <thread>51</thread>
  <message>Putting WasControlledBy edge: between program vertex and temp agent</message>
</record>
<record>
  <date>2012-10-17T20:07:26</date>
  <millis>1350522446281</millis>
  <sequence>81</sequence>
  <logger>spade.reporter.FusionFUSE</logger>
  <level>INFO</level>
  <class>spade.reporter.FusionFUSE</class>
  <method>write</method>
  <thread>51</thread>
  <message>Putting File vertex:
type:Artifact|subtype:File|hostaddress:192.168.1.23|filename:uuu|path:/home/cshou/FusionFS/fusionFS/fusion_root/uuu|size:10|lastmodified_unix:1350522446000|lastmodified_simple:Wed Oct 17 20:07:26 2012</message>
</record>
<record>
  <date>2012-10-17T20:07:26</date>
  <millis>1350522446283</millis>
  <sequence>82</sequence>
  <logger>spade.reporter.FusionFUSE</logger>
  <level>INFO</level>
  <class>spade.reporter.FusionFUSE</class>
  <method>write</method>
  <thread>51</thread>
  <message>Putting WasGeneratedBy edge:
type:WasGeneratedBy|iotime:9|endtime:1350522446280</message>
</record>
<record>
  <date>2012-10-17T20:08:32</date>
  <millis>1350522512783</millis>
  <sequence>83</sequence>
  <logger>spade.reporter.FusionFUSE</logger>
  <level>INFO</level>
  <class>spade.reporter.FusionFUSE</class>
  <method>write</method>
  <thread>52</thread>
  <message>Enter WRITE ================================</message>
</record>
<record>
  <date>2012-10-17T20:08:32</date>
  <millis>1350522512785</millis>
  <sequence>84</sequence>
  <logger>spade.reporter.FusionFUSE</logger>
  <level>INFO</level>
  <class>spade.reporter.FusionFUSE</class>
  <method>write</method>
  <thread>52</thread>
  <message>Trying to reach process with PID=17548</message>
</record>
<record>
  <date>2012-10-17T20:08:32</date>
  <millis>1350522512789</millis>
  <sequence>85</sequence>
  <logger>spade.reporter.FusionFUSE</logger>
  <level>INFO</level>
  <class>spade.reporter.FusionFUSE</class>
  <method>checkProgramTree</method>
  <thread>52</thread>
  <message>Putting program vertext:
type:Process|subtype:Program|pidname:cat|pid:17548|ppid:15842|starttime_unix:1350522505580|starttime_simple:Wed Oct 17 20:08:25 2012|group:17548|sessionid:15842|commandline:cat |hostname:hec-02|hostaddress:192.168.1.23|environment:TERM=xterm-256color, SHELL=/bin/bash, SSH_CLIENT=192.168.1.21 35938 22, SSH_TTY=/dev/pts/1, USER=cshou, LD_LIBRARY_PATH=/mnt/common/cshou/usr/include:/mnt/common/cshou/usr/lib:/mnt/common/cshou/FusionFS/fusionFS/src/ffsnet:/mnt/common/cshou/FusionFS/fusionFS/src/udt/src:/mnt/common/cshou/FusionFS/fusionFS/src/provenance, LS_COLORS=no=00:fi=00:di=01;34:ln=01;36:pi=40;33:so=01;35:do=01;35:bd=40;33;01:cd=40;33;01:or=40;31;01:su=37;41:sg=30;43:tw=30;42:ow=34;42:st=37;44:ex=01;32:*.tar=01;31:*.tgz=01;31:*.svgz=01;31:*.arj=01;31:*.taz=01;31:*.lzh=01;31:*.lzma=01;31:*.zip=01;31:*.z=01;31:*.Z=01;31:*.dz=01;31:*.gz=01;31:*.bz2=01;31:*.bz=01;31:*.tbz2=01;31:*.tz=01;31:*.deb=01;31:*.rpm=01;31:*.jar=01;31:*.rar=01;31:*.ace=01;31:*.zoo=01;31:*.cpio=01;31:*.7z=01;31:*.rz=01;31:*.jpg=01;35:*.jpeg=01;35:*.gif=01;35:*.bmp=01;35:*.pbm=01;35:*.pgm=01;35:*.ppm=01;35:*.tga=01;35:*.xbm=01;35:*.xpm=01;35:*.tif=01;35:*.tiff=01;35:*.png=01;35:*.svg=01;35:*.mng=01;35:*.pcx=01;35:*.mov=01;35:*.mpg=01;35:*.mpeg=01;35:*.m2v=01;35:*.mkv=01;35:*.ogm=01;35:*.mp4=01;35:*.m4v=01;35:*.mp4v=01;35:*.vob=01;35:*.qt=01;35:*.nuv=01;35:*.wmv=01;35:*.asf=01;35:*.rm=01;35:*.rmvb=01;35:*.flc=01;35:*.avi=01;35:*.fli=01;35:*.gl=01;35:*.dl=01;35:*.xcf=01;35:*.xwd=01;35:*.yuv=01;35:*.aac=00;36:*.au=00;36:*.flac=00;36:*.mid=00;36:*.midi=00;36:*.mka=00;36:*.mp3=00;36:*.mpc=00;36:*.ogg=00;36:*.ra=00;36:*.wav=00;36:, MAIL=/var/mail/cshou, PATH=/mnt/common/cshou/usr/jdk1.7.0/bin:/usr/local/sbin:/usr/local/bin:/usr/sbin:/usr/bin:/sbin:/bin:/usr/games, PWD=/home/cshou/FusionFS/fusionFS/fusion_mount, JAVA_HOME=/mnt/common/cshou/usr/jdk1.7.0, LANG=en_US.UTF-8, HISTCONTROL=ignoreboth, SHLVL=1, HOME=/export/home/cshou, LOGNAME=cshou, SSH_CONNECTION=192.168.1.21 35938 192.168.1.23 22, LESSOPEN=| /usr/bin/lesspipe %s, LESSCLOSE=/usr/bin/lesspipe %s %s, OLDPWD=/home/cshou/FusionFS/fusionFS, _=/bin/cat, </message>
</record>
<record>
  <date>2012-10-17T20:08:32</date>
  <millis>1350522512790</millis>
  <sequence>86</sequence>
  <logger>spade.reporter.FusionFUSE</logger>
  <level>INFO</level>
  <class>spade.reporter.FusionFUSE</class>
  <method>checkProgramTree</method>
  <thread>52</thread>
  <message>Putting temp agent vertex:
type:Agent|uid:1045|gid:1046</message>
</record>
<record>
  <date>2012-10-17T20:08:32</date>
  <millis>1350522512792</millis>
  <sequence>87</sequence>
  <logger>spade.reporter.FusionFUSE</logger>
  <level>INFO</level>
  <class>spade.reporter.FusionFUSE</class>
  <method>checkProgramTree</method>
  <thread>52</thread>
  <message>Putting WasControlledBy edge: between program vertex and temp agent</message>
</record>
<record>
  <date>2012-10-17T20:08:32</date>
  <millis>1350522512794</millis>
  <sequence>88</sequence>
  <logger>spade.reporter.FusionFUSE</logger>
  <level>INFO</level>
  <class>spade.reporter.FusionFUSE</class>
  <method>write</method>
  <thread>52</thread>
  <message>Putting File vertex:
type:Artifact|subtype:File|hostaddress:192.168.1.23|filename:uuu|path:/home/cshou/FusionFS/fusionFS/fusion_root/uuu|size:16|lastmodified_unix:1350522512000|lastmodified_simple:Wed Oct 17 20:08:32 2012</message>
</record>
<record>
  <date>2012-10-17T20:08:32</date>
  <millis>1350522512796</millis>
  <sequence>89</sequence>
  <logger>spade.reporter.FusionFUSE</logger>
  <level>INFO</level>
  <class>spade.reporter.FusionFUSE</class>
  <method>write</method>
  <thread>52</thread>
  <message>Putting WasGeneratedBy edge:
type:WasGeneratedBy|iotime:35|endtime:1350522512794</message>
</record>
<record>
  <date>2012-10-17T20:08:56</date>
  <millis>1350522536771</millis>
  <sequence>90</sequence>
  <logger>spade.reporter.FusionFUSE</logger>
  <level>INFO</level>
  <class>spade.reporter.FusionFUSE</class>
  <method>sendfile</method>
  <thread>53</thread>
  <message>Enter SEND FILE =========================</message>
</record>
<record>
  <date>2012-10-17T20:08:56</date>
  <millis>1350522536773</millis>
  <sequence>91</sequence>
  <logger>spade.reporter.FusionFUSE</logger>
  <level>INFO</level>
  <class>spade.reporter.FusionFUSE</class>
  <method>sendfile</method>
  <thread>53</thread>
  <message>Putting file vertex:type:Artifact|subtype:File|hostaddress:192.168.1.23|filename:iii|path:/home/cshou/FusionFS/fusionFS/fusion_root/iii|size:10|lastmodified_unix:1350520988000|lastmodified_simple:Wed Oct 17 19:43:08 2012</message>
</record>
<record>
  <date>2012-10-17T20:08:56</date>
  <millis>1350522536775</millis>
  <sequence>92</sequence>
  <logger>spade.reporter.FusionFUSE</logger>
  <level>INFO</level>
  <class>spade.reporter.FusionFUSE</class>
  <method>sendfile</method>
  <thread>53</thread>
  <message>Putting net process: type:Process|subtype:NetworkProc|source host:192.168.1.23|destination host:192.168.1.22|source path:/home/cshou/FusionFS/fusionFS/fusion_root/iii|destination path:/home/cshou/FusionFS/fusionFS/fusion_root/iii</message>
</record>
<record>
  <date>2012-10-17T20:08:56</date>
  <millis>1350522536775</millis>
  <sequence>93</sequence>
  <logger>spade.reporter.FusionFUSE</logger>
  <level>INFO</level>
  <class>spade.reporter.FusionFUSE</class>
  <method>sendfile</method>
  <thread>54</thread>
  <message>Enter SEND FILE =========================</message>
</record>
<record>
  <date>2012-10-17T20:08:56</date>
  <millis>1350522536776</millis>
  <sequence>94</sequence>
  <logger>spade.reporter.FusionFUSE</logger>
  <level>INFO</level>
  <class>spade.reporter.FusionFUSE</class>
  <method>sendfile</method>
  <thread>53</thread>
  <message>Putting generated edge: type:Used</message>
</record>
<record>
  <date>2012-10-17T20:08:56</date>
  <millis>1350522536778</millis>
  <sequence>95</sequence>
  <logger>spade.reporter.FusionFUSE</logger>
  <level>INFO</level>
  <class>spade.reporter.FusionFUSE</class>
  <method>sendfile</method>
  <thread>54</thread>
  <message>Putting file vertex:type:Artifact|subtype:File|hostaddress:192.168.1.23|filename:uuu|path:/home/cshou/FusionFS/fusionFS/fusion_root/uuu|size:16|lastmodified_unix:1350522512000|lastmodified_simple:Wed Oct 17 20:08:32 2012</message>
</record>
<record>
  <date>2012-10-17T20:08:56</date>
  <millis>1350522536781</millis>
  <sequence>96</sequence>
  <logger>spade.reporter.FusionFUSE</logger>
  <level>INFO</level>
  <class>spade.reporter.FusionFUSE</class>
  <method>sendfile</method>
  <thread>54</thread>
  <message>Putting net process: type:Process|subtype:NetworkProc|source host:192.168.1.23|destination host:192.168.1.22|source path:/home/cshou/FusionFS/fusionFS/fusion_root/uuu|destination path:/home/cshou/FusionFS/fusionFS/fusion_root/uuu</message>
</record>
<record>
  <date>2012-10-17T20:08:56</date>
  <millis>1350522536783</millis>
  <sequence>97</sequence>
  <logger>spade.reporter.FusionFUSE</logger>
  <level>INFO</level>
  <class>spade.reporter.FusionFUSE</class>
  <method>sendfile</method>
  <thread>54</thread>
  <message>Putting generated edge: type:Used</message>
</record>
<record>
  <date>2012-10-17T20:09:46</date>
  <millis>1350522586873</millis>
  <sequence>98</sequence>
  <logger>spade.reporter.FusionFUSE</logger>
  <level>INFO</level>
  <class>spade.reporter.FusionFUSE</class>
  <method>sendfile</method>
  <thread>55</thread>
  <message>Enter SEND FILE =========================</message>
</record>
<record>
  <date>2012-10-17T20:09:46</date>
  <millis>1350522586877</millis>
  <sequence>100</sequence>
  <logger>spade.reporter.FusionFUSE</logger>
  <level>INFO</level>
  <class>spade.reporter.FusionFUSE</class>
  <method>sendfile</method>
  <thread>56</thread>
  <message>Enter SEND FILE =========================</message>
</record>
<record>
  <date>2012-10-17T20:09:46</date>
  <millis>1350522586876</millis>
  <sequence>99</sequence>
  <logger>spade.reporter.FusionFUSE</logger>
  <level>INFO</level>
  <class>spade.reporter.FusionFUSE</class>
  <method>sendfile</method>
  <thread>55</thread>
  <message>Putting file vertex:type:Artifact|subtype:File|hostaddress:192.168.1.23|filename:iii|path:/home/cshou/FusionFS/fusionFS/fusion_root/iii|size:10|lastmodified_unix:1350520988000|lastmodified_simple:Wed Oct 17 19:43:08 2012</message>
</record>
<record>
  <date>2012-10-17T20:09:46</date>
  <millis>1350522586879</millis>
  <sequence>101</sequence>
  <logger>spade.reporter.FusionFUSE</logger>
  <level>INFO</level>
  <class>spade.reporter.FusionFUSE</class>
  <method>sendfile</method>
  <thread>55</thread>
  <message>Putting net process: type:Process|subtype:NetworkProc|source host:192.168.1.23|destination host:192.168.1.22|source path:/home/cshou/FusionFS/fusionFS/fusion_root/iii|destination path:/home/cshou/FusionFS/fusionFS/fusion_root/iii</message>
</record>
<record>
  <date>2012-10-17T20:09:46</date>
  <millis>1350522586880</millis>
  <sequence>102</sequence>
  <logger>spade.reporter.FusionFUSE</logger>
  <level>INFO</level>
  <class>spade.reporter.FusionFUSE</class>
  <method>sendfile</method>
  <thread>56</thread>
  <message>Putting file vertex:type:Artifact|subtype:File|hostaddress:192.168.1.23|filename:iii|path:/home/cshou/FusionFS/fusionFS/fusion_root/iii|size:10|lastmodified_unix:1350520988000|lastmodified_simple:Wed Oct 17 19:43:08 2012</message>
</record>
<record>
  <date>2012-10-17T20:09:46</date>
  <millis>1350522586881</millis>
  <sequence>103</sequence>
  <logger>spade.reporter.FusionFUSE</logger>
  <level>INFO</level>
  <class>spade.reporter.FusionFUSE</class>
  <method>sendfile</method>
  <thread>55</thread>
  <message>Putting generated edge: type:Used</message>
</record>
<record>
  <date>2012-10-17T20:09:46</date>
  <millis>1350522586883</millis>
  <sequence>104</sequence>
  <logger>spade.reporter.FusionFUSE</logger>
  <level>INFO</level>
  <class>spade.reporter.FusionFUSE</class>
  <method>sendfile</method>
  <thread>56</thread>
  <message>Putting net process: type:Process|subtype:NetworkProc|source host:192.168.1.23|destination host:192.168.1.22|source path:/home/cshou/FusionFS/fusionFS/fusion_root/iii|destination path:/home/cshou/FusionFS/fusionFS/fusion_root/iii</message>
</record>
<record>
  <date>2012-10-17T20:09:46</date>
  <millis>1350522586886</millis>
  <sequence>105</sequence>
  <logger>spade.reporter.FusionFUSE</logger>
  <level>INFO</level>
  <class>spade.reporter.FusionFUSE</class>
  <method>sendfile</method>
  <thread>56</thread>
  <message>Putting generated edge: type:Used</message>
</record>
<record>
  <date>2012-10-17T20:16:43</date>
  <millis>1350523003517</millis>
  <sequence>106</sequence>
  <logger>spade.reporter.FusionFUSE</logger>
  <level>INFO</level>
  <class>spade.reporter.FusionFUSE</class>
  <method>receivefile</method>
  <thread>57</thread>
  <message>Enter RECEIVE FILE ================================</message>
</record>
<record>
  <date>2012-10-17T20:16:43</date>
  <millis>1350523003518</millis>
  <sequence>107</sequence>
  <logger>spade.reporter.FusionFUSE</logger>
  <level>INFO</level>
  <class>spade.reporter.FusionFUSE</class>
  <method>read</method>
  <thread>58</thread>
  <message>Enter READ ================================</message>
</record>
<record>
  <date>2012-10-17T20:16:43</date>
  <millis>1350523003519</millis>
  <sequence>108</sequence>
  <logger>spade.reporter.FusionFUSE</logger>
  <level>INFO</level>
  <class>spade.reporter.FusionFUSE</class>
  <method>receivefile</method>
  <thread>57</thread>
  <message>Putting net process: type:Process|subtype:NetworkProc|source host:192.168.1.22|destination host:192.168.1.23|source path:/home/cshou/FusionFS/fusionFS/fusion_root/iii|destination path:/home/cshou/FusionFS/fusionFS/fusion_root/iii</message>
</record>
<record>
  <date>2012-10-17T20:16:43</date>
  <millis>1350523003521</millis>
  <sequence>109</sequence>
  <logger>spade.reporter.FusionFUSE</logger>
  <level>INFO</level>
  <class>spade.reporter.FusionFUSE</class>
  <method>read</method>
  <thread>58</thread>
  <message>Trying to reach process with PID=17579</message>
</record>
<record>
  <date>2012-10-17T20:16:43</date>
  <millis>1350523003523</millis>
  <sequence>110</sequence>
  <logger>spade.reporter.FusionFUSE</logger>
  <level>INFO</level>
  <class>spade.reporter.FusionFUSE</class>
  <method>receivefile</method>
  <thread>57</thread>
  <message>Putting file vertex:type:Artifact|subtype:File|hostaddress:192.168.1.23|filename:iii|path:/home/cshou/FusionFS/fusionFS/fusion_root/iii|size:0|lastmodified_unix:0|lastmodified_simple:Wed Dec 31 18:00:00 1969</message>
</record>
<record>
  <date>2012-10-17T20:16:43</date>
  <millis>1350523003524</millis>
  <sequence>111</sequence>
  <logger>spade.reporter.FusionFUSE</logger>
  <level>SEVERE</level>
  <class>spade.reporter.FusionFUSE</class>
  <method>createProgramVertex</method>
  <thread>58</thread>
  <exception>
    <message>java.io.FileNotFoundException: /proc/17579/status (No such file or directory)</message>
    <frame>
      <class>java.io.FileInputStream</class>
      <method>open</method>
    </frame>
    <frame>
      <class>java.io.FileInputStream</class>
      <method>&lt;init&gt;</method>
      <line>138</line>
    </frame>
    <frame>
      <class>java.io.FileInputStream</class>
      <method>&lt;init&gt;</method>
      <line>97</line>
    </frame>
    <frame>
      <class>java.io.FileReader</class>
      <method>&lt;init&gt;</method>
      <line>58</line>
    </frame>
    <frame>
      <class>spade.reporter.FusionFUSE</class>
      <method>createProgramVertex</method>
      <line>177</line>
    </frame>
    <frame>
      <class>spade.reporter.FusionFUSE</class>
      <method>checkProgramTree</method>
      <line>280</line>
    </frame>
    <frame>
      <class>spade.reporter.FusionFUSE</class>
      <method>read</method>
      <line>323</line>
    </frame>
  </exception>
</record>
<record>
  <date>2012-10-17T20:16:43</date>
  <millis>1350523003526</millis>
  <sequence>112</sequence>
  <logger>spade.reporter.FusionFUSE</logger>
  <level>INFO</level>
  <class>spade.reporter.FusionFUSE</class>
  <method>receivefile</method>
  <thread>57</thread>
  <message>Putting generated edge: type:WasGeneratedBy</message>
</record>
<record>
  <date>2012-10-17T20:16:43</date>
  <millis>1350523003528</millis>
  <sequence>113</sequence>
  <logger>spade.reporter.FusionFUSE</logger>
  <level>INFO</level>
  <class>spade.reporter.FusionFUSE</class>
  <method>read</method>
  <thread>58</thread>
  <message>Putting File vertext: 
type:Artifact|subtype:File|hostaddress:192.168.1.23|filename:iii|path:/home/cshou/FusionFS/fusionFS/fusion_root/iii|size:0|lastmodified_unix:0|lastmodified_simple:Wed Dec 31 18:00:00 1969</message>
</record>
<record>
  <date>2012-10-17T20:16:43</date>
  <millis>1350523003531</millis>
  <sequence>114</sequence>
  <logger>spade.core.Buffer</logger>
  <level>WARNING</level>
  <class>spade.core.Buffer</class>
  <method>putEdge</method>
  <thread>58</thread>
  <message>Not putting edge. Source is null</message>
</record>
<record>
  <date>2012-10-17T20:16:43</date>
  <millis>1350523003532</millis>
  <sequence>115</sequence>
  <logger>spade.core.Buffer</logger>
  <level>WARNING</level>
  <class>spade.core.Buffer</class>
  <method>putEdge</method>
  <thread>58</thread>
  <message>Not putting edge. End vertices are equal</message>
</record>
<record>
  <date>2012-10-17T20:16:43</date>
  <millis>1350523003534</millis>
  <sequence>116</sequence>
  <logger>spade.reporter.FusionFUSE</logger>
  <level>INFO</level>
  <class>spade.reporter.FusionFUSE</class>
  <method>read</method>
  <thread>58</thread>
  <message>Putting Used edge: 
type:Used|iotime:6|endtime:1350523003528</message>
</record>
<record>
  <date>2012-10-17T20:19:43</date>
  <millis>1350523183507</millis>
  <sequence>117</sequence>
  <logger>spade.reporter.FusionFUSE</logger>
  <level>INFO</level>
  <class>spade.reporter.FusionFUSE</class>
  <method>receivefile</method>
  <thread>59</thread>
  <message>Enter RECEIVE FILE ================================</message>
</record>
<record>
  <date>2012-10-17T20:19:43</date>
  <millis>1350523183508</millis>
  <sequence>118</sequence>
  <logger>spade.reporter.FusionFUSE</logger>
  <level>INFO</level>
  <class>spade.reporter.FusionFUSE</class>
  <method>read</method>
  <thread>60</thread>
  <message>Enter READ ================================</message>
</record>
<record>
  <date>2012-10-17T20:19:43</date>
  <millis>1350523183509</millis>
  <sequence>119</sequence>
  <logger>spade.reporter.FusionFUSE</logger>
  <level>INFO</level>
  <class>spade.reporter.FusionFUSE</class>
  <method>receivefile</method>
  <thread>59</thread>
  <message>Putting net process: type:Process|subtype:NetworkProc|source host:192.168.1.22|destination host:192.168.1.23|source path:/home/cshou/FusionFS/fusionFS/fusion_root/iii|destination path:/home/cshou/FusionFS/fusionFS/fusion_root/iii</message>
</record>
<record>
  <date>2012-10-17T20:19:43</date>
  <millis>1350523183511</millis>
  <sequence>120</sequence>
  <logger>spade.reporter.FusionFUSE</logger>
  <level>INFO</level>
  <class>spade.reporter.FusionFUSE</class>
  <method>read</method>
  <thread>60</thread>
  <message>Trying to reach process with PID=17607</message>
</record>
<record>
  <date>2012-10-17T20:19:43</date>
  <millis>1350523183513</millis>
  <sequence>121</sequence>
  <logger>spade.reporter.FusionFUSE</logger>
  <level>INFO</level>
  <class>spade.reporter.FusionFUSE</class>
  <method>receivefile</method>
  <thread>59</thread>
  <message>Putting file vertex:type:Artifact|subtype:File|hostaddress:192.168.1.23|filename:iii|path:/home/cshou/FusionFS/fusionFS/fusion_root/iii|size:0|lastmodified_unix:0|lastmodified_simple:Wed Dec 31 18:00:00 1969</message>
</record>
<record>
  <date>2012-10-17T20:19:43</date>
  <millis>1350523183514</millis>
  <sequence>122</sequence>
  <logger>spade.reporter.FusionFUSE</logger>
  <level>SEVERE</level>
  <class>spade.reporter.FusionFUSE</class>
  <method>createProgramVertex</method>
  <thread>60</thread>
  <exception>
    <message>java.io.FileNotFoundException: /proc/17607/status (No such file or directory)</message>
    <frame>
      <class>java.io.FileInputStream</class>
      <method>open</method>
    </frame>
    <frame>
      <class>java.io.FileInputStream</class>
      <method>&lt;init&gt;</method>
      <line>138</line>
    </frame>
    <frame>
      <class>java.io.FileInputStream</class>
      <method>&lt;init&gt;</method>
      <line>97</line>
    </frame>
    <frame>
      <class>java.io.FileReader</class>
      <method>&lt;init&gt;</method>
      <line>58</line>
    </frame>
    <frame>
      <class>spade.reporter.FusionFUSE</class>
      <method>createProgramVertex</method>
      <line>177</line>
    </frame>
    <frame>
      <class>spade.reporter.FusionFUSE</class>
      <method>checkProgramTree</method>
      <line>280</line>
    </frame>
    <frame>
      <class>spade.reporter.FusionFUSE</class>
      <method>read</method>
      <line>323</line>
    </frame>
  </exception>
</record>
<record>
  <date>2012-10-17T20:19:43</date>
  <millis>1350523183515</millis>
  <sequence>123</sequence>
  <logger>spade.reporter.FusionFUSE</logger>
  <level>INFO</level>
  <class>spade.reporter.FusionFUSE</class>
  <method>receivefile</method>
  <thread>59</thread>
  <message>Putting generated edge: type:WasGeneratedBy</message>
</record>
<record>
  <date>2012-10-17T20:19:43</date>
  <millis>1350523183517</millis>
  <sequence>124</sequence>
  <logger>spade.reporter.FusionFUSE</logger>
  <level>INFO</level>
  <class>spade.reporter.FusionFUSE</class>
  <method>read</method>
  <thread>60</thread>
  <message>Putting File vertext: 
type:Artifact|subtype:File|hostaddress:192.168.1.23|filename:iii|path:/home/cshou/FusionFS/fusionFS/fusion_root/iii|size:0|lastmodified_unix:0|lastmodified_simple:Wed Dec 31 18:00:00 1969</message>
</record>
<record>
  <date>2012-10-17T20:19:43</date>
  <millis>1350523183520</millis>
  <sequence>125</sequence>
  <logger>spade.core.Buffer</logger>
  <level>WARNING</level>
  <class>spade.core.Buffer</class>
  <method>putEdge</method>
  <thread>60</thread>
  <message>Not putting edge. Source is null</message>
</record>
<record>
  <date>2012-10-17T20:19:43</date>
  <millis>1350523183522</millis>
  <sequence>126</sequence>
  <logger>spade.core.Buffer</logger>
  <level>WARNING</level>
  <class>spade.core.Buffer</class>
  <method>putEdge</method>
  <thread>60</thread>
  <message>Not putting edge. End vertices are equal</message>
</record>
<record>
  <date>2012-10-17T20:19:43</date>
  <millis>1350523183525</millis>
  <sequence>127</sequence>
  <logger>spade.reporter.FusionFUSE</logger>
  <level>INFO</level>
  <class>spade.reporter.FusionFUSE</class>
  <method>read</method>
  <thread>60</thread>
  <message>Putting Used edge: 
type:Used|iotime:4|endtime:1350523183517</message>
</record>
<record>
  <date>2012-10-17T20:32:40</date>
  <millis>1350523960367</millis>
  <sequence>128</sequence>
  <logger>spade.reporter.FusionFUSE</logger>
  <level>INFO</level>
  <class>spade.reporter.FusionFUSE</class>
  <method>receivefile</method>
  <thread>61</thread>
  <message>Enter RECEIVE FILE ================================</message>
</record>
<record>
  <date>2012-10-17T20:32:40</date>
  <millis>1350523960368</millis>
  <sequence>129</sequence>
  <logger>spade.reporter.FusionFUSE</logger>
  <level>INFO</level>
  <class>spade.reporter.FusionFUSE</class>
  <method>read</method>
  <thread>62</thread>
  <message>Enter READ ================================</message>
</record>
<record>
  <date>2012-10-17T20:32:40</date>
  <millis>1350523960369</millis>
  <sequence>130</sequence>
  <logger>spade.reporter.FusionFUSE</logger>
  <level>INFO</level>
  <class>spade.reporter.FusionFUSE</class>
  <method>receivefile</method>
  <thread>61</thread>
  <message>Putting net process: type:Process|subtype:NetworkProc|source host:192.168.1.22|destination host:192.168.1.23|source path:/home/cshou/FusionFS/fusionFS/fusion_root/iii|destination path:/home/cshou/FusionFS/fusionFS/fusion_root/iii</message>
</record>
<record>
  <date>2012-10-17T20:32:40</date>
  <millis>1350523960373</millis>
  <sequence>132</sequence>
  <logger>spade.reporter.FusionFUSE</logger>
  <level>INFO</level>
  <class>spade.reporter.FusionFUSE</class>
  <method>receivefile</method>
  <thread>61</thread>
  <message>Putting file vertex:type:Artifact|subtype:File|hostaddress:192.168.1.23|filename:iii|path:/home/cshou/FusionFS/fusionFS/fusion_root/iii|size:0|lastmodified_unix:0|lastmodified_simple:Wed Dec 31 18:00:00 1969</message>
</record>
<record>
  <date>2012-10-17T20:32:40</date>
  <millis>1350523960371</millis>
  <sequence>131</sequence>
  <logger>spade.reporter.FusionFUSE</logger>
  <level>INFO</level>
  <class>spade.reporter.FusionFUSE</class>
  <method>read</method>
  <thread>62</thread>
  <message>Trying to reach process with PID=17648</message>
</record>
<record>
  <date>2012-10-17T20:32:40</date>
  <millis>1350523960374</millis>
  <sequence>133</sequence>
  <logger>spade.reporter.FusionFUSE</logger>
  <level>INFO</level>
  <class>spade.reporter.FusionFUSE</class>
  <method>receivefile</method>
  <thread>61</thread>
  <message>Putting generated edge: type:WasGeneratedBy</message>
</record>
<record>
  <date>2012-10-17T20:32:40</date>
  <millis>1350523960376</millis>
  <sequence>134</sequence>
  <logger>spade.reporter.FusionFUSE</logger>
  <level>SEVERE</level>
  <class>spade.reporter.FusionFUSE</class>
  <method>createProgramVertex</method>
  <thread>62</thread>
  <exception>
    <message>java.io.FileNotFoundException: /proc/17648/status (No such file or directory)</message>
    <frame>
      <class>java.io.FileInputStream</class>
      <method>open</method>
    </frame>
    <frame>
      <class>java.io.FileInputStream</class>
      <method>&lt;init&gt;</method>
      <line>138</line>
    </frame>
    <frame>
      <class>java.io.FileInputStream</class>
      <method>&lt;init&gt;</method>
      <line>97</line>
    </frame>
    <frame>
      <class>java.io.FileReader</class>
      <method>&lt;init&gt;</method>
      <line>58</line>
    </frame>
    <frame>
      <class>spade.reporter.FusionFUSE</class>
      <method>createProgramVertex</method>
      <line>177</line>
    </frame>
    <frame>
      <class>spade.reporter.FusionFUSE</class>
      <method>checkProgramTree</method>
      <line>280</line>
    </frame>
    <frame>
      <class>spade.reporter.FusionFUSE</class>
      <method>read</method>
      <line>323</line>
    </frame>
  </exception>
</record>
<record>
  <date>2012-10-17T20:32:40</date>
  <millis>1350523960379</millis>
  <sequence>135</sequence>
  <logger>spade.reporter.FusionFUSE</logger>
  <level>INFO</level>
  <class>spade.reporter.FusionFUSE</class>
  <method>read</method>
  <thread>62</thread>
  <message>Putting File vertext: 
type:Artifact|subtype:File|hostaddress:192.168.1.23|filename:iii|path:/home/cshou/FusionFS/fusionFS/fusion_root/iii|size:0|lastmodified_unix:0|lastmodified_simple:Wed Dec 31 18:00:00 1969</message>
</record>
<record>
  <date>2012-10-17T20:32:40</date>
  <millis>1350523960381</millis>
  <sequence>136</sequence>
  <logger>spade.core.Buffer</logger>
  <level>WARNING</level>
  <class>spade.core.Buffer</class>
  <method>putEdge</method>
  <thread>62</thread>
  <message>Not putting edge. Source is null</message>
</record>
<record>
  <date>2012-10-17T20:32:40</date>
  <millis>1350523960382</millis>
  <sequence>137</sequence>
  <logger>spade.core.Buffer</logger>
  <level>WARNING</level>
  <class>spade.core.Buffer</class>
  <method>putEdge</method>
  <thread>62</thread>
  <message>Not putting edge. End vertices are equal</message>
</record>
<record>
  <date>2012-10-17T20:32:40</date>
  <millis>1350523960384</millis>
  <sequence>138</sequence>
  <logger>spade.reporter.FusionFUSE</logger>
  <level>INFO</level>
  <class>spade.reporter.FusionFUSE</class>
  <method>read</method>
  <thread>62</thread>
  <message>Putting Used edge: 
type:Used|iotime:4|endtime:1350523960379</message>
</record>
<record>
  <date>2012-10-17T20:45:29</date>
  <millis>1350524729987</millis>
  <sequence>139</sequence>
  <logger>spade.reporter.FusionFUSE</logger>
  <level>INFO</level>
  <class>spade.reporter.FusionFUSE</class>
  <method>sendfile</method>
  <thread>63</thread>
  <message>Enter SEND FILE =========================</message>
</record>
<record>
  <date>2012-10-17T20:45:29</date>
  <millis>1350524729990</millis>
  <sequence>140</sequence>
  <logger>spade.reporter.FusionFUSE</logger>
  <level>INFO</level>
  <class>spade.reporter.FusionFUSE</class>
  <method>sendfile</method>
  <thread>63</thread>
  <message>Putting file vertex:type:Artifact|subtype:File|hostaddress:192.168.1.23|filename:uuu|path:/home/cshou/FusionFS/fusionFS/fusion_root/uuu|size:16|lastmodified_unix:1350522512000|lastmodified_simple:Wed Oct 17 20:08:32 2012</message>
</record>
<record>
  <date>2012-10-17T20:45:29</date>
  <millis>1350524729992</millis>
  <sequence>142</sequence>
  <logger>spade.reporter.FusionFUSE</logger>
  <level>INFO</level>
  <class>spade.reporter.FusionFUSE</class>
  <method>sendfile</method>
  <thread>63</thread>
  <message>Putting net process: type:Process|subtype:NetworkProc|source host:192.168.1.23|destination host:192.168.1.22|source path:/home/cshou/FusionFS/fusionFS/fusion_root/uuu|destination path:/home/cshou/FusionFS/fusionFS/fusion_root/uuu</message>
</record>
<record>
  <date>2012-10-17T20:45:29</date>
  <millis>1350524729991</millis>
  <sequence>141</sequence>
  <logger>spade.reporter.FusionFUSE</logger>
  <level>INFO</level>
  <class>spade.reporter.FusionFUSE</class>
  <method>sendfile</method>
  <thread>64</thread>
  <message>Enter SEND FILE =========================</message>
</record>
<record>
  <date>2012-10-17T20:45:29</date>
  <millis>1350524729995</millis>
  <sequence>143</sequence>
  <logger>spade.reporter.FusionFUSE</logger>
  <level>INFO</level>
  <class>spade.reporter.FusionFUSE</class>
  <method>sendfile</method>
  <thread>63</thread>
  <message>Putting generated edge: type:Used</message>
</record>
<record>
  <date>2012-10-17T20:45:29</date>
  <millis>1350524729996</millis>
  <sequence>144</sequence>
  <logger>spade.reporter.FusionFUSE</logger>
  <level>INFO</level>
  <class>spade.reporter.FusionFUSE</class>
  <method>sendfile</method>
  <thread>64</thread>
  <message>Putting file vertex:type:Artifact|subtype:File|hostaddress:192.168.1.23|filename:uuu|path:/home/cshou/FusionFS/fusionFS/fusion_root/uuu|size:16|lastmodified_unix:1350522512000|lastmodified_simple:Wed Oct 17 20:08:32 2012</message>
</record>
<record>
  <date>2012-10-17T20:45:29</date>
  <millis>1350524729998</millis>
  <sequence>145</sequence>
  <logger>spade.reporter.FusionFUSE</logger>
  <level>INFO</level>
  <class>spade.reporter.FusionFUSE</class>
  <method>sendfile</method>
  <thread>64</thread>
  <message>Putting net process: type:Process|subtype:NetworkProc|source host:192.168.1.23|destination host:192.168.1.22|source path:/home/cshou/FusionFS/fusionFS/fusion_root/uuu|destination path:/home/cshou/FusionFS/fusionFS/fusion_root/uuu</message>
</record>
<record>
  <date>2012-10-17T20:45:29</date>
  <millis>1350524729999</millis>
  <sequence>146</sequence>
  <logger>spade.reporter.FusionFUSE</logger>
  <level>INFO</level>
  <class>spade.reporter.FusionFUSE</class>
  <method>sendfile</method>
  <thread>64</thread>
  <message>Putting generated edge: type:Used</message>
</record>
</log>
