#
# A fatal error has been detected by the Java Runtime Environment:
#
#  SIGSEGV (0xb) at pc=0x00007f5c1d3e950b, pid=25072, tid=140033396349264
#
# JRE version: 7.0-b147
# Java VM: Java HotSpot(TM) 64-Bit Server VM (21.0-b17 mixed mode linux-amd64 compressed oops)
# Problematic frame:
# V  [libjvm.so+0x53f50b]  JNI_ArgumentPusherVaArg::JNI_ArgumentPusherVaArg(_jmethodID*, __va_list_tag*)+0x1b
#
# Failed to write core dump. Core dumps have been disabled. To enable core dumping, try "ulimit -c unlimited" before starting Java again
#
# If you would like to submit a bug report, please visit:
#   http://bugreport.sun.com/bugreport/crash.jsp
#

---------------  T H R E A D  ---------------

Current thread (0x0000000001373800):  JavaThread "Thread-12" [_thread_in_vm, id=25115, stack(0x00007f5c10589000,0x00007f5c10d8a000)]

siginfo:si_signo=SIGSEGV: si_errno=0, si_code=1 (SEGV_MAPERR), si_addr=0x0000000000000000

Registers:
RAX=0x00007f5c10d88750, RBX=0x00007f5c10d886a0, RCX=0x00007f5c1d3d0b4c, RDX=0x00007f5c10d88700
RSP=0x00007f5c10d88640, RBP=0x00007f5c10d88670, RSI=0x0000000000000000, RDI=0x00007f5c10d886a0
R8 =0x00007f5c1426bd38, R9 =0x00007f5c1426bd40, R10=0x00007f5c1d3d0ad0, R11=0x0000000000000000
R12=0x00007f5c10d88700, R13=0x00007f5c10d886e0, R14=0x0000000000000000, R15=0x00000000013739d0
RIP=0x00007f5c1d3e950b, EFLAGS=0x0000000000010202, CSGSFS=0x0000000000000033, ERR=0x0000000000000004
  TRAPNO=0x000000000000000e

Top of Stack: (sp=0x00007f5c10d88640)
0x00007f5c10d88640:   0000000000000000 0000000001000021
0x00007f5c10d88650:   00007f5c10d886a0 0000000001373800
0x00007f5c10d88660:   00007f5c10d886e0 0000000000000000
0x00007f5c10d88670:   00007f5c10d88830 00007f5c1d3d0c1c
0x00007f5c10d88680:   00007f5c10d88669 0000000800000002
0x00007f5c10d88690:   00007f5c10d88600 00007f5c10f8ab20
0x00007f5c10d886a0:   0000000000b11958 0000000000b11958
0x00007f5c10d886b0:   0000000000b11970 0000000000b11970
0x00007f5c10d886c0:   00000000fffffffe 0000000000b11920
0x00007f5c10d886d0:   0000000000b11930 00007f5c1db38230
0x00007f5c10d886e0:   0000000001373800 0000000000000000
0x00007f5c10d886f0:   000000000000000e 000000000000002d
0x00007f5c10d88700:   0000003000000018 00007f5c10d88840
0x00007f5c10d88710:   00007f5c10d88750 0000000000b11930
0x00007f5c10d88720:   00007f5c0000000e 00007f5c1d38518e
0x00007f5c10d88730:   0000000001373800 0000000001373800
0x00007f5c10d88740:   0000000001373800 00000000f5ed5b70
0x00007f5c10d88750:   0000000000b11928 0000000000000000
0x00007f5c10d88760:   00007f5c10d88790 00007f5c1426bd30
0x00007f5c10d88770:   00007f5c1426bd38 00007f5c1426bd40
0x00007f5c10d88780:   0000000000000000 00000000013730f0
0x00007f5c10d88790:   00007f5c10d887c0 0000000001373800
0x00007f5c10d887a0:   0000000000000000 00000000013739d0
0x00007f5c10d887b0:   0000000001373800 00007f5c1426bd40
0x00007f5c10d887c0:   00007f5c10d88830 00007f5c1d3e6566
0x00007f5c10d887d0:   0000000001373800 0000000000000000
0x00007f5c10d887e0:   0000000000b11920 00007f5c10f8a9f0
0x00007f5c10d887f0:   0000000001373800 0000000001373800
0x00007f5c10d88800:   0000004100000005 0000000000000000
0x00007f5c10d88810:   0000000000000000 00007f5c10d89950
0x00007f5c10d88820:   00007f5c1e716040 00007f5c10f8a9f0
0x00007f5c10d88830:   00007f5c10d88880 00007f5c111c9de0 

Instructions: (pc=0x00007f5c1d3e950b)
0x00007f5c1d3e94eb:   ff ff ff 90 90 55 48 89 e5 48 89 5d e0 4c 89 65
0x00007f5c1d3e94fb:   e8 49 89 d4 4c 89 6d f0 4c 89 75 f8 48 83 ec 30
0x00007f5c1d3e950b:   48 8b 16 48 89 fb 48 8b 42 10 48 8b 52 18 0f b7
0x00007f5c1d3e951b:   48 42 4c 63 e9 4e 8d 74 ea 40 49 8b 06 48 89 45 

Register to memory mapping:

RAX=0x00007f5c10d88750 is pointing into the stack for thread: 0x0000000001373800
RBX=0x00007f5c10d886a0 is pointing into the stack for thread: 0x0000000001373800
RCX=0x00007f5c1d3d0b4c: <offset 0x526b4c> in /mnt/common/cshou/usr/jdk1.7.0/jre/lib/amd64/server/libjvm.so at 0x00007f5c1ceaa000
RDX=0x00007f5c10d88700 is pointing into the stack for thread: 0x0000000001373800
RSP=0x00007f5c10d88640 is pointing into the stack for thread: 0x0000000001373800
RBP=0x00007f5c10d88670 is pointing into the stack for thread: 0x0000000001373800
RSI=0x0000000000000000 is an unknown value
RDI=0x00007f5c10d886a0 is pointing into the stack for thread: 0x0000000001373800
R8 =0x00007f5c1426bd38 is an unknown value
R9 =0x00007f5c1426bd40 is an unknown value
R10=0x00007f5c1d3d0ad0: <offset 0x526ad0> in /mnt/common/cshou/usr/jdk1.7.0/jre/lib/amd64/server/libjvm.so at 0x00007f5c1ceaa000
R11=0x0000000000000000 is an unknown value
R12=0x00007f5c10d88700 is pointing into the stack for thread: 0x0000000001373800
R13=0x00007f5c10d886e0 is pointing into the stack for thread: 0x0000000001373800
R14=0x0000000000000000 is an unknown value
R15=0x00000000013739d0 is an unknown value


Stack: [0x00007f5c10589000,0x00007f5c10d8a000],  sp=0x00007f5c10d88640,  free space=8189k
Native frames: (J=compiled Java code, j=interpreted, Vv=VM code, C=native code)
V  [libjvm.so+0x53f50b]  JNI_ArgumentPusherVaArg::JNI_ArgumentPusherVaArg(_jmethodID*, __va_list_tag*)+0x1b
V  [libjvm.so+0x526c1c]  jni_CallVoidMethod+0x14c
C  [libFusionFUSE.so+0x1de0]  spade_receivefile+0x107
C  [libFusionFUSE.so+0x329e]  bridge_receivefile+0x1d5
C  [libFusionFUSE.so+0x3855]  dispatch+0x20b


---------------  P R O C E S S  ---------------

Java Threads: ( => current thread )
=>0x0000000001373800 JavaThread "Thread-12" [_thread_in_vm, id=25115, stack(0x00007f5c10589000,0x00007f5c10d8a000)]
  0x00007f5c0c4d2000 JavaThread "FusionFUSEServer-Thread" [_thread_in_native, id=25108, stack(0x00007f5c10e8b000,0x00007f5c10f8c000)]
  0x00007f5c0c1f2000 JavaThread "Timer-0" daemon [_thread_blocked, id=25107, stack(0x00007f5c113ce000,0x00007f5c114cf000)]
  0x00007f5c0c188800 JavaThread "901400531@qtp-232284312-1 - Acceptor0 SelectChannelConnector@localhost:7474" [_thread_in_native, id=25106, stack(0x00007f5c117c7000,0x00007f5c118c8000)]
  0x00007f5c0c172800 JavaThread "268686998@qtp-232284312-0" [_thread_blocked, id=25105, stack(0x00007f5c116c6000,0x00007f5c117c7000)]
  0x00007f5c0c16c800 JavaThread "Statistics Gatherer[primitives]" [_thread_blocked, id=25104, stack(0x00007f5c11fd7000,0x00007f5c120d8000)]
  0x00007f5c0c16a000 JavaThread "RRD4J Sync Pool [Thread-1]" daemon [_thread_blocked, id=25103, stack(0x00007f5c121d9000,0x00007f5c122da000)]
  0x00007f5c14393800 JavaThread "Neo4j UDC Timer" daemon [_thread_blocked, id=25100, stack(0x00007f5c118d0000,0x00007f5c119d1000)]
  0x0000000000b1f000 JavaThread "remoteSketch-Thread" [_thread_in_native, id=25099, stack(0x00007f5c119d1000,0x00007f5c11ad2000)]
  0x0000000000b3c000 JavaThread "remoteQuery-Thread" [_thread_in_native, id=25098, stack(0x00007f5c11ad2000,0x00007f5c11bd3000)]
  0x0000000000b39800 JavaThread "querySocket-Thread" [_thread_in_native, id=25097, stack(0x00007f5c11bd3000,0x00007f5c11cd4000)]
  0x0000000000b37800 JavaThread "controlSocket-Thread" [_thread_in_native, id=25096, stack(0x00007f5c11cd4000,0x00007f5c11dd5000)]
  0x0000000000b35800 JavaThread "mainSPADE-Thread" [_thread_blocked, id=25095, stack(0x00007f5c11dd5000,0x00007f5c11ed6000)]
  0x00007f5c14307800 JavaThread "DestroyJavaVM" [_thread_blocked, id=25073, stack(0x00007f5c1e5fd000,0x00007f5c1e6fe000)]
  0x00007f5c14303800 JavaThread "Wrapper-Connection" daemon [_thread_in_native, id=25092, stack(0x00007f5c120d8000,0x00007f5c121d9000)]
  0x00007f5c142fd800 JavaThread "Wrapper-Control-Event-Monitor" daemon [_thread_blocked, id=25090, stack(0x00007f5c122da000,0x00007f5c123db000)]
  0x00007f5c140d7800 JavaThread "Service Thread" daemon [_thread_blocked, id=25088, stack(0x00007f5c12df2000,0x00007f5c12ef3000)]
  0x00007f5c140d5000 JavaThread "C2 CompilerThread1" daemon [_thread_blocked, id=25087, stack(0x00007f5c12ef3000,0x00007f5c12ff4000)]
  0x00007f5c140d1800 JavaThread "C2 CompilerThread0" daemon [_thread_blocked, id=25086, stack(0x00007f5c12ff4000,0x00007f5c130f5000)]
  0x00007f5c140cf800 JavaThread "Signal Dispatcher" daemon [_thread_blocked, id=25085, stack(0x00007f5c130f5000,0x00007f5c131f6000)]
  0x00007f5c1407d000 JavaThread "Finalizer" daemon [_thread_blocked, id=25084, stack(0x00007f5c13235000,0x00007f5c13336000)]
  0x00007f5c1407a800 JavaThread "Reference Handler" daemon [_thread_blocked, id=25083, stack(0x00007f5c13336000,0x00007f5c13437000)]

Other Threads:
  0x00007f5c14073000 VMThread [stack: 0x00007f5c13437000,0x00007f5c13538000] [id=25082]
  0x0000000000a15800 WatcherThread [stack: 0x00007f5c12cf1000,0x00007f5c12df2000] [id=25089]

VM state:not at safepoint (normal execution)

VM Mutex/Monitor currently owned by a thread: None

Heap
 PSYoungGen      total 136512K, used 15778K [0x00000000f5560000, 0x00000000fe000000, 0x0000000100000000)
  eden space 131072K, 7% used [0x00000000f5560000,0x00000000f5f79720,0x00000000fd560000)
  from space 5440K, 99% used [0x00000000fdab0000,0x00000000fdfff2e0,0x00000000fe000000)
  to   space 5440K, 0% used [0x00000000fd560000,0x00000000fd560000,0x00000000fdab0000)
 PSOldGen        total 87424K, used 5042K [0x00000000e0000000, 0x00000000e5560000, 0x00000000f5560000)
  object space 87424K, 5% used [0x00000000e0000000,0x00000000e04ec950,0x00000000e5560000)
 PSPermGen       total 21248K, used 20237K [0x00000000dae00000, 0x00000000dc2c0000, 0x00000000e0000000)
  object space 21248K, 95% used [0x00000000dae00000,0x00000000dc1c34f0,0x00000000dc2c0000)

Code Cache  [0x00007f5c18b8c000, 0x00007f5c18dfc000, 0x00007f5c1bb8c000)
 total_blobs=1006 nmethods=639 adapters=319 free_code_cache=47303Kb largest_free_block=48387840

Dynamic libraries:
00400000-00401000 r-xp 00000000 00:1a 80519281                           /mnt/common/cshou/usr/jdk1.7.0/bin/java
00600000-00601000 rw-p 00000000 00:1a 80519281                           /mnt/common/cshou/usr/jdk1.7.0/bin/java
009db000-01752000 rw-p 009db000 00:00 0                                  [heap]
dae00000-dc2c0000 rw-p dae00000 00:00 0 
dc2c0000-e0000000 rw-p dc2c0000 00:00 0 
e0000000-e5560000 rw-p e0000000 00:00 0 
e5560000-f5560000 rw-p e5560000 00:00 0 
f5560000-fe000000 rw-p f5560000 00:00 0 
fe000000-100000000 rw-p fe000000 00:00 0 
7f5c0c000000-7f5c0c4e8000 rw-p 7f5c0c000000 00:00 0 
7f5c0c4e8000-7f5c10000000 ---p 7f5c0c4e8000 00:00 0 
7f5c10589000-7f5c1058c000 ---p 7f5c10589000 00:00 0 
7f5c1058c000-7f5c10d8a000 rw-p 7f5c1058c000 00:00 0 
7f5c10d8a000-7f5c10d8d000 ---p 7f5c10d8a000 00:00 0 
7f5c10d8d000-7f5c10e8b000 rw-p 7f5c10d8d000 00:00 0 
7f5c10e8b000-7f5c10e8e000 ---p 7f5c10e8b000 00:00 0 
7f5c10e8e000-7f5c10f8c000 rw-p 7f5c10e8e000 00:00 0 
7f5c10f8c000-7f5c10fb6000 r-xp 00000000 00:1a 80207915                   /mnt/common/cshou/usr/lib/libfuse.so.2.9.1
7f5c10fb6000-7f5c111b5000 ---p 0002a000 00:1a 80207915                   /mnt/common/cshou/usr/lib/libfuse.so.2.9.1
7f5c111b5000-7f5c111c7000 r--p 00029000 00:1a 80207915                   /mnt/common/cshou/usr/lib/libfuse.so.2.9.1
7f5c111c7000-7f5c111c8000 rw-p 0003b000 00:1a 80207915                   /mnt/common/cshou/usr/lib/libfuse.so.2.9.1
7f5c111c8000-7f5c111cd000 r-xp 00000000 fc:05 7403159                    /home/cshou/SPADE/lib/libFusionFUSE.so
7f5c111cd000-7f5c113cc000 ---p 00005000 fc:05 7403159                    /home/cshou/SPADE/lib/libFusionFUSE.so
7f5c113cc000-7f5c113cd000 r--p 00004000 fc:05 7403159                    /home/cshou/SPADE/lib/libFusionFUSE.so
7f5c113cd000-7f5c113ce000 rw-p 00005000 fc:05 7403159                    /home/cshou/SPADE/lib/libFusionFUSE.so
7f5c113ce000-7f5c113d1000 ---p 7f5c113ce000 00:00 0 
7f5c113d1000-7f5c114cf000 rw-p 7f5c113d1000 00:00 0 
7f5c114cf000-7f5c114d8000 r--s 00254000 00:1a 80535581                   /mnt/common/cshou/usr/jdk1.7.0/jre/lib/resources.jar
7f5c114d8000-7f5c116c6000 rw-s 00000000 fc:05 7403206                    /home/cshou/SPADE/database/rrd
7f5c116c6000-7f5c116c9000 ---p 7f5c116c6000 00:00 0 
7f5c116c9000-7f5c117c7000 rw-p 7f5c116c9000 00:00 0 
7f5c117c7000-7f5c117ca000 ---p 7f5c117c7000 00:00 0 
7f5c117ca000-7f5c118c8000 rw-p 7f5c117ca000 00:00 0 
7f5c118c8000-7f5c118cc000 r--s 00088000 00:1a 80535566                   /mnt/common/cshou/usr/jdk1.7.0/jre/lib/jsse.jar
7f5c118cc000-7f5c118d0000 r--s 000f6000 00:1a 80683046                   /mnt/common/cshou/usr/jdk1.7.0/jre/lib/ext/localedata.jar
7f5c118d0000-7f5c118d3000 ---p 7f5c118d0000 00:00 0 
7f5c118d3000-7f5c119d1000 rw-p 7f5c118d3000 00:00 0 
7f5c119d1000-7f5c119d4000 ---p 7f5c119d1000 00:00 0 
7f5c119d4000-7f5c11ad2000 rw-p 7f5c119d4000 00:00 0 
7f5c11ad2000-7f5c11ad5000 ---p 7f5c11ad2000 00:00 0 
7f5c11ad5000-7f5c11bd3000 rw-p 7f5c11ad5000 00:00 0 
7f5c11bd3000-7f5c11bd6000 ---p 7f5c11bd3000 00:00 0 
7f5c11bd6000-7f5c11cd4000 rw-p 7f5c11bd6000 00:00 0 
7f5c11cd4000-7f5c11cd7000 ---p 7f5c11cd4000 00:00 0 
7f5c11cd7000-7f5c11dd5000 rw-p 7f5c11cd7000 00:00 0 
7f5c11dd5000-7f5c11dd8000 ---p 7f5c11dd5000 00:00 0 
7f5c11dd8000-7f5c11ed6000 rw-p 7f5c11dd8000 00:00 0 
7f5c11ed6000-7f5c11ed9000 ---p 7f5c11ed6000 00:00 0 
7f5c11ed9000-7f5c11fd7000 rw-p 7f5c11ed9000 00:00 0 
7f5c11fd7000-7f5c11fda000 ---p 7f5c11fd7000 00:00 0 
7f5c11fda000-7f5c120d8000 rw-p 7f5c11fda000 00:00 0 
7f5c120d8000-7f5c120db000 ---p 7f5c120d8000 00:00 0 
7f5c120db000-7f5c121d9000 rw-p 7f5c120db000 00:00 0 
7f5c121d9000-7f5c121dc000 ---p 7f5c121d9000 00:00 0 
7f5c121dc000-7f5c122da000 rw-p 7f5c121dc000 00:00 0 
7f5c122da000-7f5c122dd000 ---p 7f5c122da000 00:00 0 
7f5c122dd000-7f5c123db000 rw-p 7f5c122dd000 00:00 0 
7f5c123db000-7f5c123e4000 r-xp 00000000 fc:05 7403841                    /home/cshou/SPADE/lib/libwrapper-linux-x86-64.so
7f5c123e4000-7f5c124e4000 ---p 00009000 fc:05 7403841                    /home/cshou/SPADE/lib/libwrapper-linux-x86-64.so
7f5c124e4000-7f5c124e5000 rw-p 00009000 fc:05 7403841                    /home/cshou/SPADE/lib/libwrapper-linux-x86-64.so
7f5c124e5000-7f5c124ed000 r-xp 00000000 00:1a 80699451                   /mnt/common/cshou/usr/jdk1.7.0/jre/lib/amd64/libmanagement.so
7f5c124ed000-7f5c126ec000 ---p 00008000 00:1a 80699451                   /mnt/common/cshou/usr/jdk1.7.0/jre/lib/amd64/libmanagement.so
7f5c126ec000-7f5c126ed000 rw-p 00007000 00:1a 80699451                   /mnt/common/cshou/usr/jdk1.7.0/jre/lib/amd64/libmanagement.so
7f5c126ed000-7f5c12702000 r-xp 00000000 00:1a 80699433                   /mnt/common/cshou/usr/jdk1.7.0/jre/lib/amd64/libnet.so
7f5c12702000-7f5c12902000 ---p 00015000 00:1a 80699433                   /mnt/common/cshou/usr/jdk1.7.0/jre/lib/amd64/libnet.so
7f5c12902000-7f5c12903000 rw-p 00015000 00:1a 80699433                   /mnt/common/cshou/usr/jdk1.7.0/jre/lib/amd64/libnet.so
7f5c12903000-7f5c12913000 r-xp 00000000 00:1a 80699463                   /mnt/common/cshou/usr/jdk1.7.0/jre/lib/amd64/libnio.so
7f5c12913000-7f5c12b13000 ---p 00010000 00:1a 80699463                   /mnt/common/cshou/usr/jdk1.7.0/jre/lib/amd64/libnio.so
7f5c12b13000-7f5c12b14000 rw-p 00010000 00:1a 80699463                   /mnt/common/cshou/usr/jdk1.7.0/jre/lib/amd64/libnio.so
7f5c12b14000-7f5c12b17000 r--s 0001b000 fc:05 7403850                    /home/cshou/SPADE/lib/wrapper.jar
7f5c12b17000-7f5c12b19000 r--s 00005000 fc:05 7403855                    /home/cshou/SPADE/lib/stax-api-1.0.1.jar
7f5c12b19000-7f5c12b1b000 r--s 00001000 fc:05 7403893                    /home/cshou/SPADE/lib/slf4j-jdk14-1.6.1.jar
7f5c12b1b000-7f5c12b1d000 r--s 00005000 fc:05 7403843                    /home/cshou/SPADE/lib/slf4j-api-1.6.1.jar
7f5c12b1d000-7f5c12b1f000 r--s 0001f000 fc:05 7403852                    /home/cshou/SPADE/lib/servlet-api-2.5-20081211.jar
7f5c12b1f000-7f5c12b22000 r--s 0001a000 fc:05 7403876                    /home/cshou/SPADE/lib/server-api-1.5.jar
7f5c12b22000-7f5c12ba1000 r--s 007f6000 fc:05 7403861                    /home/cshou/SPADE/lib/scala-library-2.9.0-1.jar
7f5c12ba1000-7f5c12ba5000 r--s 00096000 fc:05 7403889                    /home/cshou/SPADE/lib/rrd4j-2.0.7.jar
7f5c12ba5000-7f5c12ba8000 r--s 00014000 fc:05 7403871                    /home/cshou/SPADE/lib/pipes-0.8.jar
7f5c12ba8000-7f5c12ba9000 r--s 00006000 fc:05 7403886                    /home/cshou/SPADE/lib/neo4j-udc-1.5.jar
7f5c12ba9000-7f5c12bab000 r--s 00015000 fc:05 7403890                    /home/cshou/SPADE/lib/org.apache.servicemix.bundles.jline-0.9.94_1.jar
7f5c12bab000-7f5c12bae000 r--s 00032000 fc:05 7403880                    /home/cshou/SPADE/lib/neo4j-shell-1.5.jar
7f5c12bae000-7f5c12bbb000 r--s 000a1000 fc:05 7403863                    /home/cshou/SPADE/lib/neo4j-server-1.5.jar
7f5c12bbb000-7f5c12bdb000 r--s 001d1000 fc:05 7403859                    /home/cshou/SPADE/lib/neo4j-server-1.5-static-web.jar
7f5c12bdb000-7f5c12bde000 r--s 0001f000 fc:05 7403835                    /home/cshou/SPADE/lib/neo4j-lucene-index-1.5.jar
7f5c12bde000-7f5c12bf1000 r--s 000de000 fc:05 7403842                    /home/cshou/SPADE/lib/neo4j-kernel-1.5.jar
7f5c12bf1000-7f5c12bf3000 r--s 00009000 fc:05 7403888                    /home/cshou/SPADE/lib/neo4j-jmx-1.5.jar
7f5c12bf3000-7f5c12bf4000 r--s 00002000 fc:05 7403830                    /home/cshou/SPADE/lib/neo4j-gremlin-plugin-1.5.jar
7f5c12bf4000-7f5c12bf6000 r--s 0000b000 fc:05 7403867                    /home/cshou/SPADE/lib/neo4j-graph-matching-1.5.jar
7f5c12bf6000-7f5c12bfa000 r--s 00022000 fc:05 7403837                    /home/cshou/SPADE/lib/neo4j-graph-algo-1.5.jar
7f5c12bfa000-7f5c12bfc000 r--s 00001000 fc:05 7403879                    /home/cshou/SPADE/lib/neo4j-cypher-plugin-1.5.jar
7f5c12bfc000-7f5c12c0f000 r--s 000c9000 fc:05 7403847                    /home/cshou/SPADE/lib/neo4j-cypher-1.5.jar
7f5c12c0f000-7f5c12c10000 r--s 00005000 fc:05 7403872                    /home/cshou/SPADE/lib/neo4j-community-1.5.jar
7f5c12c10000-7f5c12c12000 r--s 00008000 fc:05 7403862                    /home/cshou/SPADE/lib/mimepull-1.6.jar
7f5c12c12000-7f5c12c27000 r--s 00110000 fc:05 7403883                    /home/cshou/SPADE/lib/lucene-core-3.1.0.jar
7f5c12c27000-7f5c12c29000 r--s 00002000 fc:05 7403684                    /home/cshou/SPADE/lib/log4j-over-slf4j-1.6.1.jar
7f5c12c29000-7f5c12c2b000 r--s 0000a000 fc:05 7403856                    /home/cshou/SPADE/lib/jsr311-api-1.1.1.jar
7f5c12c2b000-7f5c12c2d000 r--s 00014000 fc:05 7403844                    /home/cshou/SPADE/lib/jline-0.9.94.jar
7f5c12c2d000-7f5c12c31000 r--s 00028000 fc:05 7403874                    /home/cshou/SPADE/lib/jetty-util-6.1.25.jar
7f5c12c31000-7f5c12c38000 r--s 0007d000 fc:05 7403840                    /home/cshou/SPADE/lib/jetty-6.1.25.jar
7f5c12c38000-7f5c12c3a000 r--s 00010000 fc:05 7403681                    /home/cshou/SPADE/lib/jettison-1.3.jar
7f5c12c3a000-7f5c12c4c000 r--s 0009d000 fc:05 7403868                    /home/cshou/SPADE/lib/jersey-server-1.9.jar
7f5c12c4c000-7f5c12c4e000 r--s 0000b000 fc:05 7403892                    /home/cshou/SPADE/lib/jersey-multipart-1.9.jar
7f5c12c4e000-7f5c12c58000 r--s 00066000 fc:05 7403846                    /home/cshou/SPADE/lib/jersey-core-1.9.jar
7f5c12c58000-7f5c12c5a000 r--s 00003000 fc:05 7403866                    /home/cshou/SPADE/lib/jcl-over-slf4j-1.6.1.jar
7f5c12c5a000-7f5c12c5d000 r--s 00018000 fc:05 7403857                    /home/cshou/SPADE/lib/jansi-1.5.jar
7f5c12c5d000-7f5c12c69000 r--s 00097000 fc:05 7403885                    /home/cshou/SPADE/lib/jackson-mapper-asl-1.8.3.jar
7f5c12c69000-7f5c12c6a000 r--s 00004000 fc:05 7403836                    /home/cshou/SPADE/lib/jackson-jaxrs-1.8.3.jar
7f5c12c6a000-7f5c12c6e000 r--s 00034000 fc:05 7403860                    /home/cshou/SPADE/lib/jackson-core-asl-1.8.3.jar
7f5c12c6e000-7f5c12c78000 r--s 0012b000 fc:05 7403887                    /home/cshou/SPADE/lib/h2-1.3.162.jar
7f5c12c78000-7f5c12ccb000 r--s 004f3000 fc:05 7403854                    /home/cshou/SPADE/lib/groovy-1.8.2.jar
7f5c12ccb000-7f5c12ccf000 r--s 00030000 fc:05 7403683                    /home/cshou/SPADE/lib/gremlin-1.3.jar
7f5c12ccf000-7f5c12cd0000 r--s 00003000 fc:05 7403832                    /home/cshou/SPADE/lib/geronimo-jta_1.1_spec-1.1.1.jar
7f5c12cd0000-7f5c12cd2000 r--s 0000d000 fc:05 7403833                    /home/cshou/SPADE/lib/commons-logging-1.1.1.jar
7f5c12cd2000-7f5c12cd6000 r--s 0003c000 fc:05 7403878                    /home/cshou/SPADE/lib/commons-lang-2.4.jar
7f5c12cd6000-7f5c12cd9000 r--s 00018000 fc:05 7403853                    /home/cshou/SPADE/lib/commons-io-1.4.jar
7f5c12cd9000-7f5c12cdd000 r--s 00020000 fc:05 7403877                    /home/cshou/SPADE/lib/commons-digester-1.8.1.jar
7f5c12cdd000-7f5c12ce3000 r--s 00043000 fc:05 7403685                    /home/cshou/SPADE/lib/commons-configuration-1.6.jar
7f5c12ce3000-7f5c12cf1000 r--s 0007f000 fc:05 7403838                    /home/cshou/SPADE/lib/commons-collections-3.2.1.jar
7f5c12cf1000-7f5c12cf2000 ---p 7f5c12cf1000 00:00 0 
7f5c12cf2000-7f5c12df2000 rw-p 7f5c12cf2000 00:00 0 
7f5c12df2000-7f5c12df5000 ---p 7f5c12df2000 00:00 0 
7f5c12df5000-7f5c12ef3000 rw-p 7f5c12df5000 00:00 0 
7f5c12ef3000-7f5c12ef6000 ---p 7f5c12ef3000 00:00 0 
7f5c12ef6000-7f5c12ff4000 rw-p 7f5c12ef6000 00:00 0 
7f5c12ff4000-7f5c12ff7000 ---p 7f5c12ff4000 00:00 0 
7f5c12ff7000-7f5c130f5000 rw-p 7f5c12ff7000 00:00 0 
7f5c130f5000-7f5c130f8000 ---p 7f5c130f5000 00:00 0 
7f5c130f8000-7f5c131f6000 rw-p 7f5c130f8000 00:00 0 
7f5c131f6000-7f5c13235000 r--p 00000000 00:17 131021                     /usr/lib/locale/en_US.utf8/LC_CTYPE
7f5c13235000-7f5c13238000 ---p 7f5c13235000 00:00 0 
7f5c13238000-7f5c13336000 rw-p 7f5c13238000 00:00 0 
7f5c13336000-7f5c13339000 ---p 7f5c13336000 00:00 0 
7f5c13339000-7f5c13437000 rw-p 7f5c13339000 00:00 0 
7f5c13437000-7f5c13438000 ---p 7f5c13437000 00:00 0 
7f5c13438000-7f5c13e41000 rw-p 7f5c13438000 00:00 0 
7f5c13e41000-7f5c14000000 r--s 039fa000 00:1a 80535575                   /mnt/common/cshou/usr/jdk1.7.0/jre/lib/rt.jar
7f5c14000000-7f5c14a91000 rw-p 7f5c14000000 00:00 0 
7f5c14a91000-7f5c18000000 ---p 7f5c14a91000 00:00 0 
7f5c18003000-7f5c180ee000 r--p 00000000 00:17 131024                     /usr/lib/locale/en_US.utf8/LC_COLLATE
7f5c180ee000-7f5c18186000 rw-p 7f5c180ee000 00:00 0 
7f5c18186000-7f5c18187000 ---p 7f5c18186000 00:00 0 
7f5c18187000-7f5c18287000 rw-p 7f5c18187000 00:00 0 
7f5c18287000-7f5c18288000 ---p 7f5c18287000 00:00 0 
7f5c18288000-7f5c18388000 rw-p 7f5c18288000 00:00 0 
7f5c18388000-7f5c18389000 ---p 7f5c18388000 00:00 0 
7f5c18389000-7f5c18489000 rw-p 7f5c18389000 00:00 0 
7f5c18489000-7f5c1848a000 ---p 7f5c18489000 00:00 0 
7f5c1848a000-7f5c1858a000 rw-p 7f5c1848a000 00:00 0 
7f5c1858a000-7f5c1858b000 ---p 7f5c1858a000 00:00 0 
7f5c1858b000-7f5c1868b000 rw-p 7f5c1858b000 00:00 0 
7f5c1868b000-7f5c1868c000 ---p 7f5c1868b000 00:00 0 
7f5c1868c000-7f5c1878c000 rw-p 7f5c1868c000 00:00 0 
7f5c1878c000-7f5c1878d000 ---p 7f5c1878c000 00:00 0 
7f5c1878d000-7f5c1888d000 rw-p 7f5c1878d000 00:00 0 
7f5c1888d000-7f5c1888e000 ---p 7f5c1888d000 00:00 0 
7f5c1888e000-7f5c18999000 rw-p 7f5c1888e000 00:00 0 
7f5c18999000-7f5c189b7000 rw-p 7f5c18999000 00:00 0 
7f5c189b7000-7f5c189e2000 rw-p 7f5c189b7000 00:00 0 
7f5c189e2000-7f5c18a62000 rw-p 7f5c189e2000 00:00 0 
7f5c18a62000-7f5c18a6d000 rw-p 7f5c18a62000 00:00 0 
7f5c18a6d000-7f5c18a8b000 rw-p 7f5c18a6d000 00:00 0 
7f5c18a8b000-7f5c18ab6000 rw-p 7f5c18a8b000 00:00 0 
7f5c18ab6000-7f5c18b35000 rw-p 7f5c18ab6000 00:00 0 
7f5c18b35000-7f5c18b7b000 rw-p 7f5c18b35000 00:00 0 
7f5c18b7b000-7f5c18b8b000 rw-p 7f5c18b7b000 00:00 0 
7f5c18b8b000-7f5c18b8c000 rw-p 7f5c18b8b000 00:00 0 
7f5c18b8c000-7f5c18dfc000 rwxp 7f5c18b8c000 00:00 0 
7f5c18dfc000-7f5c1bb8c000 rw-p 7f5c18dfc000 00:00 0 
7f5c1bb8c000-7f5c1bba6000 r-xp 00000000 00:1a 80699464                   /mnt/common/cshou/usr/jdk1.7.0/jre/lib/amd64/libzip.so
7f5c1bba6000-7f5c1bda6000 ---p 0001a000 00:1a 80699464                   /mnt/common/cshou/usr/jdk1.7.0/jre/lib/amd64/libzip.so
7f5c1bda6000-7f5c1bda7000 rw-p 0001a000 00:1a 80699464                   /mnt/common/cshou/usr/jdk1.7.0/jre/lib/amd64/libzip.so
7f5c1bda7000-7f5c1bdb3000 r-xp 00000000 fc:01 39071                      /lib/libnss_files-2.9.so
7f5c1bdb3000-7f5c1bfb2000 ---p 0000c000 fc:01 39071                      /lib/libnss_files-2.9.so
7f5c1bfb2000-7f5c1bfb3000 r--p 0000b000 fc:01 39071                      /lib/libnss_files-2.9.so
7f5c1bfb3000-7f5c1bfb4000 rw-p 0000c000 fc:01 39071                      /lib/libnss_files-2.9.so
7f5c1bfb4000-7f5c1bfbe000 r-xp 00000000 fc:01 39073                      /lib/libnss_nis-2.9.so
7f5c1bfbe000-7f5c1c1bd000 ---p 0000a000 fc:01 39073                      /lib/libnss_nis-2.9.so
7f5c1c1bd000-7f5c1c1be000 r--p 00009000 fc:01 39073                      /lib/libnss_nis-2.9.so
7f5c1c1be000-7f5c1c1bf000 rw-p 0000a000 fc:01 39073                      /lib/libnss_nis-2.9.so
7f5c1c1bf000-7f5c1c1d5000 r-xp 00000000 fc:01 39068                      /lib/libnsl-2.9.so
7f5c1c1d5000-7f5c1c3d5000 ---p 00016000 fc:01 39068                      /lib/libnsl-2.9.so
7f5c1c3d5000-7f5c1c3d6000 r--p 00016000 fc:01 39068                      /lib/libnsl-2.9.so
7f5c1c3d6000-7f5c1c3d7000 rw-p 00017000 fc:01 39068                      /lib/libnsl-2.9.so
7f5c1c3d7000-7f5c1c3d9000 rw-p 7f5c1c3d7000 00:00 0 
7f5c1c3d9000-7f5c1c3e1000 r-xp 00000000 fc:01 39069                      /lib/libnss_compat-2.9.so
7f5c1c3e1000-7f5c1c5e0000 ---p 00008000 fc:01 39069                      /lib/libnss_compat-2.9.so
7f5c1c5e0000-7f5c1c5e1000 r--p 00007000 fc:01 39069                      /lib/libnss_compat-2.9.so
7f5c1c5e1000-7f5c1c5e2000 rw-p 00008000 fc:01 39069                      /lib/libnss_compat-2.9.so
7f5c1c5e2000-7f5c1c60b000 r-xp 00000000 00:1a 80699448                   /mnt/common/cshou/usr/jdk1.7.0/jre/lib/amd64/libjava.so
7f5c1c60b000-7f5c1c80b000 ---p 00029000 00:1a 80699448                   /mnt/common/cshou/usr/jdk1.7.0/jre/lib/amd64/libjava.so
7f5c1c80b000-7f5c1c80d000 rw-p 00029000 00:1a 80699448                   /mnt/common/cshou/usr/jdk1.7.0/jre/lib/amd64/libjava.so
7f5c1c80d000-7f5c1c81c000 r-xp 00000000 00:1a 80699467                   /mnt/common/cshou/usr/jdk1.7.0/jre/lib/amd64/libverify.so
7f5c1c81c000-7f5c1ca1b000 ---p 0000f000 00:1a 80699467                   /mnt/common/cshou/usr/jdk1.7.0/jre/lib/amd64/libverify.so
7f5c1ca1b000-7f5c1ca1d000 rw-p 0000e000 00:1a 80699467                   /mnt/common/cshou/usr/jdk1.7.0/jre/lib/amd64/libverify.so
7f5c1ca1d000-7f5c1ca24000 r-xp 00000000 fc:01 39078                      /lib/librt-2.9.so
7f5c1ca24000-7f5c1cc23000 ---p 00007000 fc:01 39078                      /lib/librt-2.9.so
7f5c1cc23000-7f5c1cc24000 r--p 00006000 fc:01 39078                      /lib/librt-2.9.so
7f5c1cc24000-7f5c1cc25000 rw-p 00007000 fc:01 39078                      /lib/librt-2.9.so
7f5c1cc25000-7f5c1cca9000 r-xp 00000000 fc:01 39066                      /lib/libm-2.9.so
7f5c1cca9000-7f5c1cea8000 ---p 00084000 fc:01 39066                      /lib/libm-2.9.so
7f5c1cea8000-7f5c1cea9000 r--p 00083000 fc:01 39066                      /lib/libm-2.9.so
7f5c1cea9000-7f5c1ceaa000 rw-p 00084000 fc:01 39066                      /lib/libm-2.9.so
7f5c1ceaa000-7f5c1d87a000 r-xp 00000000 00:1a 81494051                   /mnt/common/cshou/usr/jdk1.7.0/jre/lib/amd64/server/libjvm.so
7f5c1d87a000-7f5c1da7a000 ---p 009d0000 00:1a 81494051                   /mnt/common/cshou/usr/jdk1.7.0/jre/lib/amd64/server/libjvm.so
7f5c1da7a000-7f5c1db15000 rw-p 009d0000 00:1a 81494051                   /mnt/common/cshou/usr/jdk1.7.0/jre/lib/amd64/server/libjvm.so
7f5c1db15000-7f5c1db4e000 rw-p 7f5c1db15000 00:00 0 
7f5c1db4e000-7f5c1dcb6000 r-xp 00000000 fc:01 39062                      /lib/libc-2.9.so
7f5c1dcb6000-7f5c1deb6000 ---p 00168000 fc:01 39062                      /lib/libc-2.9.so
7f5c1deb6000-7f5c1deba000 r--p 00168000 fc:01 39062                      /lib/libc-2.9.so
7f5c1deba000-7f5c1debb000 rw-p 0016c000 fc:01 39062                      /lib/libc-2.9.so
7f5c1debb000-7f5c1dec0000 rw-p 7f5c1debb000 00:00 0 
7f5c1dec0000-7f5c1dec2000 r-xp 00000000 fc:01 39065                      /lib/libdl-2.9.so
7f5c1dec2000-7f5c1e0c2000 ---p 00002000 fc:01 39065                      /lib/libdl-2.9.so
7f5c1e0c2000-7f5c1e0c3000 r--p 00002000 fc:01 39065                      /lib/libdl-2.9.so
7f5c1e0c3000-7f5c1e0c4000 rw-p 00003000 fc:01 39065                      /lib/libdl-2.9.so
7f5c1e0c4000-7f5c1e0da000 r-xp 00000000 00:1a 81502251                   /mnt/common/cshou/usr/jdk1.7.0/jre/lib/amd64/jli/libjli.so
7f5c1e0da000-7f5c1e2d9000 ---p 00016000 00:1a 81502251                   /mnt/common/cshou/usr/jdk1.7.0/jre/lib/amd64/jli/libjli.so
7f5c1e2d9000-7f5c1e2da000 rw-p 00015000 00:1a 81502251                   /mnt/common/cshou/usr/jdk1.7.0/jre/lib/amd64/jli/libjli.so
7f5c1e2da000-7f5c1e2f1000 r-xp 00000000 fc:01 39076                      /lib/libpthread-2.9.so
7f5c1e2f1000-7f5c1e4f0000 ---p 00017000 fc:01 39076                      /lib/libpthread-2.9.so
7f5c1e4f0000-7f5c1e4f1000 r--p 00016000 fc:01 39076                      /lib/libpthread-2.9.so
7f5c1e4f1000-7f5c1e4f2000 rw-p 00017000 fc:01 39076                      /lib/libpthread-2.9.so
7f5c1e4f2000-7f5c1e4f6000 rw-p 7f5c1e4f2000 00:00 0 
7f5c1e4f6000-7f5c1e516000 r-xp 00000000 fc:01 39056                      /lib/ld-2.9.so
7f5c1e518000-7f5c1e519000 rw-p 7f5c1e518000 00:00 0 
7f5c1e519000-7f5c1e51d000 r--s 0002f000 fc:05 7403864                    /home/cshou/SPADE/lib/commons-beanutils-core-1.8.0.jar
7f5c1e51d000-7f5c1e522000 r--s 00034000 fc:05 7403845                    /home/cshou/SPADE/lib/commons-beanutils-1.8.0.jar
7f5c1e522000-7f5c1e524000 r--s 00005000 fc:05 7403884                    /home/cshou/SPADE/lib/blueprints-neo4j-graph-1.0.jar
7f5c1e524000-7f5c1e527000 r--s 00014000 fc:05 7403891                    /home/cshou/SPADE/lib/blueprints-core-1.0.jar
7f5c1e527000-7f5c1e528000 r--s 00008000 fc:05 7403858                    /home/cshou/SPADE/lib/asm-util-3.2.jar
7f5c1e528000-7f5c1e52a000 r--s 00004000 fc:05 7403870                    /home/cshou/SPADE/lib/asm-tree-3.2.jar
7f5c1e52a000-7f5c1e52c000 r--s 00007000 fc:05 7403865                    /home/cshou/SPADE/lib/asm-commons-3.2.jar
7f5c1e52c000-7f5c1e52d000 r--s 00004000 fc:05 7403881                    /home/cshou/SPADE/lib/asm-analysis-3.2.jar
7f5c1e52d000-7f5c1e52e000 r--s 0000a000 fc:05 7403869                    /home/cshou/SPADE/lib/asm-3.1.jar
7f5c1e52e000-7f5c1e533000 r--s 00068000 fc:05 7403875                    /home/cshou/SPADE/lib/antlr-2.7.7.jar
7f5c1e533000-7f5c1e534000 r--p 00000000 00:17 131022                     /usr/lib/locale/en_US.utf8/LC_NUMERIC
7f5c1e534000-7f5c1e535000 r--p 00000000 00:17 131023                     /usr/lib/locale/en_US.utf8/LC_TIME
7f5c1e535000-7f5c1e536000 r--p 00000000 00:17 131025                     /usr/lib/locale/en_US.utf8/LC_MONETARY
7f5c1e536000-7f5c1e53d000 r--s 00000000 00:17 122285                     /usr/lib/gconv/gconv-modules.cache
7f5c1e53d000-7f5c1e547000 rw-p 7f5c1e53d000 00:00 0 
7f5c1e547000-7f5c1e5fd000 rw-p 7f5c1e547000 00:00 0 
7f5c1e5fd000-7f5c1e600000 ---p 7f5c1e5fd000 00:00 0 
7f5c1e600000-7f5c1e701000 rw-p 7f5c1e600000 00:00 0 
7f5c1e701000-7f5c1e702000 r--p 00000000 00:17 131027                     /usr/lib/locale/en_US.utf8/LC_MESSAGES/SYS_LC_MESSAGES
7f5c1e702000-7f5c1e703000 r--p 00000000 00:17 131028                     /usr/lib/locale/en_US.utf8/LC_PAPER
7f5c1e703000-7f5c1e704000 r--p 00000000 00:17 131029                     /usr/lib/locale/en_US.utf8/LC_NAME
7f5c1e704000-7f5c1e705000 r--p 00000000 00:17 131030                     /usr/lib/locale/en_US.utf8/LC_ADDRESS
7f5c1e705000-7f5c1e706000 r--p 00000000 00:17 131031                     /usr/lib/locale/en_US.utf8/LC_TELEPHONE
7f5c1e706000-7f5c1e707000 r--p 00000000 00:17 131032                     /usr/lib/locale/en_US.utf8/LC_MEASUREMENT
7f5c1e707000-7f5c1e708000 r--p 00000000 00:17 131033                     /usr/lib/locale/en_US.utf8/LC_IDENTIFICATION
7f5c1e708000-7f5c1e710000 rw-s 00000000 fc:04 870914                     /tmp/hsperfdata_cshou/25072
7f5c1e710000-7f5c1e711000 rw-p 7f5c1e710000 00:00 0 
7f5c1e711000-7f5c1e712000 r--p 7f5c1e711000 00:00 0 
7f5c1e712000-7f5c1e715000 rw-p 7f5c1e712000 00:00 0 
7f5c1e715000-7f5c1e716000 r--p 0001f000 fc:01 39056                      /lib/ld-2.9.so
7f5c1e716000-7f5c1e717000 rw-p 00020000 fc:01 39056                      /lib/ld-2.9.so
7fff26700000-7fff26716000 rw-p 7ffffffe9000 00:00 0                      [stack]
7fff267fd000-7fff267fe000 r-xp 7fff267fd000 00:00 0                      [vdso]
ffffffffff600000-ffffffffff601000 r-xp 00000000 00:00 0                  [vsyscall]

VM Arguments:
jvm_args: -Xms128m -Xmx512m -Djava.library.path=../../lib -Dwrapper.key=EYz29rIHPEJ_xwOo -Dwrapper.port=32000 -Dwrapper.jvm.port.min=31000 -Dwrapper.jvm.port.max=31999 -Dwrapper.pid=24992 -Dwrapper.version=3.5.13 -Dwrapper.native_library=wrapper -Dwrapper.cpu.timeout=10 -Dwrapper.jvmid=2 
java_command: org.tanukisoftware.wrapper.WrapperSimpleApp spade.core.Kernel
Launcher Type: SUN_STANDARD

Environment Variables:
JAVA_HOME=/mnt/common/cshou/usr/jdk1.7.0
PATH=/mnt/common/cshou/usr/jdk1.7.0/bin:/usr/local/sbin:/usr/local/bin:/usr/sbin:/usr/bin:/sbin:/bin:/usr/games
LD_LIBRARY_PATH=/mnt/common/cshou/usr/include:/mnt/common/cshou/usr/lib:/mnt/common/cshou/FusionFS/fusionFS/src/ffsnet:/mnt/common/cshou/FusionFS/fusionFS/src/udt/src:/mnt/common/cshou/FusionFS/fusionFS/src/provenance
SHELL=/bin/bash

Signal Handlers:
SIGSEGV: [libjvm.so+0x84be70], sa_mask[0]=0x7ffbfeff, sa_flags=0x10000004
SIGBUS: [libjvm.so+0x84be70], sa_mask[0]=0x7ffbfeff, sa_flags=0x10000004
SIGFPE: [libjvm.so+0x6f3820], sa_mask[0]=0x7ffbfeff, sa_flags=0x10000004
SIGPIPE: [libjvm.so+0x6f3820], sa_mask[0]=0x7ffbfeff, sa_flags=0x10000004
SIGXFSZ: [libjvm.so+0x6f3820], sa_mask[0]=0x7ffbfeff, sa_flags=0x10000004
SIGILL: [libjvm.so+0x6f3820], sa_mask[0]=0x7ffbfeff, sa_flags=0x10000004
SIGUSR1: SIG_DFL, sa_mask[0]=0x00000000, sa_flags=0x00000000
SIGUSR2: [libjvm.so+0x6f3190], sa_mask[0]=0x00000000, sa_flags=0x10000004
SIGHUP: [libwrapper-linux-x86-64.so+0x5390], sa_mask[0]=0x00000001, sa_flags=0x10000000
SIGINT: [libwrapper-linux-x86-64.so+0x53f0], sa_mask[0]=0x00000002, sa_flags=0x10000000
SIGTERM: [libwrapper-linux-x86-64.so+0x53c0], sa_mask[0]=0x00004000, sa_flags=0x10000000
SIGQUIT: [libjvm.so+0x6f5650], sa_mask[0]=0x7ffbfeff, sa_flags=0x10000004


---------------  S Y S T E M  ---------------

OS:5.0

uname:Linux 2.6.28.10 #1 SMP Wed Oct 7 17:08:41 CDT 2009 x86_64
libc:glibc 2.9 NPTL 2.9 
rlimit: STACK 8192k, CORE 0k, NPROC infinity, NOFILE 1024, AS infinity
load average:0.16 0.12 0.12

/proc/meminfo:
MemTotal:        8090076 kB
MemFree:         7252028 kB
Buffers:          199444 kB
Cached:           392004 kB
SwapCached:            0 kB
Active:           398128 kB
Inactive:         348764 kB
Active(anon):     155716 kB
Inactive(anon):        0 kB
Active(file):     242412 kB
Inactive(file):   348764 kB
Unevictable:           0 kB
Mlocked:               0 kB
SwapTotal:       7999480 kB
SwapFree:        7999480 kB
Dirty:              1364 kB
Writeback:             0 kB
AnonPages:        155556 kB
Mapped:            18228 kB
Slab:              54564 kB
SReclaimable:      40792 kB
SUnreclaim:        13772 kB
PageTables:         2488 kB
NFS_Unstable:          0 kB
Bounce:                0 kB
WritebackTmp:          0 kB
CommitLimit:    12044516 kB
Committed_AS:     441296 kB
VmallocTotal:   34359738367 kB
VmallocUsed:      282952 kB
VmallocChunk:   34359447215 kB
HugePages_Total:       0
HugePages_Free:        0
HugePages_Rsvd:        0
HugePages_Surp:        0
Hugepagesize:       2048 kB
DirectMap4k:        9920 kB
DirectMap2M:     8378368 kB


CPU:total 8 (4 cores per cpu, 1 threads per core) family 16 model 4 stepping 2, cmov, cx8, fxsr, mmx, sse, sse2, sse3, popcnt, mmxext, 3dnowpref, lzcnt, sse4a

/proc/cpuinfo:
processor	: 0
vendor_id	: AuthenticAMD
cpu family	: 16
model		: 4
model name	: Quad-Core AMD Opteron(tm) Processor 2376
stepping	: 2
cpu MHz		: 800.000
cache size	: 512 KB
physical id	: 0
siblings	: 4
core id		: 0
cpu cores	: 4
apicid		: 0
initial apicid	: 0
fpu		: yes
fpu_exception	: yes
cpuid level	: 5
wp		: yes
flags		: fpu vme de pse tsc msr pae mce cx8 apic sep mtrr pge mca cmov pat pse36 clflush mmx fxsr sse sse2 ht syscall nx mmxext fxsr_opt pdpe1gb rdtscp lm 3dnowext 3dnow constant_tsc rep_good pni monitor cx16 lahf_lm cmp_legacy svm extapic cr8_legacy abm sse4a misalignsse 3dnowprefetch osvw ibs skinit wdt
bogomips	: 4600.62
TLB size	: 1024 4K pages
clflush size	: 64
cache_alignment	: 64
address sizes	: 48 bits physical, 48 bits virtual
power management: ts ttp tm stc 100mhzsteps hwpstate

processor	: 1
vendor_id	: AuthenticAMD
cpu family	: 16
model		: 4
model name	: Quad-Core AMD Opteron(tm) Processor 2376
stepping	: 2
cpu MHz		: 800.000
cache size	: 512 KB
physical id	: 0
siblings	: 4
core id		: 1
cpu cores	: 4
apicid		: 1
initial apicid	: 1
fpu		: yes
fpu_exception	: yes
cpuid level	: 5
wp		: yes
flags		: fpu vme de pse tsc msr pae mce cx8 apic sep mtrr pge mca cmov pat pse36 clflush mmx fxsr sse sse2 ht syscall nx mmxext fxsr_opt pdpe1gb rdtscp lm 3dnowext 3dnow constant_tsc rep_good pni monitor cx16 lahf_lm cmp_legacy svm extapic cr8_legacy abm sse4a misalignsse 3dnowprefetch osvw ibs skinit wdt
bogomips	: 4600.27
TLB size	: 1024 4K pages
clflush size	: 64
cache_alignment	: 64
address sizes	: 48 bits physical, 48 bits virtual
power management: ts ttp tm stc 100mhzsteps hwpstate

processor	: 2
vendor_id	: AuthenticAMD
cpu family	: 16
model		: 4
model name	: Quad-Core AMD Opteron(tm) Processor 2376
stepping	: 2
cpu MHz		: 800.000
cache size	: 512 KB
physical id	: 0
siblings	: 4
core id		: 2
cpu cores	: 4
apicid		: 2
initial apicid	: 2
fpu		: yes
fpu_exception	: yes
cpuid level	: 5
wp		: yes
flags		: fpu vme de pse tsc msr pae mce cx8 apic sep mtrr pge mca cmov pat pse36 clflush mmx fxsr sse sse2 ht syscall nx mmxext fxsr_opt pdpe1gb rdtscp lm 3dnowext 3dnow constant_tsc rep_good pni monitor cx16 lahf_lm cmp_legacy svm extapic cr8_legacy abm sse4a misalignsse 3dnowprefetch osvw ibs skinit wdt
bogomips	: 4600.25
TLB size	: 1024 4K pages
clflush size	: 64
cache_alignment	: 64
address sizes	: 48 bits physical, 48 bits virtual
power management: ts ttp tm stc 100mhzsteps hwpstate

processor	: 3
vendor_id	: AuthenticAMD
cpu family	: 16
model		: 4
model name	: Quad-Core AMD Opteron(tm) Processor 2376
stepping	: 2
cpu MHz		: 800.000
cache size	: 512 KB
physical id	: 0
siblings	: 4
core id		: 3
cpu cores	: 4
apicid		: 3
initial apicid	: 3
fpu		: yes
fpu_exception	: yes
cpuid level	: 5
wp		: yes
flags		: fpu vme de pse tsc msr pae mce cx8 apic sep mtrr pge mca cmov pat pse36 clflush mmx fxsr sse sse2 ht syscall nx mmxext fxsr_opt pdpe1gb rdtscp lm 3dnowext 3dnow constant_tsc rep_good pni monitor cx16 lahf_lm cmp_legacy svm extapic cr8_legacy abm sse4a misalignsse 3dnowprefetch osvw ibs skinit wdt
bogomips	: 4600.18
TLB size	: 1024 4K pages
clflush size	: 64
cache_alignment	: 64
address sizes	: 48 bits physical, 48 bits virtual
power management: ts ttp tm stc 100mhzsteps hwpstate

processor	: 4
vendor_id	: AuthenticAMD
cpu family	: 16
model		: 4
model name	: Quad-Core AMD Opteron(tm) Processor 2376
stepping	: 2
cpu MHz		: 800.000
cache size	: 512 KB
physical id	: 1
siblings	: 4
core id		: 0
cpu cores	: 4
apicid		: 4
initial apicid	: 4
fpu		: yes
fpu_exception	: yes
cpuid level	: 5
wp		: yes
flags		: fpu vme de pse tsc msr pae mce cx8 apic sep mtrr pge mca cmov pat pse36 clflush mmx fxsr sse sse2 ht syscall nx mmxext fxsr_opt pdpe1gb rdtscp lm 3dnowext 3dnow constant_tsc rep_good pni monitor cx16 lahf_lm cmp_legacy svm extapic cr8_legacy abm sse4a misalignsse 3dnowprefetch osvw ibs skinit wdt
bogomips	: 4600.25
TLB size	: 1024 4K pages
clflush size	: 64
cache_alignment	: 64
address sizes	: 48 bits physical, 48 bits virtual
power management: ts ttp tm stc 100mhzsteps hwpstate

processor	: 5
vendor_id	: AuthenticAMD
cpu family	: 16
model		: 4
model name	: Quad-Core AMD Opteron(tm) Processor 2376
stepping	: 2
cpu MHz		: 800.000
cache size	: 512 KB
physical id	: 1
siblings	: 4
core id		: 1
cpu cores	: 4
apicid		: 5
initial apicid	: 5
fpu		: yes
fpu_exception	: yes
cpuid level	: 5
wp		: yes
flags		: fpu vme de pse tsc msr pae mce cx8 apic sep mtrr pge mca cmov pat pse36 clflush mmx fxsr sse sse2 ht syscall nx mmxext fxsr_opt pdpe1gb rdtscp lm 3dnowext 3dnow constant_tsc rep_good pni monitor cx16 lahf_lm cmp_legacy svm extapic cr8_legacy abm sse4a misalignsse 3dnowprefetch osvw ibs skinit wdt
bogomips	: 4600.28
TLB size	: 1024 4K pages
clflush size	: 64
cache_alignment	: 64
address sizes	: 48 bits physical, 48 bits virtual
power management: ts ttp tm stc 100mhzsteps hwpstate

processor	: 6
vendor_id	: AuthenticAMD
cpu family	: 16
model		: 4
model name	: Quad-Core AMD Opteron(tm) Processor 2376
stepping	: 2
cpu MHz		: 800.000
cache size	: 512 KB
physical id	: 1
siblings	: 4
core id		: 2
cpu cores	: 4
apicid		: 6
initial apicid	: 6
fpu		: yes
fpu_exception	: yes
cpuid level	: 5
wp		: yes
flags		: fpu vme de pse tsc msr pae mce cx8 apic sep mtrr pge mca cmov pat pse36 clflush mmx fxsr sse sse2 ht syscall nx mmxext fxsr_opt pdpe1gb rdtscp lm 3dnowext 3dnow constant_tsc rep_good pni monitor cx16 lahf_lm cmp_legacy svm extapic cr8_legacy abm sse4a misalignsse 3dnowprefetch osvw ibs skinit wdt
bogomips	: 4600.24
TLB size	: 1024 4K pages
clflush size	: 64
cache_alignment	: 64
address sizes	: 48 bits physical, 48 bits virtual
power management: ts ttp tm stc 100mhzsteps hwpstate

processor	: 7
vendor_id	: AuthenticAMD
cpu family	: 16
model		: 4
model name	: Quad-Core AMD Opteron(tm) Processor 2376
stepping	: 2
cpu MHz		: 800.000
cache size	: 512 KB
physical id	: 1
siblings	: 4
core id		: 3
cpu cores	: 4
apicid		: 7
initial apicid	: 7
fpu		: yes
fpu_exception	: yes
cpuid level	: 5
wp		: yes
flags		: fpu vme de pse tsc msr pae mce cx8 apic sep mtrr pge mca cmov pat pse36 clflush mmx fxsr sse sse2 ht syscall nx mmxext fxsr_opt pdpe1gb rdtscp lm 3dnowext 3dnow constant_tsc rep_good pni monitor cx16 lahf_lm cmp_legacy svm extapic cr8_legacy abm sse4a misalignsse 3dnowprefetch osvw ibs skinit wdt
bogomips	: 4600.23
TLB size	: 1024 4K pages
clflush size	: 64
cache_alignment	: 64
address sizes	: 48 bits physical, 48 bits virtual
power management: ts ttp tm stc 100mhzsteps hwpstate



Memory: 4k page, physical 8090076k(7252028k free), swap 7999480k(7999480k free)

vm_info: Java HotSpot(TM) 64-Bit Server VM (21.0-b17) for linux-amd64 JRE (1.7.0-b147), built on Jun 27 2011 01:30:59 by "java_re" with gcc 4.3.0 20080428 (Red Hat 4.3.0-8)

time: Fri Oct 19 16:02:11 2012
elapsed time: 31 seconds

